#
# There is insufficient memory for the Java Runtime Environment to continue.
# Native memory allocation (mmap) failed to map 16777216 bytes for Failed to commit area from 0x0000000088000000 to 0x0000000089000000 of length 16777216.
# Possible reasons:
#   The system is out of physical RAM or swap space
#   The process is running with CompressedOops enabled, and the Java Heap may be blocking the growth of the native heap
# Possible solutions:
#   Reduce memory load on the system
#   Increase physical memory or swap space
#   Check if swap backing store is full
#   Decrease Java heap size (-Xmx/-Xms)
#   Decrease number of Java threads
#   Decrease Java thread stack sizes (-Xss)
#   Set larger code cache with -XX:ReservedCodeCacheSize=
#   JVM is running with Unscaled Compressed Oops mode in which the Java heap is
#     placed in the first 4GB address space. The Java Heap base address is the
#     maximum limit for the native heap growth. Please use -XX:HeapBaseMinAddress
#     to set the Java Heap base and to place the Java Heap above 4GB virtual address.
# This output file may be truncated or incomplete.
#
#  Out of Memory Error (./open/src/hotspot/os/windows/os_windows.cpp:3315), pid=11972, tid=8268
#
# JRE version: Java(TM) SE Runtime Environment (14.0.2+12) (build 14.0.2+12-46)
# Java VM: Java HotSpot(TM) 64-Bit Server VM (14.0.2+12-46, mixed mode, sharing, tiered, compressed oops, g1 gc, windows-amd64)
# No core dump will be written. Minidumps are not enabled by default on client versions of Windows
#

---------------  S U M M A R Y ------------

Command Line: --add-opens=java.base/java.util=ALL-UNNAMED --add-opens=java.base/java.lang=ALL-UNNAMED --add-opens=java.base/java.lang.invoke=ALL-UNNAMED --add-opens=java.prefs/java.util.prefs=ALL-UNNAMED -Xmx2048m -Dfile.encoding=UTF-8 -Duser.country=US -Duser.language=en -Duser.variant org.gradle.launcher.daemon.bootstrap.GradleDaemon 6.5

Host: Intel(R) Core(TM) i5-7200U CPU @ 2.50GHz, 4 cores, 7G,  Windows 10 , 64 bit Build 19041 (10.0.19041.928)
Time: Sat Apr 17 22:41:49 2021 SE Asia Standard Time elapsed time: 29 seconds (0d 0h 0m 29s)

---------------  T H R E A D  ---------------

Current thread (0x00000240aafeb000):  VMThread "VM Thread" [stack: 0x000000ba84000000,0x000000ba84100000] [id=8268]

Stack: [0x000000ba84000000,0x000000ba84100000]
[error occurred during error reporting (printing stack bounds), id 0xc0000005, EXCEPTION_ACCESS_VIOLATION (0xc0000005) at pc=0x0000024094f310ad]

Native frames: (J=compiled Java code, j=interpreted, Vv=VM code, C=native code)
V  [jvm.dll+0x5f8a9a]
V  [jvm.dll+0x74247a]
V  [jvm.dll+0x743c2f]
V  [jvm.dll+0x7441d5]
V  [jvm.dll+0x74418b]
V  [jvm.dll+0x5f7f6f]
V  [jvm.dll+0x5f8738]
C  [ntdll.dll+0xa207f]
C  [ntdll.dll+0x51454]
C  [ntdll.dll+0xa0bae]
C  0x0000024094f310ad

VM_Operation (0x000000ba85afe130): G1CollectForAllocation, mode: safepoint, requested by thread 0x00000240ac571000


---------------  P R O C E S S  ---------------

Threads class SMR info:
_java_thread_list=0x00000240b27c1100, length=155, elements={
0x000002408c779800, 0x00000240aafed800, 0x00000240aafef000, 0x00000240ab007800,
0x00000240ab00b800, 0x00000240ab00d000, 0x00000240ab00e000, 0x00000240ab011800,
0x00000240ab014000, 0x00000240aba59000, 0x00000240aba64800, 0x00000240acc21800,
0x00000240ace5a000, 0x00000240ad14b000, 0x00000240ad3b8000, 0x00000240ad3b8800,
0x00000240ad3ad000, 0x00000240ab9ab000, 0x00000240ab9ab800, 0x00000240ac572000,
0x00000240ac572800, 0x00000240ac571000, 0x00000240ac574800, 0x00000240ac573800,
0x00000240ac575000, 0x00000240ac576000, 0x00000240ac570800, 0x00000240ac577000,
0x00000240af7ee800, 0x00000240af7ef800, 0x00000240af7eb800, 0x00000240af7f0000,
0x00000240af7ed800, 0x00000240af7f1000, 0x00000240af7ec000, 0x00000240af7f3800,
0x00000240af7f7800, 0x00000240af7f2800, 0x00000240af7f6800, 0x00000240af7f4800,
0x00000240af7f2000, 0x00000240af7f8800, 0x00000240af7f9000, 0x00000240af7fa000,
0x00000240af7f5000, 0x00000240af7f6000, 0x00000240ae18e800, 0x00000240ae18c800,
0x00000240ae18c000, 0x00000240ae18a800, 0x00000240ae18d800, 0x00000240ae190000,
0x00000240ae191000, 0x00000240ae18f000, 0x00000240ae18b000, 0x00000240ae191800,
0x00000240ae195000, 0x00000240ae196800, 0x00000240ae197800, 0x00000240ae194000,
0x00000240ae195800, 0x00000240ae192800, 0x00000240ae198000, 0x00000240ae199000,
0x00000240ae193000, 0x00000240ae0e9000, 0x00000240ae0ea000, 0x00000240ae0eb800,
0x00000240ae0e6000, 0x00000240ae0e7800, 0x00000240ae0e8800, 0x00000240ae0eb000,
0x00000240ae0ec800, 0x00000240ae0e6800, 0x00000240ae0f3000, 0x00000240ae0ef000,
0x00000240ae0f1800, 0x00000240ae0f2000, 0x00000240ae0ed000, 0x00000240ae0ef800,
0x00000240ae0f0800, 0x00000240ae0f4000, 0x00000240ae0ee000, 0x00000240ae0f4800,
0x00000240ae336800, 0x00000240ae336000, 0x00000240ae335000, 0x00000240ae338800,
0x00000240ae339000, 0x00000240ae337800, 0x00000240ae33a000, 0x00000240ae334800,
0x00000240ae340800, 0x00000240ae33c800, 0x00000240ae33f800, 0x00000240ae33b000,
0x00000240ae33b800, 0x00000240ae33f000, 0x00000240ae341800, 0x00000240ae33e000,
0x00000240ae342000, 0x00000240ae343000, 0x00000240ae33d800, 0x00000240adefe800,
0x00000240adefe000, 0x00000240adf00000, 0x00000240adefb800, 0x00000240adefa800,
0x00000240adefc000, 0x00000240adf01000, 0x00000240adeff800, 0x00000240adf02000,
0x00000240adf02800, 0x00000240adefd000, 0x00000240adf07000, 0x00000240adf07800,
0x00000240adf03800, 0x00000240adf05000, 0x00000240adf06000, 0x00000240adf09000,
0x00000240adf08800, 0x00000240adf04800, 0x00000240ad656000, 0x00000240ad653800,
0x00000240ad655000, 0x00000240ad652000, 0x00000240ad654800, 0x00000240ad650000,
0x00000240ad657000, 0x00000240ad651000, 0x00000240ad657800, 0x00000240ad658800,
0x00000240ad652800, 0x00000240ad65a000, 0x00000240ad65b000, 0x00000240ad65c800,
0x00000240ad65b800, 0x00000240ad659000, 0x00000240ad65d800, 0x00000240ad65e000,
0x00000240ad65f000, 0x00000240adc12800, 0x00000240adc14800, 0x00000240adc13800,
0x00000240adc10800, 0x00000240adc11000, 0x00000240adc12000, 0x00000240adc15000,
0x00000240adc0f800, 0x00000240adc16000, 0x00000240adc1b000, 0x00000240adc17000,
0x00000240adc1d800, 0x00000240adc17800, 0x00000240adc18800
}

Java Threads: ( => current thread )
  0x000002408c779800 JavaThread "main" [_thread_blocked, id=8340, stack(0x000000ba83a00000,0x000000ba83b00000)]
  0x00000240aafed800 JavaThread "Reference Handler" daemon [_thread_blocked, id=11880, stack(0x000000ba84100000,0x000000ba84200000)]
  0x00000240aafef000 JavaThread "Finalizer" daemon [_thread_blocked, id=2536, stack(0x000000ba84200000,0x000000ba84300000)]
  0x00000240ab007800 JavaThread "Signal Dispatcher" daemon [_thread_blocked, id=20540, stack(0x000000ba84300000,0x000000ba84400000)]
  0x00000240ab00b800 JavaThread "Attach Listener" daemon [_thread_blocked, id=15724, stack(0x000000ba84400000,0x000000ba84500000)]
  0x00000240ab00d000 JavaThread "Service Thread" daemon [_thread_blocked, id=23344, stack(0x000000ba84500000,0x000000ba84600000)]
  0x00000240ab00e000 JavaThread "C2 CompilerThread0" daemon [_thread_in_native, id=13556, stack(0x000000ba84600000,0x000000ba84700000)]
  0x00000240ab011800 JavaThread "C1 CompilerThread0" daemon [_thread_blocked, id=19020, stack(0x000000ba84700000,0x000000ba84800000)]
  0x00000240ab014000 JavaThread "Sweeper thread" daemon [_thread_blocked, id=12952, stack(0x000000ba84800000,0x000000ba84900000)]
  0x00000240aba59000 JavaThread "Common-Cleaner" daemon [_thread_blocked, id=996, stack(0x000000ba84900000,0x000000ba84a00000)]
  0x00000240aba64800 JavaThread "Notification Thread" daemon [_thread_blocked, id=12504, stack(0x000000ba84a00000,0x000000ba84b00000)]
  0x00000240acc21800 JavaThread "Daemon health stats" [_thread_blocked, id=11432, stack(0x000000ba84e00000,0x000000ba84f00000)]
  0x00000240ace5a000 JavaThread "Incoming local TCP Connector on port 1294" [_thread_in_native, id=9336, stack(0x000000ba85100000,0x000000ba85200000)]
  0x00000240ad14b000 JavaThread "Daemon periodic checks" [_thread_blocked, id=21292, stack(0x000000ba85200000,0x000000ba85300000)]
  0x00000240ad3b8000 JavaThread "Daemon" [_thread_blocked, id=5796, stack(0x000000ba85300000,0x000000ba85400000)]
  0x00000240ad3b8800 JavaThread "Handler for socket connection from /127.0.0.1:1294 to /127.0.0.1:1295" [_thread_in_native, id=22696, stack(0x000000ba85400000,0x000000ba85500000)]
  0x00000240ad3ad000 JavaThread "Cancel handler" [_thread_blocked, id=10052, stack(0x000000ba85500000,0x000000ba85600000)]
  0x00000240ab9ab000 JavaThread "Daemon worker" [_thread_blocked, id=23248, stack(0x000000ba85600000,0x000000ba85700000)]
  0x00000240ab9ab800 JavaThread "Asynchronous log dispatcher for DefaultDaemonConnection: socket connection from /127.0.0.1:1294 to /127.0.0.1:1295" [_thread_blocked, id=16832, stack(0x000000ba85700000,0x000000ba85800000)]
  0x00000240ac572000 JavaThread "Stdin handler" [_thread_blocked, id=20976, stack(0x000000ba85800000,0x000000ba85900000)]
  0x00000240ac572800 JavaThread "Thread-8" [_thread_blocked, id=3232, stack(0x000000ba85900000,0x000000ba85a00000)]
  0x00000240ac571000 JavaThread "Cache worker for journal cache (C:\Users\ngoch\.gradle\caches\journal-1)" [_thread_blocked, id=18324, stack(0x000000ba85a00000,0x000000ba85b00000)]
  0x00000240ac574800 JavaThread "File lock request listener" [_thread_in_native, id=19548, stack(0x000000ba85b00000,0x000000ba85c00000)]
  0x00000240ac573800 JavaThread "Cache worker for file hash cache (C:\Users\ngoch\.gradle\caches\6.5\fileHashes)" [_thread_blocked, id=21376, stack(0x000000ba85c00000,0x000000ba85d00000)]
  0x00000240ac575000 JavaThread "Cache worker for file hash cache (C:\Users\ngoch\AndroidStudioProjects\Ecommerce\.gradle\6.5\fileHashes)" [_thread_blocked, id=23356, stack(0x000000ba85e00000,0x000000ba85f00000)]
  0x00000240ac576000 JavaThread "Cache worker for checksums cache (C:\Users\ngoch\AndroidStudioProjects\Ecommerce\.gradle\checksums)" [_thread_blocked, id=10164, stack(0x000000ba85f00000,0x000000ba86000000)]
  0x00000240ac570800 JavaThread "Cache worker for cache directory md-supplier (C:\Users\ngoch\.gradle\caches\6.5\md-supplier)" [_thread_blocked, id=9716, stack(0x000000ba86000000,0x000000ba86100000)]
  0x00000240ac577000 JavaThread "Cache worker for cache directory md-rule (C:\Users\ngoch\.gradle\caches\6.5\md-rule)" [_thread_blocked, id=12452, stack(0x000000ba86100000,0x000000ba86200000)]
  0x00000240af7ee800 JavaThread "Cache worker for execution history cache (C:\Users\ngoch\.gradle\caches\6.5\executionHistory)" [_thread_blocked, id=18760, stack(0x000000ba86200000,0x000000ba86300000)]
  0x00000240af7ef800 JavaThread "jar transforms" [_thread_blocked, id=7608, stack(0x000000ba86300000,0x000000ba86400000)]
  0x00000240af7eb800 JavaThread "Cache worker for file content cache (C:\Users\ngoch\.gradle\caches\6.5\fileContent)" [_thread_blocked, id=16976, stack(0x000000ba86400000,0x000000ba86500000)]
  0x00000240af7f0000 JavaThread "Build operations" [_thread_blocked, id=18548, stack(0x000000ba86500000,0x000000ba86600000)]
  0x00000240af7ed800 JavaThread "Build operations Thread 2" [_thread_blocked, id=22308, stack(0x000000ba86600000,0x000000ba86700000)]
  0x00000240af7f1000 JavaThread "Build operations Thread 3" [_thread_blocked, id=15448, stack(0x000000ba86700000,0x000000ba86800000)]
  0x00000240af7ec000 JavaThread "Build operations Thread 4" [_thread_blocked, id=14792, stack(0x000000ba86800000,0x000000ba86900000)]
  0x00000240af7f3800 JavaThread "jar transforms Thread 2" [_thread_blocked, id=21348, stack(0x000000ba86900000,0x000000ba86a00000)]
  0x00000240af7f7800 JavaThread "jar transforms Thread 3" [_thread_blocked, id=13940, stack(0x000000ba86a00000,0x000000ba86b00000)]
  0x00000240af7f2800 JavaThread "jar transforms Thread 4" [_thread_blocked, id=15972, stack(0x000000ba86b00000,0x000000ba86c00000)]
  0x00000240af7f6800 JavaThread "jar transforms Thread 5" [_thread_blocked, id=14124, stack(0x000000ba86c00000,0x000000ba86d00000)]
  0x00000240af7f4800 JavaThread "jar transforms Thread 6" [_thread_blocked, id=21444, stack(0x000000ba86d00000,0x000000ba86e00000)]
  0x00000240af7f2000 JavaThread "jar transforms Thread 7" [_thread_blocked, id=21912, stack(0x000000ba86e00000,0x000000ba86f00000)]
  0x00000240af7f8800 JavaThread "jar transforms Thread 8" [_thread_blocked, id=9324, stack(0x000000ba86f00000,0x000000ba87000000)]
  0x00000240af7f9000 JavaThread "jar transforms Thread 9" [_thread_blocked, id=22228, stack(0x000000ba87000000,0x000000ba87100000)]
  0x00000240af7fa000 JavaThread "jar transforms Thread 10" [_thread_blocked, id=21768, stack(0x000000ba87100000,0x000000ba87200000)]
  0x00000240af7f5000 JavaThread "jar transforms Thread 11" [_thread_blocked, id=18220, stack(0x000000ba87200000,0x000000ba87300000)]
  0x00000240af7f6000 JavaThread "jar transforms Thread 12" [_thread_blocked, id=9820, stack(0x000000ba87300000,0x000000ba87400000)]
  0x00000240ae18e800 JavaThread "jar transforms Thread 13" [_thread_blocked, id=21408, stack(0x000000ba87400000,0x000000ba87500000)]
  0x00000240ae18c800 JavaThread "jar transforms Thread 14" [_thread_blocked, id=7580, stack(0x000000ba87500000,0x000000ba87600000)]
  0x00000240ae18c000 JavaThread "jar transforms Thread 15" [_thread_blocked, id=11812, stack(0x000000ba87600000,0x000000ba87700000)]
  0x00000240ae18a800 JavaThread "jar transforms Thread 16" [_thread_blocked, id=17496, stack(0x000000ba87700000,0x000000ba87800000)]
  0x00000240ae18d800 JavaThread "jar transforms Thread 17" [_thread_blocked, id=9712, stack(0x000000ba87800000,0x000000ba87900000)]
  0x00000240ae190000 JavaThread "jar transforms Thread 18" [_thread_blocked, id=20136, stack(0x000000ba87900000,0x000000ba87a00000)]
  0x00000240ae191000 JavaThread "jar transforms Thread 19" [_thread_blocked, id=7540, stack(0x000000ba87a00000,0x000000ba87b00000)]
  0x00000240ae18f000 JavaThread "jar transforms Thread 20" [_thread_blocked, id=12864, stack(0x000000ba87b00000,0x000000ba87c00000)]
  0x00000240ae18b000 JavaThread "jar transforms Thread 21" [_thread_blocked, id=23252, stack(0x000000ba87c00000,0x000000ba87d00000)]
  0x00000240ae191800 JavaThread "jar transforms Thread 22" [_thread_blocked, id=10340, stack(0x000000ba87d00000,0x000000ba87e00000)]
  0x00000240ae195000 JavaThread "jar transforms Thread 23" [_thread_blocked, id=11140, stack(0x000000ba87e00000,0x000000ba87f00000)]
  0x00000240ae196800 JavaThread "jar transforms Thread 24" [_thread_blocked, id=21620, stack(0x000000ba87f00000,0x000000ba88000000)]
  0x00000240ae197800 JavaThread "jar transforms Thread 25" [_thread_blocked, id=16296, stack(0x000000ba88000000,0x000000ba88100000)]
  0x00000240ae194000 JavaThread "jar transforms Thread 26" [_thread_blocked, id=8960, stack(0x000000ba88100000,0x000000ba88200000)]
  0x00000240ae195800 JavaThread "jar transforms Thread 27" [_thread_blocked, id=4644, stack(0x000000ba88200000,0x000000ba88300000)]
  0x00000240ae192800 JavaThread "jar transforms Thread 28" [_thread_blocked, id=884, stack(0x000000ba88300000,0x000000ba88400000)]
  0x00000240ae198000 JavaThread "jar transforms Thread 29" [_thread_blocked, id=22488, stack(0x000000ba88400000,0x000000ba88500000)]
  0x00000240ae199000 JavaThread "jar transforms Thread 30" [_thread_blocked, id=8040, stack(0x000000ba88500000,0x000000ba88600000)]
  0x00000240ae193000 JavaThread "jar transforms Thread 31" [_thread_blocked, id=11224, stack(0x000000ba88600000,0x000000ba88700000)]
  0x00000240ae0e9000 JavaThread "jar transforms Thread 32" [_thread_blocked, id=20616, stack(0x000000ba88700000,0x000000ba88800000)]
  0x00000240ae0ea000 JavaThread "jar transforms Thread 33" [_thread_blocked, id=21440, stack(0x000000ba88800000,0x000000ba88900000)]
  0x00000240ae0eb800 JavaThread "jar transforms Thread 34" [_thread_blocked, id=14060, stack(0x000000ba88900000,0x000000ba88a00000)]
  0x00000240ae0e6000 JavaThread "jar transforms Thread 35" [_thread_blocked, id=12352, stack(0x000000ba88a00000,0x000000ba88b00000)]
  0x00000240ae0e7800 JavaThread "jar transforms Thread 36" [_thread_blocked, id=18392, stack(0x000000ba88b00000,0x000000ba88c00000)]
  0x00000240ae0e8800 JavaThread "jar transforms Thread 37" [_thread_blocked, id=19828, stack(0x000000ba88c00000,0x000000ba88d00000)]
  0x00000240ae0eb000 JavaThread "jar transforms Thread 38" [_thread_blocked, id=16912, stack(0x000000ba88d00000,0x000000ba88e00000)]
  0x00000240ae0ec800 JavaThread "jar transforms Thread 39" [_thread_blocked, id=21884, stack(0x000000ba88e00000,0x000000ba88f00000)]
  0x00000240ae0e6800 JavaThread "jar transforms Thread 40" [_thread_blocked, id=8656, stack(0x000000ba88f00000,0x000000ba89000000)]
  0x00000240ae0f3000 JavaThread "jar transforms Thread 41" [_thread_blocked, id=21356, stack(0x000000ba89000000,0x000000ba89100000)]
  0x00000240ae0ef000 JavaThread "jar transforms Thread 42" [_thread_blocked, id=13592, stack(0x000000ba89100000,0x000000ba89200000)]
  0x00000240ae0f1800 JavaThread "jar transforms Thread 43" [_thread_blocked, id=18480, stack(0x000000ba89200000,0x000000ba89300000)]
  0x00000240ae0f2000 JavaThread "jar transforms Thread 44" [_thread_blocked, id=9096, stack(0x000000ba89300000,0x000000ba89400000)]
  0x00000240ae0ed000 JavaThread "jar transforms Thread 45" [_thread_blocked, id=21880, stack(0x000000ba89400000,0x000000ba89500000)]
  0x00000240ae0ef800 JavaThread "jar transforms Thread 46" [_thread_blocked, id=19684, stack(0x000000ba89500000,0x000000ba89600000)]
  0x00000240ae0f0800 JavaThread "jar transforms Thread 47" [_thread_blocked, id=13060, stack(0x000000ba89600000,0x000000ba89700000)]
  0x00000240ae0f4000 JavaThread "jar transforms Thread 48" [_thread_blocked, id=19176, stack(0x000000ba89700000,0x000000ba89800000)]
  0x00000240ae0ee000 JavaThread "jar transforms Thread 49" [_thread_blocked, id=12784, stack(0x000000ba89800000,0x000000ba89900000)]
  0x00000240ae0f4800 JavaThread "jar transforms Thread 50" [_thread_blocked, id=22340, stack(0x000000ba89900000,0x000000ba89a00000)]
  0x00000240ae336800 JavaThread "jar transforms Thread 51" [_thread_blocked, id=7172, stack(0x000000ba89a00000,0x000000ba89b00000)]
  0x00000240ae336000 JavaThread "jar transforms Thread 52" [_thread_blocked, id=12112, stack(0x000000ba89b00000,0x000000ba89c00000)]
  0x00000240ae335000 JavaThread "jar transforms Thread 53" [_thread_blocked, id=2764, stack(0x000000ba89c00000,0x000000ba89d00000)]
  0x00000240ae338800 JavaThread "jar transforms Thread 54" [_thread_blocked, id=21696, stack(0x000000ba89d00000,0x000000ba89e00000)]
  0x00000240ae339000 JavaThread "jar transforms Thread 55" [_thread_blocked, id=13636, stack(0x000000ba89e00000,0x000000ba89f00000)]
  0x00000240ae337800 JavaThread "jar transforms Thread 56" [_thread_blocked, id=21000, stack(0x000000ba89f00000,0x000000ba8a000000)]
  0x00000240ae33a000 JavaThread "jar transforms Thread 57" [_thread_blocked, id=16740, stack(0x000000ba8a000000,0x000000ba8a100000)]
  0x00000240ae334800 JavaThread "jar transforms Thread 58" [_thread_blocked, id=21692, stack(0x000000ba8a100000,0x000000ba8a200000)]
  0x00000240ae340800 JavaThread "jar transforms Thread 59" [_thread_blocked, id=21232, stack(0x000000ba8a200000,0x000000ba8a300000)]
  0x00000240ae33c800 JavaThread "jar transforms Thread 60" [_thread_blocked, id=12872, stack(0x000000ba8a300000,0x000000ba8a400000)]
  0x00000240ae33f800 JavaThread "jar transforms Thread 61" [_thread_blocked, id=8360, stack(0x000000ba8a400000,0x000000ba8a500000)]
  0x00000240ae33b000 JavaThread "jar transforms Thread 62" [_thread_blocked, id=19872, stack(0x000000ba8a500000,0x000000ba8a600000)]
  0x00000240ae33b800 JavaThread "jar transforms Thread 63" [_thread_blocked, id=20820, stack(0x000000ba8a600000,0x000000ba8a700000)]
  0x00000240ae33f000 JavaThread "jar transforms Thread 64" [_thread_blocked, id=20636, stack(0x000000ba8a700000,0x000000ba8a800000)]
  0x00000240ae341800 JavaThread "jar transforms Thread 65" [_thread_blocked, id=22580, stack(0x000000ba8a800000,0x000000ba8a900000)]
  0x00000240ae33e000 JavaThread "jar transforms Thread 66" [_thread_blocked, id=20632, stack(0x000000ba8a900000,0x000000ba8aa00000)]
  0x00000240ae342000 JavaThread "jar transforms Thread 67" [_thread_blocked, id=16472, stack(0x000000ba8aa00000,0x000000ba8ab00000)]
  0x00000240ae343000 JavaThread "jar transforms Thread 68" [_thread_blocked, id=6028, stack(0x000000ba8ab00000,0x000000ba8ac00000)]
  0x00000240ae33d800 JavaThread "jar transforms Thread 69" [_thread_blocked, id=22704, stack(0x000000ba8ac00000,0x000000ba8ad00000)]
  0x00000240adefe800 JavaThread "jar transforms Thread 70" [_thread_blocked, id=17584, stack(0x000000ba8ad00000,0x000000ba8ae00000)]
  0x00000240adefe000 JavaThread "jar transforms Thread 71" [_thread_blocked, id=22260, stack(0x000000ba8ae00000,0x000000ba8af00000)]
  0x00000240adf00000 JavaThread "jar transforms Thread 72" [_thread_blocked, id=11068, stack(0x000000ba8af00000,0x000000ba8b000000)]
  0x00000240adefb800 JavaThread "jar transforms Thread 73" [_thread_blocked, id=20092, stack(0x000000ba8b000000,0x000000ba8b100000)]
  0x00000240adefa800 JavaThread "jar transforms Thread 74" [_thread_blocked, id=20572, stack(0x000000ba8b100000,0x000000ba8b200000)]
  0x00000240adefc000 JavaThread "jar transforms Thread 75" [_thread_blocked, id=3448, stack(0x000000ba8b200000,0x000000ba8b300000)]
  0x00000240adf01000 JavaThread "jar transforms Thread 76" [_thread_blocked, id=18488, stack(0x000000ba8b300000,0x000000ba8b400000)]
  0x00000240adeff800 JavaThread "jar transforms Thread 77" [_thread_blocked, id=10452, stack(0x000000ba8b400000,0x000000ba8b500000)]
  0x00000240adf02000 JavaThread "jar transforms Thread 78" [_thread_blocked, id=18944, stack(0x000000ba8b500000,0x000000ba8b600000)]
  0x00000240adf02800 JavaThread "jar transforms Thread 79" [_thread_blocked, id=22816, stack(0x000000ba8b600000,0x000000ba8b700000)]
  0x00000240adefd000 JavaThread "jar transforms Thread 80" [_thread_blocked, id=17196, stack(0x000000ba8b700000,0x000000ba8b800000)]
  0x00000240adf07000 JavaThread "jar transforms Thread 81" [_thread_blocked, id=22612, stack(0x000000ba8b800000,0x000000ba8b900000)]
  0x00000240adf07800 JavaThread "jar transforms Thread 82" [_thread_blocked, id=23436, stack(0x000000ba8b900000,0x000000ba8ba00000)]
  0x00000240adf03800 JavaThread "jar transforms Thread 83" [_thread_blocked, id=7672, stack(0x000000ba8ba00000,0x000000ba8bb00000)]
  0x00000240adf05000 JavaThread "jar transforms Thread 84" [_thread_blocked, id=8816, stack(0x000000ba8bb00000,0x000000ba8bc00000)]
  0x00000240adf06000 JavaThread "jar transforms Thread 85" [_thread_blocked, id=18268, stack(0x000000ba8bc00000,0x000000ba8bd00000)]
  0x00000240adf09000 JavaThread "jar transforms Thread 86" [_thread_blocked, id=22980, stack(0x000000ba8bd00000,0x000000ba8be00000)]
  0x00000240adf08800 JavaThread "jar transforms Thread 87" [_thread_blocked, id=17152, stack(0x000000ba8be00000,0x000000ba8bf00000)]
  0x00000240adf04800 JavaThread "jar transforms Thread 88" [_thread_blocked, id=22868, stack(0x000000ba8bf00000,0x000000ba8c000000)]
  0x00000240ad656000 JavaThread "jar transforms Thread 89" [_thread_blocked, id=22100, stack(0x000000ba8c000000,0x000000ba8c100000)]
  0x00000240ad653800 JavaThread "jar transforms Thread 90" [_thread_blocked, id=16656, stack(0x000000ba8c100000,0x000000ba8c200000)]
  0x00000240ad655000 JavaThread "jar transforms Thread 91" [_thread_blocked, id=16056, stack(0x000000ba8c200000,0x000000ba8c300000)]
  0x00000240ad652000 JavaThread "jar transforms Thread 92" [_thread_blocked, id=22204, stack(0x000000ba8c300000,0x000000ba8c400000)]
  0x00000240ad654800 JavaThread "jar transforms Thread 93" [_thread_blocked, id=21732, stack(0x000000ba8c400000,0x000000ba8c500000)]
  0x00000240ad650000 JavaThread "jar transforms Thread 94" [_thread_blocked, id=13604, stack(0x000000ba8c500000,0x000000ba8c600000)]
  0x00000240ad657000 JavaThread "jar transforms Thread 95" [_thread_blocked, id=18680, stack(0x000000ba8c600000,0x000000ba8c700000)]
  0x00000240ad651000 JavaThread "jar transforms Thread 96" [_thread_blocked, id=16452, stack(0x000000ba8c700000,0x000000ba8c800000)]
  0x00000240ad657800 JavaThread "jar transforms Thread 97" [_thread_blocked, id=22628, stack(0x000000ba8c800000,0x000000ba8c900000)]
  0x00000240ad658800 JavaThread "jar transforms Thread 98" [_thread_blocked, id=22588, stack(0x000000ba8c900000,0x000000ba8ca00000)]
  0x00000240ad652800 JavaThread "jar transforms Thread 99" [_thread_blocked, id=16696, stack(0x000000ba8ca00000,0x000000ba8cb00000)]
  0x00000240ad65a000 JavaThread "jar transforms Thread 100" [_thread_blocked, id=22016, stack(0x000000ba8cb00000,0x000000ba8cc00000)]
  0x00000240ad65b000 JavaThread "jar transforms Thread 101" [_thread_blocked, id=22788, stack(0x000000ba8cc00000,0x000000ba8cd00000)]
  0x00000240ad65c800 JavaThread "jar transforms Thread 102" [_thread_blocked, id=21056, stack(0x000000ba8cd00000,0x000000ba8ce00000)]
  0x00000240ad65b800 JavaThread "jar transforms Thread 103" [_thread_blocked, id=22596, stack(0x000000ba8ce00000,0x000000ba8cf00000)]
  0x00000240ad659000 JavaThread "jar transforms Thread 104" [_thread_blocked, id=16020, stack(0x000000ba8cf00000,0x000000ba8d000000)]
  0x00000240ad65d800 JavaThread "jar transforms Thread 105" [_thread_blocked, id=12012, stack(0x000000ba8d000000,0x000000ba8d100000)]
  0x00000240ad65e000 JavaThread "jar transforms Thread 106" [_thread_blocked, id=2628, stack(0x000000ba8d100000,0x000000ba8d200000)]
  0x00000240ad65f000 JavaThread "jar transforms Thread 107" [_thread_blocked, id=8548, stack(0x000000ba8d200000,0x000000ba8d300000)]
  0x00000240adc12800 JavaThread "jar transforms Thread 108" [_thread_blocked, id=19024, stack(0x000000ba8d300000,0x000000ba8d400000)]
  0x00000240adc14800 JavaThread "jar transforms Thread 109" [_thread_blocked, id=17980, stack(0x000000ba8d400000,0x000000ba8d500000)]
  0x00000240adc13800 JavaThread "jar transforms Thread 110" [_thread_blocked, id=21560, stack(0x000000ba8d500000,0x000000ba8d600000)]
  0x00000240adc10800 JavaThread "jar transforms Thread 111" [_thread_blocked, id=23456, stack(0x000000ba8d600000,0x000000ba8d700000)]
  0x00000240adc11000 JavaThread "jar transforms Thread 112" [_thread_blocked, id=21828, stack(0x000000ba8d700000,0x000000ba8d800000)]
  0x00000240adc12000 JavaThread "jar transforms Thread 113" [_thread_blocked, id=21956, stack(0x000000ba8d800000,0x000000ba8d900000)]
  0x00000240adc15000 JavaThread "jar transforms Thread 114" [_thread_blocked, id=14696, stack(0x000000ba8d900000,0x000000ba8da00000)]
  0x00000240adc0f800 JavaThread "Cache worker for Build Output Cleanup Cache (C:\Users\ngoch\AndroidStudioProjects\Ecommerce\.gradle\buildOutputCleanup)" [_thread_blocked, id=10976, stack(0x000000ba8da00000,0x000000ba8db00000)]
  0x00000240adc16000 JavaThread "Memory manager" [_thread_blocked, id=1240, stack(0x000000ba8db00000,0x000000ba8dc00000)]
  0x00000240adc1b000 JavaThread "Cache worker for file content cache (C:\Users\ngoch\AndroidStudioProjects\Ecommerce\.gradle\6.5\fileContent)" [_thread_blocked, id=23060, stack(0x000000ba8dc00000,0x000000ba8dd00000)]
  0x00000240adc17000 JavaThread "Execution worker for ':'" [_thread_blocked, id=19372, stack(0x000000ba8dd00000,0x000000ba8de00000)]
  0x00000240adc1d800 JavaThread "Execution worker for ':' Thread 2" [_thread_blocked, id=21764, stack(0x000000ba8de00000,0x000000ba8df00000)]
  0x00000240adc17800 JavaThread "Execution worker for ':' Thread 3" [_thread_blocked, id=23408, stack(0x000000ba8df00000,0x000000ba8e000000)]
  0x00000240adc18800 JavaThread "Cache worker for execution history cache (C:\Users\ngoch\AndroidStudioProjects\Ecommerce\.gradle\6.5\executionHistory)" [_thread_blocked, id=23336, stack(0x000000ba8e000000,0x000000ba8e100000)]

Other Threads:
=>0x00000240aafeb000 VMThread "VM Thread" [stack: 0x000000ba84000000,0x000000ba84100000] [id=8268]
  0x00000240aba67000 WatcherThread [stack: 0x000000ba84b00000,0x000000ba84c00000] [id=21468]
  0x000002408c7bf000 GCTaskThread "GC Thread#0" [stack: 0x000000ba83b00000,0x000000ba83c00000] [id=2552]
  0x00000240ac1b0000 GCTaskThread "GC Thread#1" [stack: 0x000000ba84c00000,0x000000ba84d00000] [id=21564]
  0x00000240ac1b2800 GCTaskThread "GC Thread#2" [stack: 0x000000ba84d00000,0x000000ba84e00000] [id=19364]
  0x00000240abb19800 GCTaskThread "GC Thread#3" [stack: 0x000000ba85d00000,0x000000ba85e00000] [id=21452]
  0x000002408c7d0800 ConcurrentGCThread "G1 Main Marker" [stack: 0x000000ba83c00000,0x000000ba83d00000] [id=19824]
  0x000002408c7d2000 ConcurrentGCThread "G1 Conc#0" [stack: 0x000000ba83d00000,0x000000ba83e00000] [id=18716]
  0x000002408c85b800 ConcurrentGCThread "G1 Refine#0" [stack: 0x000000ba83e00000,0x000000ba83f00000] [id=12456]
  0x000002408c85c800 ConcurrentGCThread "G1 Young RemSet Sampling" [stack: 0x000000ba83f00000,0x000000ba84000000] [id=18440]

Threads with active compile tasks:
C2 CompilerThread0    29974 8921       4       java.lang.invoke.MethodType::makeImpl (108 bytes)

VM state:at safepoint (normal execution)

VM Mutex/Monitor currently owned by a thread:  ([mutex/lock_event])
[0x000002408c775190] Threads_lock - owner thread: 0x00000240aafeb000
[0x000002408c774d10] Heap_lock - owner thread: 0x00000240ac571000

Heap address: 0x0000000080000000, size: 2048 MB, Compressed Oops mode: 32-bit
Narrow klass base: 0x0000000800000000, Narrow klass shift: 3
Compressed class space size: 1073741824 Address: 0x0000000800b30000

Heap:
 garbage-first heap   total 147456K, used 72580K [0x0000000080000000, 0x0000000100000000)
  region size 1024K, 3 young (3072K), 3 survivors (3072K)
 Metaspace       used 69260K, capacity 70977K, committed 71036K, reserved 1110016K
  class space    used 9320K, capacity 9959K, committed 9984K, reserved 1048576K
Heap Regions: E=young(eden), S=young(survivor), O=old, HS=humongous(starts), HC=humongous(continues), CS=collection set, F=free, OA=open archive, CA=closed archive, TAMS=top-at-mark-start (previous, next)
|   0|0x0000000080000000, 0x0000000080100000, 0x0000000080100000|100%| O|  |TAMS 0x0000000080100000, 0x0000000080100000| Untracked 
|   1|0x0000000080100000, 0x0000000080200000, 0x0000000080200000|100%| O|  |TAMS 0x0000000080200000, 0x0000000080200000| Untracked 
|   2|0x0000000080200000, 0x0000000080300000, 0x0000000080300000|100%| O|  |TAMS 0x0000000080300000, 0x0000000080300000| Untracked 
|   3|0x0000000080300000, 0x0000000080400000, 0x0000000080400000|100%|HS|  |TAMS 0x0000000080400000, 0x0000000080400000| Complete 
|   4|0x0000000080400000, 0x0000000080500000, 0x0000000080500000|100%|HC|  |TAMS 0x0000000080500000, 0x0000000080500000| Complete 
|   5|0x0000000080500000, 0x0000000080600000, 0x0000000080600000|100%|HC|  |TAMS 0x0000000080600000, 0x0000000080600000| Complete 
|   6|0x0000000080600000, 0x0000000080700000, 0x0000000080700000|100%| O|  |TAMS 0x0000000080700000, 0x0000000080700000| Untracked 
|   7|0x0000000080700000, 0x0000000080800000, 0x0000000080800000|100%| O|  |TAMS 0x0000000080800000, 0x0000000080800000| Untracked 
|   8|0x0000000080800000, 0x0000000080900000, 0x0000000080900000|100%| O|  |TAMS 0x0000000080900000, 0x0000000080900000| Untracked 
|   9|0x0000000080900000, 0x0000000080a00000, 0x0000000080a00000|100%| O|  |TAMS 0x0000000080a00000, 0x0000000080a00000| Untracked 
|  10|0x0000000080a00000, 0x0000000080b00000, 0x0000000080b00000|100%| O|  |TAMS 0x0000000080b00000, 0x0000000080b00000| Untracked 
|  11|0x0000000080b00000, 0x0000000080c00000, 0x0000000080c00000|100%| O|  |TAMS 0x0000000080c00000, 0x0000000080c00000| Untracked 
|  12|0x0000000080c00000, 0x0000000080cc3200, 0x0000000080d00000| 76%| O|  |TAMS 0x0000000080cc3200, 0x0000000080cc3200| Untracked 
|  13|0x0000000080d00000, 0x0000000080e00000, 0x0000000080e00000|100%| O|  |TAMS 0x0000000080e00000, 0x0000000080e00000| Untracked 
|  14|0x0000000080e00000, 0x0000000080f00000, 0x0000000080f00000|100%| O|  |TAMS 0x0000000080f00000, 0x0000000080f00000| Untracked 
|  15|0x0000000080f00000, 0x0000000081000000, 0x0000000081000000|100%| O|  |TAMS 0x0000000081000000, 0x0000000081000000| Untracked 
|  16|0x0000000081000000, 0x0000000081100000, 0x0000000081100000|100%| O|  |TAMS 0x0000000081100000, 0x0000000081100000| Untracked 
|  17|0x0000000081100000, 0x0000000081200000, 0x0000000081200000|100%| O|  |TAMS 0x0000000081200000, 0x0000000081200000| Untracked 
|  18|0x0000000081200000, 0x0000000081300000, 0x0000000081300000|100%| O|  |TAMS 0x0000000081300000, 0x0000000081300000| Untracked 
|  19|0x0000000081300000, 0x0000000081400000, 0x0000000081400000|100%| O|  |TAMS 0x0000000081400000, 0x0000000081400000| Untracked 
|  20|0x0000000081400000, 0x0000000081500000, 0x0000000081500000|100%| O|  |TAMS 0x0000000081500000, 0x0000000081500000| Untracked 
|  21|0x0000000081500000, 0x0000000081600000, 0x0000000081600000|100%| O|  |TAMS 0x0000000081600000, 0x0000000081600000| Untracked 
|  22|0x0000000081600000, 0x0000000081700000, 0x0000000081700000|100%| O|  |TAMS 0x0000000081700000, 0x0000000081700000| Untracked 
|  23|0x0000000081700000, 0x0000000081800000, 0x0000000081800000|100%| O|  |TAMS 0x0000000081800000, 0x0000000081800000| Untracked 
|  24|0x0000000081800000, 0x0000000081900000, 0x0000000081900000|100%|HS|  |TAMS 0x0000000081900000, 0x0000000081900000| Complete 
|  25|0x0000000081900000, 0x0000000081a00000, 0x0000000081a00000|100%|HS|  |TAMS 0x0000000081a00000, 0x0000000081a00000| Complete 
|  26|0x0000000081a00000, 0x0000000081b00000, 0x0000000081b00000|100%|HC|  |TAMS 0x0000000081b00000, 0x0000000081b00000| Complete 
|  27|0x0000000081b00000, 0x0000000081c00000, 0x0000000081c00000|100%|HC|  |TAMS 0x0000000081c00000, 0x0000000081c00000| Complete 
|  28|0x0000000081c00000, 0x0000000081d00000, 0x0000000081d00000|100%| O|  |TAMS 0x0000000081d00000, 0x0000000081d00000| Untracked 
|  29|0x0000000081d00000, 0x0000000081e00000, 0x0000000081e00000|100%| O|  |TAMS 0x0000000081e00000, 0x0000000081e00000| Untracked 
|  30|0x0000000081e00000, 0x0000000081f00000, 0x0000000081f00000|100%| O|  |TAMS 0x0000000081f00000, 0x0000000081f00000| Untracked 
|  31|0x0000000081f00000, 0x0000000082000000, 0x0000000082000000|100%| O|  |TAMS 0x0000000082000000, 0x0000000082000000| Untracked 
|  32|0x0000000082000000, 0x0000000082100000, 0x0000000082100000|100%| O|  |TAMS 0x0000000082100000, 0x0000000082100000| Untracked 
|  33|0x0000000082100000, 0x0000000082200000, 0x0000000082200000|100%|HS|  |TAMS 0x0000000082200000, 0x0000000082200000| Complete 
|  34|0x0000000082200000, 0x0000000082300000, 0x0000000082300000|100%|HC|  |TAMS 0x0000000082300000, 0x0000000082300000| Complete 
|  35|0x0000000082300000, 0x0000000082400000, 0x0000000082400000|100%| O|  |TAMS 0x0000000082400000, 0x0000000082400000| Untracked 
|  36|0x0000000082400000, 0x0000000082500000, 0x0000000082500000|100%| O|  |TAMS 0x0000000082500000, 0x0000000082500000| Untracked 
|  37|0x0000000082500000, 0x0000000082600000, 0x0000000082600000|100%| O|  |TAMS 0x0000000082600000, 0x0000000082600000| Untracked 
|  38|0x0000000082600000, 0x0000000082700000, 0x0000000082700000|100%| O|  |TAMS 0x0000000082700000, 0x0000000082700000| Untracked 
|  39|0x0000000082700000, 0x0000000082800000, 0x0000000082800000|100%| O|  |TAMS 0x0000000082800000, 0x0000000082800000| Untracked 
|  40|0x0000000082800000, 0x0000000082900000, 0x0000000082900000|100%| O|  |TAMS 0x0000000082900000, 0x0000000082900000| Untracked 
|  41|0x0000000082900000, 0x0000000082a00000, 0x0000000082a00000|100%| O|  |TAMS 0x0000000082a00000, 0x0000000082a00000| Untracked 
|  42|0x0000000082a00000, 0x0000000082b00000, 0x0000000082b00000|100%| O|  |TAMS 0x0000000082b00000, 0x0000000082b00000| Untracked 
|  43|0x0000000082b00000, 0x0000000082c00000, 0x0000000082c00000|100%| O|  |TAMS 0x0000000082c00000, 0x0000000082c00000| Untracked 
|  44|0x0000000082c00000, 0x0000000082d00000, 0x0000000082d00000|100%| O|  |TAMS 0x0000000082d00000, 0x0000000082d00000| Untracked 
|  45|0x0000000082d00000, 0x0000000082e00000, 0x0000000082e00000|100%| O|  |TAMS 0x0000000082e00000, 0x0000000082e00000| Untracked 
|  46|0x0000000082e00000, 0x0000000082f00000, 0x0000000082f00000|100%| O|  |TAMS 0x0000000082f00000, 0x0000000082f00000| Untracked 
|  47|0x0000000082f00000, 0x0000000083000000, 0x0000000083000000|100%| O|  |TAMS 0x0000000083000000, 0x0000000083000000| Untracked 
|  48|0x0000000083000000, 0x0000000083100000, 0x0000000083100000|100%| O|  |TAMS 0x0000000083100000, 0x0000000083100000| Untracked 
|  49|0x0000000083100000, 0x0000000083200000, 0x0000000083200000|100%| O|  |TAMS 0x0000000083200000, 0x0000000083200000| Untracked 
|  50|0x0000000083200000, 0x0000000083300000, 0x0000000083300000|100%| O|  |TAMS 0x0000000083300000, 0x0000000083300000| Untracked 
|  51|0x0000000083300000, 0x0000000083400000, 0x0000000083400000|100%| O|  |TAMS 0x0000000083400000, 0x0000000083400000| Untracked 
|  52|0x0000000083400000, 0x0000000083500000, 0x0000000083500000|100%| O|  |TAMS 0x0000000083500000, 0x0000000083500000| Untracked 
|  53|0x0000000083500000, 0x0000000083600000, 0x0000000083600000|100%| O|  |TAMS 0x0000000083600000, 0x0000000083600000| Untracked 
|  54|0x0000000083600000, 0x0000000083700000, 0x0000000083700000|100%| O|  |TAMS 0x0000000083700000, 0x0000000083700000| Untracked 
|  55|0x0000000083700000, 0x0000000083800000, 0x0000000083800000|100%| O|  |TAMS 0x0000000083800000, 0x0000000083800000| Untracked 
|  56|0x0000000083800000, 0x0000000083900000, 0x0000000083900000|100%| O|  |TAMS 0x0000000083900000, 0x0000000083900000| Untracked 
|  57|0x0000000083900000, 0x0000000083a00000, 0x0000000083a00000|100%| O|  |TAMS 0x0000000083951e00, 0x0000000083a00000| Untracked 
|  58|0x0000000083a00000, 0x0000000083b00000, 0x0000000083b00000|100%| O|  |TAMS 0x0000000083a00000, 0x0000000083b00000| Untracked 
|  59|0x0000000083b00000, 0x0000000083c00000, 0x0000000083c00000|100%| O|  |TAMS 0x0000000083b00000, 0x0000000083c00000| Untracked 
|  60|0x0000000083c00000, 0x0000000083d00000, 0x0000000083d00000|100%| O|  |TAMS 0x0000000083c00000, 0x0000000083d00000| Untracked 
|  61|0x0000000083d00000, 0x0000000083e00000, 0x0000000083e00000|100%| O|  |TAMS 0x0000000083d00000, 0x0000000083e00000| Untracked 
|  62|0x0000000083e00000, 0x0000000083f00000, 0x0000000083f00000|100%| O|  |TAMS 0x0000000083e00000, 0x0000000083f00000| Untracked 
|  63|0x0000000083f00000, 0x0000000084000000, 0x0000000084000000|100%| O|  |TAMS 0x0000000083f00000, 0x0000000084000000| Untracked 
|  64|0x0000000084000000, 0x0000000084100000, 0x0000000084100000|100%| O|  |TAMS 0x0000000084000000, 0x0000000084100000| Untracked 
|  65|0x0000000084100000, 0x0000000084200000, 0x0000000084200000|100%| O|  |TAMS 0x0000000084100000, 0x00000000841b5e00| Untracked 
|  66|0x0000000084200000, 0x0000000084300000, 0x0000000084300000|100%| O|  |TAMS 0x0000000084200000, 0x0000000084200000| Untracked 
|  67|0x0000000084300000, 0x0000000084400000, 0x0000000084400000|100%| O|  |TAMS 0x0000000084300000, 0x0000000084300000| Untracked 
|  68|0x0000000084400000, 0x00000000844f2200, 0x0000000084500000| 94%| O|  |TAMS 0x0000000084400000, 0x0000000084400000| Untracked 
|  69|0x0000000084500000, 0x0000000084500000, 0x0000000084600000|  0%| F|  |TAMS 0x0000000084500000, 0x0000000084500000| Untracked 
|  70|0x0000000084600000, 0x0000000084600000, 0x0000000084700000|  0%| F|  |TAMS 0x0000000084600000, 0x0000000084600000| Untracked 
|  71|0x0000000084700000, 0x0000000084700000, 0x0000000084800000|  0%| F|  |TAMS 0x0000000084700000, 0x0000000084700000| Untracked 
|  72|0x0000000084800000, 0x0000000084800000, 0x0000000084900000|  0%| F|  |TAMS 0x0000000084800000, 0x0000000084800000| Untracked 
|  73|0x0000000084900000, 0x0000000084900000, 0x0000000084a00000|  0%| F|  |TAMS 0x0000000084900000, 0x0000000084900000| Untracked 
|  74|0x0000000084a00000, 0x0000000084a00000, 0x0000000084b00000|  0%| F|  |TAMS 0x0000000084a00000, 0x0000000084a00000| Untracked 
|  75|0x0000000084b00000, 0x0000000084b00000, 0x0000000084c00000|  0%| F|  |TAMS 0x0000000084b00000, 0x0000000084b00000| Untracked 
|  76|0x0000000084c00000, 0x0000000084c00000, 0x0000000084d00000|  0%| F|  |TAMS 0x0000000084c00000, 0x0000000084c00000| Untracked 
|  77|0x0000000084d00000, 0x0000000084d00000, 0x0000000084e00000|  0%| F|  |TAMS 0x0000000084d00000, 0x0000000084d00000| Untracked 
|  78|0x0000000084e00000, 0x0000000084e00000, 0x0000000084f00000|  0%| F|  |TAMS 0x0000000084e00000, 0x0000000084e00000| Untracked 
|  79|0x0000000084f00000, 0x0000000084f00000, 0x0000000085000000|  0%| F|  |TAMS 0x0000000084f00000, 0x0000000084f00000| Untracked 
|  80|0x0000000085000000, 0x0000000085000000, 0x0000000085100000|  0%| F|  |TAMS 0x0000000085000000, 0x0000000085000000| Untracked 
|  81|0x0000000085100000, 0x0000000085100000, 0x0000000085200000|  0%| F|  |TAMS 0x0000000085100000, 0x0000000085100000| Untracked 
|  82|0x0000000085200000, 0x0000000085200000, 0x0000000085300000|  0%| F|  |TAMS 0x0000000085200000, 0x0000000085200000| Untracked 
|  83|0x0000000085300000, 0x0000000085300000, 0x0000000085400000|  0%| F|  |TAMS 0x0000000085300000, 0x0000000085300000| Untracked 
|  84|0x0000000085400000, 0x0000000085400000, 0x0000000085500000|  0%| F|  |TAMS 0x0000000085400000, 0x0000000085400000| Untracked 
|  85|0x0000000085500000, 0x0000000085500000, 0x0000000085600000|  0%| F|  |TAMS 0x0000000085500000, 0x0000000085500000| Untracked 
|  86|0x0000000085600000, 0x000000008562bfe0, 0x0000000085700000| 17%| S|CS|TAMS 0x0000000085600000, 0x0000000085600000| Complete 
|  87|0x0000000085700000, 0x0000000085800000, 0x0000000085800000|100%| S|CS|TAMS 0x0000000085700000, 0x0000000085700000| Complete 
|  88|0x0000000085800000, 0x0000000085900000, 0x0000000085900000|100%| S|CS|TAMS 0x0000000085800000, 0x0000000085800000| Complete 
|  89|0x0000000085900000, 0x0000000085900000, 0x0000000085a00000|  0%| F|  |TAMS 0x0000000085900000, 0x0000000085900000| Untracked 
|  90|0x0000000085a00000, 0x0000000085a00000, 0x0000000085b00000|  0%| F|  |TAMS 0x0000000085a00000, 0x0000000085a00000| Untracked 
|  91|0x0000000085b00000, 0x0000000085b00000, 0x0000000085c00000|  0%| F|  |TAMS 0x0000000085b00000, 0x0000000085b00000| Untracked 
|  92|0x0000000085c00000, 0x0000000085c00000, 0x0000000085d00000|  0%| F|  |TAMS 0x0000000085c00000, 0x0000000085c00000| Untracked 
|  93|0x0000000085d00000, 0x0000000085d00000, 0x0000000085e00000|  0%| F|  |TAMS 0x0000000085d00000, 0x0000000085d00000| Untracked 
|  94|0x0000000085e00000, 0x0000000085e00000, 0x0000000085f00000|  0%| F|  |TAMS 0x0000000085e00000, 0x0000000085e00000| Untracked 
|  95|0x0000000085f00000, 0x0000000085f00000, 0x0000000086000000|  0%| F|  |TAMS 0x0000000085f00000, 0x0000000085f00000| Untracked 
|  96|0x0000000086000000, 0x0000000086000000, 0x0000000086100000|  0%| F|  |TAMS 0x0000000086000000, 0x0000000086000000| Untracked 
|  97|0x0000000086100000, 0x0000000086100000, 0x0000000086200000|  0%| F|  |TAMS 0x0000000086100000, 0x0000000086100000| Untracked 
|  98|0x0000000086200000, 0x0000000086200000, 0x0000000086300000|  0%| F|  |TAMS 0x0000000086200000, 0x0000000086200000| Untracked 
|  99|0x0000000086300000, 0x0000000086300000, 0x0000000086400000|  0%| F|  |TAMS 0x0000000086300000, 0x0000000086300000| Untracked 
| 100|0x0000000086400000, 0x0000000086400000, 0x0000000086500000|  0%| F|  |TAMS 0x0000000086400000, 0x0000000086400000| Untracked 
| 101|0x0000000086500000, 0x0000000086500000, 0x0000000086600000|  0%| F|  |TAMS 0x0000000086500000, 0x0000000086500000| Untracked 
| 102|0x0000000086600000, 0x0000000086600000, 0x0000000086700000|  0%| F|  |TAMS 0x0000000086600000, 0x0000000086600000| Untracked 
| 103|0x0000000086700000, 0x0000000086700000, 0x0000000086800000|  0%| F|  |TAMS 0x0000000086700000, 0x0000000086700000| Untracked 
| 104|0x0000000086800000, 0x0000000086800000, 0x0000000086900000|  0%| F|  |TAMS 0x0000000086800000, 0x0000000086800000| Untracked 
| 105|0x0000000086900000, 0x0000000086900000, 0x0000000086a00000|  0%| F|  |TAMS 0x0000000086900000, 0x0000000086900000| Untracked 
| 106|0x0000000086a00000, 0x0000000086a00000, 0x0000000086b00000|  0%| F|  |TAMS 0x0000000086a00000, 0x0000000086a00000| Untracked 
| 107|0x0000000086b00000, 0x0000000086b00000, 0x0000000086c00000|  0%| F|  |TAMS 0x0000000086b00000, 0x0000000086b00000| Untracked 
| 108|0x0000000086c00000, 0x0000000086c00000, 0x0000000086d00000|  0%| F|  |TAMS 0x0000000086c00000, 0x0000000086c00000| Untracked 
| 109|0x0000000086d00000, 0x0000000086d00000, 0x0000000086e00000|  0%| F|  |TAMS 0x0000000086d00000, 0x0000000086d00000| Untracked 
| 110|0x0000000086e00000, 0x0000000086e00000, 0x0000000086f00000|  0%| F|  |TAMS 0x0000000086e00000, 0x0000000086e00000| Untracked 
| 111|0x0000000086f00000, 0x0000000086f00000, 0x0000000087000000|  0%| F|  |TAMS 0x0000000086f00000, 0x0000000086f00000| Untracked 
| 112|0x0000000087000000, 0x0000000087000000, 0x0000000087100000|  0%| F|  |TAMS 0x0000000087000000, 0x0000000087000000| Untracked 
| 113|0x0000000087100000, 0x0000000087100000, 0x0000000087200000|  0%| F|  |TAMS 0x0000000087100000, 0x0000000087100000| Untracked 
| 114|0x0000000087200000, 0x0000000087200000, 0x0000000087300000|  0%| F|  |TAMS 0x0000000087200000, 0x0000000087200000| Untracked 
| 115|0x0000000087300000, 0x0000000087300000, 0x0000000087400000|  0%| F|  |TAMS 0x0000000087300000, 0x0000000087300000| Untracked 
| 116|0x0000000087400000, 0x0000000087400000, 0x0000000087500000|  0%| F|  |TAMS 0x0000000087400000, 0x0000000087400000| Untracked 
| 117|0x0000000087500000, 0x0000000087500000, 0x0000000087600000|  0%| F|  |TAMS 0x0000000087500000, 0x0000000087500000| Untracked 
| 118|0x0000000087600000, 0x0000000087600000, 0x0000000087700000|  0%| F|  |TAMS 0x0000000087600000, 0x0000000087600000| Untracked 
| 119|0x0000000087700000, 0x0000000087700000, 0x0000000087800000|  0%| F|  |TAMS 0x0000000087700000, 0x0000000087700000| Untracked 
| 120|0x0000000087800000, 0x0000000087800000, 0x0000000087900000|  0%| F|  |TAMS 0x0000000087800000, 0x0000000087800000| Untracked 
| 121|0x0000000087900000, 0x0000000087900000, 0x0000000087a00000|  0%| F|  |TAMS 0x0000000087900000, 0x0000000087900000| Untracked 
| 122|0x0000000087a00000, 0x0000000087a00000, 0x0000000087b00000|  0%| F|  |TAMS 0x0000000087a00000, 0x0000000087a00000| Untracked 
| 123|0x0000000087b00000, 0x0000000087b00000, 0x0000000087c00000|  0%| F|  |TAMS 0x0000000087b00000, 0x0000000087b00000| Untracked 
| 124|0x0000000087c00000, 0x0000000087c00000, 0x0000000087d00000|  0%| F|  |TAMS 0x0000000087c00000, 0x0000000087c00000| Untracked 
| 125|0x0000000087d00000, 0x0000000087d00000, 0x0000000087e00000|  0%| F|  |TAMS 0x0000000087d00000, 0x0000000087d00000| Untracked 
| 126|0x0000000087e00000, 0x0000000087e00000, 0x0000000087f00000|  0%| F|  |TAMS 0x0000000087e00000, 0x0000000087e00000| Untracked 
| 127|0x0000000087f00000, 0x0000000087f00000, 0x0000000088000000|  0%| F|  |TAMS 0x0000000087f00000, 0x0000000087f00000| Untracked 

Card table byte_map: [0x00000240a4330000,0x00000240a4730000] _byte_map_base: 0x00000240a3f30000

Marking Bits (Prev, Next): (CMBitMap*) 0x000002408c7bfd58, (CMBitMap*) 0x000002408c7bfd18
 Prev Bits: [0x00000240a6b30000, 0x00000240a8b30000)
 Next Bits: [0x00000240a4b30000, 0x00000240a6b30000)

Polling page: 0x000002408a5e0000

Metaspace:

Usage:
  Non-class:     59.59 MB capacity,    58.54 MB ( 98%) used,   900.18 KB (  1%) free+waste,   177.63 KB ( <1%) overhead. 
      Class:      9.73 MB capacity,     9.10 MB ( 94%) used,   556.59 KB (  6%) free+waste,    82.19 KB ( <1%) overhead. 
       Both:     69.31 MB capacity,    67.64 MB ( 98%) used,     1.42 MB (  2%) free+waste,   259.81 KB ( <1%) overhead. 

Virtual space:
  Non-class space:       60.00 MB reserved,      59.62 MB (>99%) committed 
      Class space:        1.00 GB reserved,       9.75 MB ( <1%) committed 
             Both:        1.06 GB reserved,      69.37 MB (  6%) committed 

Chunk freelists:
   Non-Class:  34.00 KB
       Class:  25.00 KB
        Both:  59.00 KB

MaxMetaspaceSize: 17179869184.00 GB
CompressedClassSpaceSize: 1.00 GB

CodeHeap 'non-profiled nmethods': size=120000Kb used=4054Kb max_used=4054Kb free=115946Kb
 bounds [0x000002409ca00000, 0x000002409ce00000, 0x00000240a3f30000]
CodeHeap 'profiled nmethods': size=120000Kb used=18071Kb max_used=18071Kb free=101928Kb
 bounds [0x00000240954d0000, 0x0000024096680000, 0x000002409ca00000]
CodeHeap 'non-nmethods': size=5760Kb used=2381Kb max_used=2440Kb free=3378Kb
 bounds [0x0000024094f30000, 0x00000240951a0000, 0x00000240954d0000]
 total_blobs=9081 nmethods=8212 adapters=781
 compilation: enabled
              stopped_count=0, restarted_count=0
 full_count=0

Compilation events (20 events):
Event: 29.847 Thread 0x00000240ab011800 9010       3       java.nio.file.FileTreeWalker::<init> (144 bytes)
Event: 29.848 Thread 0x00000240ab011800 nmethod 9010 0x000002409666fb90 code [0x000002409666fe00, 0x0000024096670da8]
Event: 29.848 Thread 0x00000240ab011800 9011       3       java.nio.file.FileTreeWalker::walk (45 bytes)
Event: 29.849 Thread 0x00000240ab011800 nmethod 9011 0x0000024096671210 code [0x00000240966713c0, 0x0000024096671658]
Event: 29.849 Thread 0x00000240ab011800 9012       3       org.gradle.api.internal.artifacts.transform.AbstractCachingTransformationWorkspaceProvider$$Lambda$674/0x00000008014d0c40::get$Lambda (11 bytes)
Event: 29.849 Thread 0x00000240ab011800 nmethod 9012 0x0000024096671790 code [0x0000024096671940, 0x0000024096671c58]
Event: 29.849 Thread 0x00000240ab011800 9013       3       org.gradle.api.internal.artifacts.transform.DefaultTransformerInvocationFactory$$Lambda$673/0x00000008014d0840::<init> (62 bytes)
Event: 29.850 Thread 0x00000240ab011800 nmethod 9013 0x0000024096671d90 code [0x0000024096671f60, 0x0000024096672498]
Event: 29.855 Thread 0x00000240ab011800 9014       3       org.gradle.api.internal.artifacts.transform.DefaultTransformerInvocationFactory$$Lambda$673/0x00000008014d0840::get$Lambda (24 bytes)
Event: 29.856 Thread 0x00000240ab011800 nmethod 9014 0x0000024096672590 code [0x0000024096672740, 0x0000024096672948]
Event: 29.856 Thread 0x00000240ab011800 9015   !   3       org.gradle.api.internal.artifacts.transform.AbstractCachingTransformationWorkspaceProvider::withWorkspace (28 bytes)
Event: 29.857 Thread 0x00000240ab011800 nmethod 9015 0x0000024096672a90 code [0x0000024096672d40, 0x0000024096673d48]
Event: 29.857 Thread 0x00000240ab011800 9016       3       org.gradle.internal.operations.BuildOperationDescriptor$Builder::operationType (7 bytes)
Event: 29.857 Thread 0x00000240ab011800 nmethod 9016 0x0000024096674510 code [0x00000240966746a0, 0x0000024096674818]
Event: 29.864 Thread 0x00000240ab011800 9017       3       org.gradle.api.internal.artifacts.transform.TransformationOperation::description (21 bytes)
Event: 29.865 Thread 0x00000240ab011800 nmethod 9017 0x0000024096674890 code [0x0000024096674a80, 0x0000024096675058]
Event: 29.865 Thread 0x00000240ab011800 9018       3       org.gradle.api.internal.artifacts.transform.TransformationOperation::run (14 bytes)
Event: 29.865 Thread 0x00000240ab011800 nmethod 9018 0x0000024096675210 code [0x00000240966753c0, 0x0000024096675608]
Event: 29.886 Thread 0x00000240ab011800 9020       3       org.gradle.internal.file.impl.DefaultFileMetadata::directory (52 bytes)
Event: 29.886 Thread 0x00000240ab011800 nmethod 9020 0x0000024096675710 code [0x00000240966758c0, 0x0000024096675b48]

GC Heap History (20 events):
Event: 17.478 GC heap after
{Heap after GC invocations=25 (full 0):
 garbage-first heap   total 86016K, used 50677K [0x0000000080000000, 0x0000000100000000)
  region size 1024K, 3 young (3072K), 3 survivors (3072K)
 Metaspace       used 47936K, capacity 49217K, committed 49276K, reserved 1091584K
  class space    used 6443K, capacity 6876K, committed 6912K, reserved 1048576K
}
Event: 18.373 GC heap before
{Heap before GC invocations=26 (full 0):
 garbage-first heap   total 92160K, used 68085K [0x0000000080000000, 0x0000000100000000)
  region size 1024K, 20 young (20480K), 3 survivors (3072K)
 Metaspace       used 51391K, capacity 52674K, committed 52732K, reserved 1095680K
  class space    used 6807K, capacity 7284K, committed 7296K, reserved 1048576K
}
Event: 18.378 GC heap after
{Heap after GC invocations=27 (full 0):
 garbage-first heap   total 92160K, used 51576K [0x0000000080000000, 0x0000000100000000)
  region size 1024K, 2 young (2048K), 2 survivors (2048K)
 Metaspace       used 51391K, capacity 52674K, committed 52732K, reserved 1095680K
  class space    used 6807K, capacity 7284K, committed 7296K, reserved 1048576K
}
Event: 19.256 GC heap before
{Heap before GC invocations=27 (full 0):
 garbage-first heap   total 92160K, used 74104K [0x0000000080000000, 0x0000000100000000)
  region size 1024K, 24 young (24576K), 2 survivors (2048K)
 Metaspace       used 53010K, capacity 54275K, committed 54524K, reserved 1095680K
  class space    used 7014K, capacity 7451K, committed 7552K, reserved 1048576K
}
Event: 19.262 GC heap after
{Heap after GC invocations=28 (full 0):
 garbage-first heap   total 92160K, used 53123K [0x0000000080000000, 0x0000000100000000)
  region size 1024K, 3 young (3072K), 3 survivors (3072K)
 Metaspace       used 53010K, capacity 54275K, committed 54524K, reserved 1095680K
  class space    used 7014K, capacity 7451K, committed 7552K, reserved 1048576K
}
Event: 19.721 GC heap before
{Heap before GC invocations=29 (full 0):
 garbage-first heap   total 97280K, used 73603K [0x0000000080000000, 0x0000000100000000)
  region size 1024K, 23 young (23552K), 3 survivors (3072K)
 Metaspace       used 53258K, capacity 54577K, committed 54780K, reserved 1097728K
  class space    used 7038K, capacity 7552K, committed 7552K, reserved 1048576K
}
Event: 19.730 GC heap after
{Heap after GC invocations=30 (full 0):
 garbage-first heap   total 97280K, used 56064K [0x0000000080000000, 0x0000000100000000)
  region size 1024K, 3 young (3072K), 3 survivors (3072K)
 Metaspace       used 53258K, capacity 54577K, committed 54780K, reserved 1097728K
  class space    used 7038K, capacity 7552K, committed 7552K, reserved 1048576K
}
Event: 20.703 GC heap before
{Heap before GC invocations=30 (full 0):
 garbage-first heap   total 97280K, used 78592K [0x0000000080000000, 0x0000000100000000)
  region size 1024K, 25 young (25600K), 3 survivors (3072K)
 Metaspace       used 56428K, capacity 57798K, committed 57852K, reserved 1099776K
  class space    used 7557K, capacity 8056K, committed 8064K, reserved 1048576K
}
Event: 20.711 GC heap after
{Heap after GC invocations=31 (full 0):
 garbage-first heap   total 97280K, used 57272K [0x0000000080000000, 0x0000000100000000)
  region size 1024K, 2 young (2048K), 2 survivors (2048K)
 Metaspace       used 56428K, capacity 57798K, committed 57852K, reserved 1099776K
  class space    used 7557K, capacity 8056K, committed 8064K, reserved 1048576K
}
Event: 21.507 GC heap before
{Heap before GC invocations=32 (full 0):
 garbage-first heap   total 102400K, used 78776K [0x0000000080000000, 0x0000000100000000)
  region size 1024K, 23 young (23552K), 2 survivors (2048K)
 Metaspace       used 58723K, capacity 60172K, committed 60412K, reserved 1101824K
  class space    used 7928K, capacity 8459K, committed 8576K, reserved 1048576K
}
Event: 21.513 GC heap after
{Heap after GC invocations=33 (full 0):
 garbage-first heap   total 122880K, used 58598K [0x0000000080000000, 0x0000000100000000)
  region size 1024K, 3 young (3072K), 3 survivors (3072K)
 Metaspace       used 58723K, capacity 60172K, committed 60412K, reserved 1101824K
  class space    used 7928K, capacity 8459K, committed 8576K, reserved 1048576K
}
Event: 23.288 GC heap before
{Heap before GC invocations=33 (full 0):
 garbage-first heap   total 122880K, used 99558K [0x0000000080000000, 0x0000000100000000)
  region size 1024K, 43 young (44032K), 3 survivors (3072K)
 Metaspace       used 62677K, capacity 64101K, committed 64252K, reserved 1103872K
  class space    used 8484K, capacity 8989K, committed 9088K, reserved 1048576K
}
Event: 23.300 GC heap after
{Heap after GC invocations=34 (full 0):
 garbage-first heap   total 122880K, used 60630K [0x0000000080000000, 0x0000000100000000)
  region size 1024K, 5 young (5120K), 5 survivors (5120K)
 Metaspace       used 62677K, capacity 64101K, committed 64252K, reserved 1103872K
  class space    used 8484K, capacity 8989K, committed 9088K, reserved 1048576K
}
Event: 25.540 GC heap before
{Heap before GC invocations=35 (full 0):
 garbage-first heap   total 122880K, used 100566K [0x0000000080000000, 0x0000000100000000)
  region size 1024K, 44 young (45056K), 5 survivors (5120K)
 Metaspace       used 65862K, capacity 67442K, committed 67580K, reserved 1107968K
  class space    used 8941K, capacity 9509K, committed 9600K, reserved 1048576K
}
Event: 25.553 GC heap after
{Heap after GC invocations=36 (full 0):
 garbage-first heap   total 122880K, used 63529K [0x0000000080000000, 0x0000000100000000)
  region size 1024K, 5 young (5120K), 5 survivors (5120K)
 Metaspace       used 65862K, capacity 67442K, committed 67580K, reserved 1107968K
  class space    used 8941K, capacity 9509K, committed 9600K, reserved 1048576K
}
Event: 27.465 GC heap before
{Heap before GC invocations=36 (full 0):
 garbage-first heap   total 122880K, used 101417K [0x0000000080000000, 0x0000000100000000)
  region size 1024K, 42 young (43008K), 5 survivors (5120K)
 Metaspace       used 68380K, capacity 70047K, committed 70268K, reserved 1110016K
  class space    used 9252K, capacity 9858K, committed 9984K, reserved 1048576K
}
Event: 27.487 GC heap after
{Heap after GC invocations=37 (full 0):
 garbage-first heap   total 122880K, used 67043K [0x0000000080000000, 0x0000000100000000)
  region size 1024K, 6 young (6144K), 6 survivors (6144K)
 Metaspace       used 68380K, capacity 70047K, committed 70268K, reserved 1110016K
  class space    used 9252K, capacity 9858K, committed 9984K, reserved 1048576K
}
Event: 29.014 GC heap before
{Heap before GC invocations=38 (full 0):
 garbage-first heap   total 122880K, used 100835K [0x0000000080000000, 0x0000000100000000)
  region size 1024K, 40 young (40960K), 6 survivors (6144K)
 Metaspace       used 68985K, capacity 70640K, committed 70780K, reserved 1110016K
  class space    used 9314K, capacity 9922K, committed 9984K, reserved 1048576K
}
Event: 29.028 GC heap after
{Heap after GC invocations=39 (full 0):
 garbage-first heap   total 122880K, used 70116K [0x0000000080000000, 0x0000000100000000)
  region size 1024K, 3 young (3072K), 3 survivors (3072K)
 Metaspace       used 68985K, capacity 70640K, committed 70780K, reserved 1110016K
  class space    used 9314K, capacity 9922K, committed 9984K, reserved 1048576K
}
Event: 29.890 GC heap before
{Heap before GC invocations=39 (full 0):
 garbage-first heap   total 122880K, used 100836K [0x0000000080000000, 0x0000000100000000)
  region size 1024K, 34 young (34816K), 3 survivors (3072K)
 Metaspace       used 69260K, capacity 70977K, committed 71036K, reserved 1110016K
  class space    used 9320K, capacity 9959K, committed 9984K, reserved 1048576K
}

Deoptimization events (20 events):
Event: 28.515 Thread 0x00000240af7ee800 Uncommon trap: trap_request=0xffffffc6 fr.pc=0x000002409ca59294 relative=0x0000000000000b74
Event: 28.515 Thread 0x00000240af7ee800 Uncommon trap: reason=bimorphic_or_optimized_type_check action=maybe_recompile pc=0x000002409ca59294 method=java.io.BufferedInputStream.read1([BII)I @ 39 c2
Event: 28.515 Thread 0x00000240af7ee800 DEOPT PACKING pc=0x000002409ca59294 sp=0x000000ba862fdcc0
Event: 28.515 Thread 0x00000240af7ee800 DEOPT UNPACKING pc=0x0000024094f7912f sp=0x000000ba862fdbd8 mode 2
Event: 28.518 Thread 0x00000240af7ee800 Uncommon trap: trap_request=0xffffff45 fr.pc=0x000002409cd4c2cc relative=0x000000000000020c
Event: 28.518 Thread 0x00000240af7ee800 Uncommon trap: reason=unstable_if action=reinterpret pc=0x000002409cd4c2cc method=com.esotericsoftware.kryo.io.Input.readVarInt(Z)I @ 42 c2
Event: 28.518 Thread 0x00000240af7ee800 DEOPT PACKING pc=0x000002409cd4c2cc sp=0x000000ba862fdf30
Event: 28.518 Thread 0x00000240af7ee800 DEOPT UNPACKING pc=0x0000024094f7912f sp=0x000000ba862fded8 mode 2
Event: 28.582 Thread 0x00000240af7ee800 Uncommon trap: trap_request=0xffffffc6 fr.pc=0x000002409ca59294 relative=0x0000000000000b74
Event: 28.582 Thread 0x00000240af7ee800 Uncommon trap: reason=bimorphic_or_optimized_type_check action=maybe_recompile pc=0x000002409ca59294 method=java.io.BufferedInputStream.read1([BII)I @ 39 c2
Event: 28.582 Thread 0x00000240af7ee800 DEOPT PACKING pc=0x000002409ca59294 sp=0x000000ba862fdcc0
Event: 28.582 Thread 0x00000240af7ee800 DEOPT UNPACKING pc=0x0000024094f7912f sp=0x000000ba862fdbd8 mode 2
Event: 28.899 Thread 0x00000240af7ee800 Uncommon trap: trap_request=0xffffffc6 fr.pc=0x000002409ca9656c relative=0x00000000000001ec
Event: 28.899 Thread 0x00000240af7ee800 Uncommon trap: reason=bimorphic_or_optimized_type_check action=maybe_recompile pc=0x000002409ca9656c method=java.io.BufferedInputStream.read1([BII)I @ 39 c2
Event: 28.899 Thread 0x00000240af7ee800 DEOPT PACKING pc=0x000002409ca9656c sp=0x000000ba862fdc40
Event: 28.899 Thread 0x00000240af7ee800 DEOPT UNPACKING pc=0x0000024094f7912f sp=0x000000ba862fdbc8 mode 2
Event: 28.986 Thread 0x00000240af7f0000 Uncommon trap: trap_request=0xffffff45 fr.pc=0x000002409ca60578 relative=0x0000000000000358
Event: 28.986 Thread 0x00000240af7f0000 Uncommon trap: reason=unstable_if action=reinterpret pc=0x000002409ca60578 method=java.util.concurrent.ConcurrentHashMap.addCount(JI)V @ 97 c2
Event: 28.986 Thread 0x00000240af7f0000 DEOPT PACKING pc=0x000002409ca60578 sp=0x000000ba865fc470
Event: 28.986 Thread 0x00000240af7f0000 DEOPT UNPACKING pc=0x0000024094f7912f sp=0x000000ba865fc338 mode 2

Classes unloaded (0 events):
No events

Classes redefined (0 events):
No events

Internal exceptions (20 events):
Event: 21.566 Thread 0x00000240ab9ab000 Exception <a 'java/lang/ClassNotFoundException'{0x00000000875957f0}: org/gradle/api/internal/file/CompositeFileCollectionBeanInfo> (0x00000000875957f0) 
thrown [./open/src/hotspot/share/classfile/systemDictionary.cpp, line 226]
Event: 21.567 Thread 0x00000240ab9ab000 Exception <a 'java/lang/ClassNotFoundException'{0x00000000875a7138}: org/gradle/api/internal/file/AbstractFileCollectionBeanInfo> (0x00000000875a7138) 
thrown [./open/src/hotspot/share/classfile/systemDictionary.cpp, line 226]
Event: 21.567 Thread 0x00000240ab9ab000 Exception <a 'java/lang/ClassNotFoundException'{0x00000000875b8a50}: org/gradle/api/internal/file/AbstractFileCollectionCustomizer> (0x00000000875b8a50) 
thrown [./open/src/hotspot/share/classfile/systemDictionary.cpp, line 226]
Event: 21.568 Thread 0x00000240ab9ab000 Exception <a 'java/lang/ClassNotFoundException'{0x00000000875d77b8}: org/gradle/api/internal/file/CompositeFileCollectionCustomizer> (0x00000000875d77b8) 
thrown [./open/src/hotspot/share/classfile/systemDictionary.cpp, line 226]
Event: 21.570 Thread 0x00000240ab9ab000 Exception <a 'java/lang/ClassNotFoundException'{0x00000000875f1558}: org/gradle/api/internal/file/CompositeFileTreeCustomizer> (0x00000000875f1558) 
thrown [./open/src/hotspot/share/classfile/systemDictionary.cpp, line 226]
Event: 21.571 Thread 0x00000240ab9ab000 Exception <a 'java/lang/ClassNotFoundException'{0x000000008740def0}: org/gradle/api/internal/file/collections/DefaultConfigurableFileTreeCustomizer> (0x000000008740def0) 
thrown [./open/src/hotspot/share/classfile/systemDictionary.cpp, line 226]
Event: 21.640 Thread 0x00000240ab9ab000 Exception <a 'java/lang/NoSuchMethodError'{0x00000000872185b0}: 'void java.lang.invoke.DirectMethodHandle$Holder.invokeStatic(java.lang.Object, java.lang.Object, java.lang.Object, java.lang.Object, java.lang.Object, java.lang.Object, java.lang.Object)'> (0x00000000872185b0) 
thrown [./open/src/hotspot/share/interpreter/linkResolver.cpp, line 766]
Event: 22.543 Thread 0x00000240ab9ab000 Exception <a 'java/lang/NoSuchMethodError'{0x0000000085f20690}: 'java.lang.Object java.lang.invoke.DirectMethodHandle$Holder.invokeStatic(java.lang.Object, int, int, java.lang.Object)'> (0x0000000085f20690) 
thrown [./open/src/hotspot/share/interpreter/linkResolver.cpp, line 766]
Event: 22.767 Thread 0x00000240ab9ab000 Implicit null exception at 0x000002409cb34b49 to 0x000002409cb34bd6
Event: 23.019 Thread 0x00000240ab9ab000 Exception <a 'sun/nio/fs/WindowsException'{0x0000000085743470}> (0x0000000085743470) 
thrown [./open/src/hotspot/share/prims/jni.cpp, line 599]
Event: 23.307 Thread 0x00000240ab9ab000 Exception <a 'java/lang/NullPointerException'{0x0000000087f1eb58}> (0x0000000087f1eb58) 
thrown [./open/src/hotspot/share/interpreter/linkResolver.cpp, line 1431]
Event: 24.632 Thread 0x00000240ab9ab000 Exception <a 'java/lang/NoSuchMethodError'{0x00000000867e6190}: 'int java.lang.invoke.DirectMethodHandle$Holder.invokeStatic(java.lang.Object, java.lang.Object, int, java.lang.Object)'> (0x00000000867e6190) 
thrown [./open/src/hotspot/share/interpreter/linkResolver.cpp, line 766]
Event: 25.957 Thread 0x00000240ac572800 Exception <a 'java/lang/NoSuchMethodError'{0x0000000086a07f08}: static Lorg/gradle/internal/build/event/types/DefaultTaskStartedProgressEvent;.<clinit>()V> (0x0000000086a07f08) 
thrown [./open/src/hotspot/share/prims/jni.cpp, line 1348]
Event: 25.958 Thread 0x00000240ac572800 Exception <a 'java/lang/NoSuchMethodError'{0x0000000086a13768}: static Lorg/gradle/internal/build/event/types/DefaultTaskDescriptor;.<clinit>()V> (0x0000000086a13768) 
thrown [./open/src/hotspot/share/prims/jni.cpp, line 1348]
Event: 25.993 Thread 0x00000240ac572800 Exception <a 'java/lang/NoSuchMethodError'{0x0000000086908d18}: static Lorg/gradle/internal/build/event/types/DefaultTaskFinishedProgressEvent;.<clinit>()V> (0x0000000086908d18) 
thrown [./open/src/hotspot/share/prims/jni.cpp, line 1348]
Event: 25.995 Thread 0x00000240ac572800 Exception <a 'java/lang/NoSuchMethodError'{0x000000008691b718}: static Lorg/gradle/internal/build/event/types/DefaultTaskSuccessResult;.<clinit>()V> (0x000000008691b718) 
thrown [./open/src/hotspot/share/prims/jni.cpp, line 1348]
Event: 25.995 Thread 0x00000240ac572800 Exception <a 'java/lang/NoSuchMethodError'{0x000000008691cf10}: static Lorg/gradle/internal/build/event/types/AbstractTaskResult;.<clinit>()V> (0x000000008691cf10) 
thrown [./open/src/hotspot/share/prims/jni.cpp, line 1348]
Event: 26.095 Thread 0x00000240ac572800 Exception <a 'java/lang/NoSuchMethodError'{0x0000000086789bb0}: static Lorg/gradle/internal/build/event/types/DefaultTaskSkippedResult;.<clinit>()V> (0x0000000086789bb0) 
thrown [./open/src/hotspot/share/prims/jni.cpp, line 1348]
Event: 26.585 Thread 0x00000240ab9ab000 Implicit null exception at 0x000002409cd47a31 to 0x000002409cd47a8b
Event: 27.286 Thread 0x00000240af7ed800 Exception <a 'java/lang/NoSuchMethodError'{0x00000000856bcec0}: 'java.lang.Object java.lang.invoke.DirectMethodHandle$Holder.invokeSpecialIFC(java.lang.Object, java.lang.Object, java.lang.Object)'> (0x00000000856bcec0) 
thrown [./open/src/hotspot/share/interpreter/linkResolver.cpp, line 766]

Events (20 events):
Event: 29.207 Executing VM operation: HandshakeOneThread
Event: 29.207 Executing VM operation: HandshakeOneThread done
Event: 29.277 Executing VM operation: HandshakeOneThread
Event: 29.277 Executing VM operation: HandshakeOneThread done
Event: 29.282 Executing VM operation: HandshakeOneThread
Event: 29.282 Executing VM operation: HandshakeOneThread done
Event: 29.285 Executing VM operation: HandshakeOneThread
Event: 29.286 Executing VM operation: HandshakeOneThread done
Event: 29.286 Executing VM operation: HandshakeOneThread
Event: 29.286 Executing VM operation: HandshakeOneThread done
Event: 29.286 Executing VM operation: HandshakeOneThread
Event: 29.286 Executing VM operation: HandshakeOneThread done
Event: 29.350 Executing VM operation: BulkRevokeBias
Event: 29.353 Executing VM operation: BulkRevokeBias done
Event: 29.674 Executing VM operation: HandshakeAllThreads
Event: 29.675 Executing VM operation: HandshakeAllThreads done
Event: 29.716 Executing VM operation: ICBufferFull
Event: 29.716 Executing VM operation: ICBufferFull done
Event: 29.819 Loaded shared library C:\Program Files\Java\jdk-14.0.2\bin\nio.dll
Event: 29.890 Executing VM operation: G1CollectForAllocation


Dynamic libraries:
0x00007ff7a8370000 - 0x00007ff7a837f000 	C:\Program Files\Java\jdk-14.0.2\bin\java.exe
0x00007ff941ab0000 - 0x00007ff941ca5000 	C:\Windows\SYSTEM32\ntdll.dll
0x00007ff9400a0000 - 0x00007ff94015d000 	C:\Windows\System32\KERNEL32.DLL
0x00007ff93f690000 - 0x00007ff93f958000 	C:\Windows\System32\KERNELBASE.dll
0x00007ff93f220000 - 0x00007ff93f320000 	C:\Windows\System32\ucrtbase.dll
0x00007ff929190000 - 0x00007ff9291a5000 	C:\Program Files\Java\jdk-14.0.2\bin\VCRUNTIME140.dll
0x00007ff929170000 - 0x00007ff929188000 	C:\Program Files\Java\jdk-14.0.2\bin\jli.dll
0x00007ff941810000 - 0x00007ff9418bc000 	C:\Windows\System32\ADVAPI32.dll
0x00007ff93fb10000 - 0x00007ff93fbae000 	C:\Windows\System32\msvcrt.dll
0x00007ff940900000 - 0x00007ff94099b000 	C:\Windows\System32\sechost.dll
0x00007ff9416e0000 - 0x00007ff94180b000 	C:\Windows\System32\RPCRT4.dll
0x00007ff9414e0000 - 0x00007ff941680000 	C:\Windows\System32\USER32.dll
0x00007ff93f660000 - 0x00007ff93f682000 	C:\Windows\System32\win32u.dll
0x00007ff941290000 - 0x00007ff9412ba000 	C:\Windows\System32\GDI32.dll
0x00007ff93f960000 - 0x00007ff93fa6b000 	C:\Windows\System32\gdi32full.dll
0x00007ff93fa70000 - 0x00007ff93fb0d000 	C:\Windows\System32\msvcp_win.dll
0x00007ff93e610000 - 0x00007ff93e8aa000 	C:\Windows\WinSxS\amd64_microsoft.windows.common-controls_6595b64144ccf1df_6.0.19041.844_none_ca00b6081b84eb1d\COMCTL32.dll
0x00007ff93ccc0000 - 0x00007ff93ccca000 	C:\Windows\SYSTEM32\VERSION.dll
0x00007ff9409a0000 - 0x00007ff9409d0000 	C:\Windows\System32\IMM32.DLL
0x00007ff8fefb0000 - 0x00007ff8ff04b000 	C:\Program Files\Java\jdk-14.0.2\bin\msvcp140.dll
0x00007ff89a8f0000 - 0x00007ff89b40e000 	C:\Program Files\Java\jdk-14.0.2\bin\server\jvm.dll
0x00007ff9408f0000 - 0x00007ff9408f8000 	C:\Windows\System32\PSAPI.DLL
0x00007ff9246a0000 - 0x00007ff9246a9000 	C:\Windows\SYSTEM32\WSOCK32.dll
0x00007ff941220000 - 0x00007ff94128b000 	C:\Windows\System32\WS2_32.dll
0x00007ff92a360000 - 0x00007ff92a387000 	C:\Windows\SYSTEM32\WINMM.dll
0x00007ff93d470000 - 0x00007ff93d482000 	C:\Windows\SYSTEM32\kernel.appcore.dll
0x00007ff929160000 - 0x00007ff92916a000 	C:\Program Files\Java\jdk-14.0.2\bin\jimage.dll
0x00007ff93ec70000 - 0x00007ff93ee54000 	C:\Windows\SYSTEM32\DBGHELP.DLL
0x00007ff93eb70000 - 0x00007ff93eb9c000 	C:\Windows\SYSTEM32\dbgcore.DLL
0x00007ff93f590000 - 0x00007ff93f610000 	C:\Windows\System32\bcryptPrimitives.dll
0x00007ff928a00000 - 0x00007ff928a25000 	C:\Program Files\Java\jdk-14.0.2\bin\java.dll
0x00007ff928990000 - 0x00007ff9289a6000 	C:\Program Files\Java\jdk-14.0.2\bin\zip.dll
0x00007ff940ad0000 - 0x00007ff941212000 	C:\Windows\System32\SHELL32.dll
0x00007ff93c440000 - 0x00007ff93cbd1000 	C:\Windows\SYSTEM32\windows.storage.dll
0x00007ff93fd40000 - 0x00007ff940095000 	C:\Windows\System32\combase.dll
0x00007ff93e570000 - 0x00007ff93e59c000 	C:\Windows\SYSTEM32\Wldp.dll
0x00007ff940700000 - 0x00007ff9407ae000 	C:\Windows\System32\SHCORE.dll
0x00007ff940a70000 - 0x00007ff940ac5000 	C:\Windows\System32\shlwapi.dll
0x00007ff93f130000 - 0x00007ff93f14f000 	C:\Windows\SYSTEM32\profapi.dll
0x00007ff928110000 - 0x00007ff928129000 	C:\Program Files\Java\jdk-14.0.2\bin\net.dll
0x00007ff92b080000 - 0x00007ff92b18b000 	C:\Windows\SYSTEM32\WINHTTP.dll
0x00007ff93e2d0000 - 0x00007ff93e33a000 	C:\Windows\system32\mswsock.dll
0x00007ff9280f0000 - 0x00007ff928102000 	C:\Program Files\Java\jdk-14.0.2\bin\nio.dll
0x00007ff929150000 - 0x00007ff929160000 	C:\Program Files\Java\jdk-14.0.2\bin\verify.dll
0x00007ff938460000 - 0x00007ff938487000 	C:\Users\ngoch\.gradle\native\f6784746aeab05261644944871eae4fe03e0ef1612fff0a4a95f87b438bc6780\windows-amd64\native-platform.dll
0x00007ff928bf0000 - 0x00007ff928bf9000 	C:\Program Files\Java\jdk-14.0.2\bin\management.dll
0x00007ff925ee0000 - 0x00007ff925eeb000 	C:\Program Files\Java\jdk-14.0.2\bin\management_ext.dll
0x00007ff93ef80000 - 0x00007ff93ef98000 	C:\Windows\SYSTEM32\CRYPTSP.dll
0x00007ff93dca0000 - 0x00007ff93dcd4000 	C:\Windows\system32\rsaenh.dll
0x00007ff93f1f0000 - 0x00007ff93f217000 	C:\Windows\System32\bcrypt.dll
0x00007ff93f0f0000 - 0x00007ff93f11e000 	C:\Windows\SYSTEM32\USERENV.dll
0x00007ff93e560000 - 0x00007ff93e56c000 	C:\Windows\SYSTEM32\CRYPTBASE.dll
0x00007ff93dfd0000 - 0x00007ff93e00b000 	C:\Windows\SYSTEM32\IPHLPAPI.DLL
0x00007ff9409d0000 - 0x00007ff9409d8000 	C:\Windows\System32\NSI.dll
0x00007ff92d550000 - 0x00007ff92d567000 	C:\Windows\SYSTEM32\dhcpcsvc6.DLL
0x00007ff933c40000 - 0x00007ff933c5d000 	C:\Windows\SYSTEM32\dhcpcsvc.DLL
0x00007ff93e010000 - 0x00007ff93e0dc000 	C:\Windows\SYSTEM32\DNSAPI.dll
0x00007ff934cb0000 - 0x00007ff934cbb000 	C:\Windows\SYSTEM32\WINNSI.DLL

dbghelp: loaded successfully - version: 4.0.5 - missing functions: none
symbol engine: initialized successfully - sym options: 0x614 - pdb path: .;C:\Program Files\Java\jdk-14.0.2\bin;C:\Windows\SYSTEM32;C:\Windows\WinSxS\amd64_microsoft.windows.common-controls_6595b64144ccf1df_6.0.19041.844_none_ca00b6081b84eb1d;C:\Program Files\Java\jdk-14.0.2\bin\server;C:\Users\ngoch\.gradle\native\f6784746aeab05261644944871eae4fe03e0ef1612fff0a4a95f87b438bc6780\windows-amd64

VM Arguments:
jvm_args: --add-opens=java.base/java.util=ALL-UNNAMED --add-opens=java.base/java.lang=ALL-UNNAMED --add-opens=java.base/java.lang.invoke=ALL-UNNAMED --add-opens=java.prefs/java.util.prefs=ALL-UNNAMED -Xmx2048m -Dfile.encoding=UTF-8 -Duser.country=US -Duser.language=en -Duser.variant 
java_command: org.gradle.launcher.daemon.bootstrap.GradleDaemon 6.5
java_class_path (initial): C:\Users\ngoch\.gradle\wrapper\dists\gradle-6.5-bin\6nifqtx7604sqp1q6g8wikw7p\gradle-6.5\lib\gradle-launcher-6.5.jar
Launcher Type: SUN_STANDARD

[Global flags]
     intx CICompilerCount                          = 3                                         {product} {ergonomic}
     uint ConcGCThreads                            = 1                                         {product} {ergonomic}
     uint G1ConcRefinementThreads                  = 4                                         {product} {ergonomic}
   size_t G1HeapRegionSize                         = 1048576                                   {product} {ergonomic}
    uintx GCDrainStackTargetSize                   = 64                                        {product} {ergonomic}
   size_t InitialHeapSize                          = 134217728                                 {product} {ergonomic}
   size_t MarkStackSize                            = 4194304                                   {product} {ergonomic}
   size_t MaxHeapSize                              = 2147483648                                {product} {command line}
   size_t MaxNewSize                               = 1287651328                                {product} {ergonomic}
   size_t MinHeapDeltaBytes                        = 1048576                                   {product} {ergonomic}
   size_t MinHeapSize                              = 8388608                                   {product} {ergonomic}
    uintx NonNMethodCodeHeapSize                   = 5832780                                {pd product} {ergonomic}
    uintx NonProfiledCodeHeapSize                  = 122912730                              {pd product} {ergonomic}
    uintx ProfiledCodeHeapSize                     = 122912730                              {pd product} {ergonomic}
    uintx ReservedCodeCacheSize                    = 251658240                              {pd product} {ergonomic}
     bool SegmentedCodeCache                       = true                                      {product} {ergonomic}
   size_t SoftMaxHeapSize                          = 2147483648                             {manageable} {ergonomic}
     bool UseCompressedClassPointers               = true                                 {lp64_product} {ergonomic}
     bool UseCompressedOops                        = true                                 {lp64_product} {ergonomic}
     bool UseG1GC                                  = true                                      {product} {ergonomic}
     bool UseLargePagesIndividualAllocation        = false                                  {pd product} {ergonomic}

Logging:
Log output configuration:
 #0: stdout all=warning uptime,level,tags
 #1: stderr all=off uptime,level,tags

Environment Variables:
PATH=C:\Program Files (x86)\Common Files\Oracle\Java\javapath;C:\Python39\Scripts\;C:\Python39\;C:\Windows\system32;C:\Windows;C:\Windows\System32\Wbem;C:\Windows\System32\WindowsPowerShell\v1.0\;C:\Windows\System32\OpenSSH\;C:\Program Files\Microsoft SQL Server\120\DTS\Binn\;C:\Program Files\Microsoft SQL Server\Client SDK\ODBC\110\Tools\Binn\;C:\Program Files (x86)\Microsoft SQL Server\120\Tools\Binn\;C:\Program Files\Microsoft SQL Server\120\Tools\Binn\;C:\Program Files (x86)\Microsoft SQL Server\120\Tools\Binn\ManagementStudio\;C:\Program Files (x86)\Microsoft SQL Server\120\DTS\Binn\;C:\Program Files\Microsoft SQL Server\130\Tools\Binn\;C:\Program Files\Microsoft SQL Server\Client SDK\ODBC\170\Tools\Binn\;C:\Program Files (x86)\Intel\Intel(R) Management Engine Components\DAL;C:\Program Files\Intel\Intel(R) Management Engine Components\DAL;C:\Program Files (x86)\NVIDIA Corporation\PhysX\Common;C:\Program Files\nodejs\;C:\ProgramData\chocolatey\bin;C:\Program Files\Git\cmd;C:\Program Files\Java\jdk-14.0.2\bin;C:\Users\ngoch\Android\SDK\platform-tools;C:\Users\ngoch\Android\SDK\tools;C:\Users\ngoch\Android\SDK\tools\bin;C:\Program Files\dotnet\;C:\Windows\system32\config\systemprofile\.dnx\bin;C:\Program Files\Microsoft DNX\Dnvm\;C:\Users\ngoch\AppData\Local\Microsoft\WindowsApps;C:\Users\ngoch\AppData\Roaming\npm;C:\Program Files\heroku\bin;C:\Users\ngoch\AppData\Local\Programs\Microsoft VS Code\bin;C:\Users\ngoch\.dotnet\tools;C:\Program Files\JetBrains\IntelliJ IDEA Community Edition 2020.3.3\bin;
USERNAME=ngoch
OS=Windows_NT
PROCESSOR_IDENTIFIER=Intel64 Family 6 Model 142 Stepping 9, GenuineIntel



---------------  S Y S T E M  ---------------

OS: Windows 10 , 64 bit Build 19041 (10.0.19041.928)
OS uptime: 0 days 5:02 hours

CPU:total 4 (initial active 4) (2 cores per cpu, 2 threads per core) family 6 model 142 stepping 9, cmov, cx8, fxsr, mmx, sse, sse2, sse3, ssse3, sse4.1, sse4.2, popcnt, avx, avx2, aes, clmul, erms, 3dnowpref, lzcnt, ht, tsc, tscinvbit, bmi1, bmi2, adx, fma

Memory: 4k page, system-wide physical 8090M (75M free)
TotalPageFile size 32666M (AvailPageFile size 19M)
current process WorkingSet (physical memory assigned to process): 334M, peak: 336M
current process commit charge ("private bytes"): 381M, peak: 397M

vm_info: Java HotSpot(TM) 64-Bit Server VM (14.0.2+12-46) for windows-amd64 JRE (14.0.2+12-46), built on Jul  9 2020 00:35:52 by "mach5one" with MS VC++ 15.9 (VS2017)

END.
