#
# There is insufficient memory for the Java Runtime Environment to continue.
# Native memory allocation (mmap) failed to map 87031808 bytes for Failed to commit area from 0x000000008ac00000 to 0x000000008ff00000 of length 87031808.
# Possible reasons:
#   The system is out of physical RAM or swap space
#   The process is running with CompressedOops enabled, and the Java Heap may be blocking the growth of the native heap
# Possible solutions:
#   Reduce memory load on the system
#   Increase physical memory or swap space
#   Check if swap backing store is full
#   Decrease Java heap size (-Xmx/-Xms)
#   Decrease number of Java threads
#   Decrease Java thread stack sizes (-Xss)
#   Set larger code cache with -XX:ReservedCodeCacheSize=
#   JVM is running with Unscaled Compressed Oops mode in which the Java heap is
#     placed in the first 4GB address space. The Java Heap base address is the
#     maximum limit for the native heap growth. Please use -XX:HeapBaseMinAddress
#     to set the Java Heap base and to place the Java Heap above 4GB virtual address.
# This output file may be truncated or incomplete.
#
#  Out of Memory Error (./open/src/hotspot/os/windows/os_windows.cpp:3315), pid=22804, tid=22900
#
# JRE version: Java(TM) SE Runtime Environment (14.0.2+12) (build 14.0.2+12-46)
# Java VM: Java HotSpot(TM) 64-Bit Server VM (14.0.2+12-46, mixed mode, sharing, tiered, compressed oops, g1 gc, windows-amd64)
# No core dump will be written. Minidumps are not enabled by default on client versions of Windows
#

---------------  S U M M A R Y ------------

Command Line: --add-opens=java.base/java.util=ALL-UNNAMED --add-opens=java.base/java.lang=ALL-UNNAMED --add-opens=java.base/java.lang.invoke=ALL-UNNAMED --add-opens=java.prefs/java.util.prefs=ALL-UNNAMED -Xmx2048m -Dfile.encoding=UTF-8 -Duser.country=US -Duser.language=en -Duser.variant org.gradle.launcher.daemon.bootstrap.GradleDaemon 6.5

Host: Intel(R) Core(TM) i5-7200U CPU @ 2.50GHz, 4 cores, 7G,  Windows 10 , 64 bit Build 19041 (10.0.19041.928)
Time: Sat Apr 17 22:40:26 2021 SE Asia Standard Time elapsed time: 216 seconds (0d 0h 3m 36s)

---------------  T H R E A D  ---------------

Current thread (0x0000029c706ae000):  VMThread "VM Thread" [stack: 0x000000c3cbf00000,0x000000c3cc000000] [id=22900]

Stack: [0x000000c3cbf00000,0x000000c3cc000000]
[error occurred during error reporting (printing stack bounds), id 0xc0000005, EXCEPTION_ACCESS_VIOLATION (0xc0000005) at pc=0x0000029c59eb10ad]

Native frames: (J=compiled Java code, j=interpreted, Vv=VM code, C=native code)
V  [jvm.dll+0x5f8a9a]
V  [jvm.dll+0x74247a]
V  [jvm.dll+0x743c2f]
V  [jvm.dll+0x7441d5]
V  [jvm.dll+0x74418b]
V  [jvm.dll+0x5f7f6f]
V  [jvm.dll+0x5f8738]
C  [ntdll.dll+0xa207f]
C  [ntdll.dll+0x51454]
C  [ntdll.dll+0xa0bae]
C  0x0000029c59eb10ad

VM_Operation (0x000000c3cbbff520): G1Concurrent, mode: safepoint, requested by thread 0x0000029c4ff22000


---------------  P R O C E S S  ---------------

Threads class SMR info:
_java_thread_list=0x0000029c7504cbe0, length=159, elements={
0x0000029c4fecb000, 0x0000029c706b0000, 0x0000029c706b1800, 0x0000029c706c8000,
0x0000029c706cd000, 0x0000029c706ce000, 0x0000029c706cf000, 0x0000029c706d0800,
0x0000029c71048800, 0x0000029c71118000, 0x0000029c71132800, 0x0000029c72506800,
0x0000029c72203000, 0x0000029c7284f000, 0x0000029c7147d800, 0x0000029c7147e800,
0x0000029c7147f800, 0x0000029c73f13800, 0x0000029c73f15000, 0x0000029c73f17800,
0x0000029c73f16800, 0x0000029c73f18800, 0x0000029c73f12800, 0x0000029c73f14800,
0x0000029c73f1a000, 0x0000029c73f19000, 0x0000029c73f1d000, 0x0000029c73f20800,
0x0000029c73f1b800, 0x0000029c73f1f800, 0x0000029c73f1b000, 0x0000029c73f21800,
0x0000029c73f1c800, 0x0000029c73f1e000, 0x0000029c73f1f000, 0x0000029c71479800,
0x0000029c7147d000, 0x0000029c7147b000, 0x0000029c7147c000, 0x0000029c71480000,
0x0000029c7147a800, 0x0000029c74c39000, 0x0000029c74c3a000, 0x0000029c74c3b000,
0x0000029c74c3b800, 0x0000029c74c36000, 0x0000029c74c3c800, 0x0000029c74c37800,
0x0000029c74c38800, 0x0000029c74c36800, 0x0000029c74c40800, 0x0000029c74c3f800,
0x0000029c74c3e000, 0x0000029c74c41800, 0x0000029c74c43000, 0x0000029c74c3d000,
0x0000029c74c43800, 0x0000029c74c44800, 0x0000029c74c42000, 0x0000029c74c3f000,
0x0000029c73c34800, 0x0000029c73c34000, 0x0000029c73c35800, 0x0000029c73c36800,
0x0000029c73c33000, 0x0000029c73c3d000, 0x0000029c73c3b000, 0x0000029c73c37000,
0x0000029c73c38000, 0x0000029c73c3e800, 0x0000029c73c3c000, 0x0000029c73c3d800,
0x0000029c73c38800, 0x0000029c73c3f000, 0x0000029c73c39800, 0x0000029c73c40000,
0x0000029c73c3a800, 0x0000029c73c41000, 0x0000029c73c41800, 0x0000029c738bd800,
0x0000029c738c4000, 0x0000029c738be800, 0x0000029c738c1000, 0x0000029c738c5000,
0x0000029c738bf000, 0x0000029c738c5800, 0x0000029c738c0000, 0x0000029c738c6800,
0x0000029c738c7800, 0x0000029c738c3800, 0x0000029c738c1800, 0x0000029c738c8000,
0x0000029c738c2800, 0x0000029c738ca000, 0x0000029c738c9000, 0x0000029c738ca800,
0x0000029c738cb800, 0x0000029c738cc800, 0x0000029c74251800, 0x0000029c7424e000,
0x0000029c74250800, 0x0000029c74252000, 0x0000029c74253000, 0x0000029c7424d000,
0x0000029c74253800, 0x0000029c74254800, 0x0000029c7424f000, 0x0000029c7424f800,
0x0000029c74257000, 0x0000029c74258800, 0x0000029c74255800, 0x0000029c74258000,
0x0000029c7425c000, 0x0000029c7425a000, 0x0000029c74259800, 0x0000029c7425b000,
0x0000029c74256000, 0x0000029c71ac6000, 0x0000029c71ac5800, 0x0000029c71ac7000,
0x0000029c71ac8000, 0x0000029c71ac8800, 0x0000029c71ac4800, 0x0000029c71ac3000,
0x0000029c71ac9800, 0x0000029c71ac3800, 0x0000029c71ace800, 0x0000029c71acf000,
0x0000029c71ad0000, 0x0000029c71aca800, 0x0000029c71ad1000, 0x0000029c71acb000,
0x0000029c71ad1800, 0x0000029c71acd800, 0x0000029c71acc000, 0x0000029c71acc800,
0x0000029c72bcd000, 0x0000029c72bcb800, 0x0000029c72bd2000, 0x0000029c72bcc000,
0x0000029c72bcf800, 0x0000029c72bd2800, 0x0000029c72bd0000, 0x0000029c72bcd800,
0x0000029c72bd1000, 0x0000029c72bd3800, 0x0000029c72bd4000, 0x0000029c72bce800,
0x0000029c72bda000, 0x0000029c72bd9000, 0x0000029c72bd5000, 0x0000029c72bd6000,
0x0000029c72bd7800, 0x0000029c72bd6800, 0x0000029c72bd8800, 0x0000029c75377800,
0x0000029c75375000, 0x0000029c7537a000, 0x0000029c75379000
}

Java Threads: ( => current thread )
  0x0000029c4fecb000 JavaThread "main" [_thread_blocked, id=22864, stack(0x000000c3cb900000,0x000000c3cba00000)]
  0x0000029c706b0000 JavaThread "Reference Handler" daemon [_thread_blocked, id=22904, stack(0x000000c3cc000000,0x000000c3cc100000)]
  0x0000029c706b1800 JavaThread "Finalizer" daemon [_thread_blocked, id=22908, stack(0x000000c3cc100000,0x000000c3cc200000)]
  0x0000029c706c8000 JavaThread "Signal Dispatcher" daemon [_thread_blocked, id=22920, stack(0x000000c3cc200000,0x000000c3cc300000)]
  0x0000029c706cd000 JavaThread "Attach Listener" daemon [_thread_blocked, id=22924, stack(0x000000c3cc300000,0x000000c3cc400000)]
  0x0000029c706ce000 JavaThread "Service Thread" daemon [_thread_blocked, id=22928, stack(0x000000c3cc400000,0x000000c3cc500000)]
  0x0000029c706cf000 JavaThread "C2 CompilerThread0" daemon [_thread_blocked, id=22932, stack(0x000000c3cc500000,0x000000c3cc600000)]
  0x0000029c706d0800 JavaThread "C1 CompilerThread0" daemon [_thread_blocked, id=22936, stack(0x000000c3cc600000,0x000000c3cc700000)]
  0x0000029c71048800 JavaThread "Sweeper thread" daemon [_thread_blocked, id=22944, stack(0x000000c3cc700000,0x000000c3cc800000)]
  0x0000029c71118000 JavaThread "Common-Cleaner" daemon [_thread_blocked, id=22956, stack(0x000000c3cc800000,0x000000c3cc900000)]
  0x0000029c71132800 JavaThread "Notification Thread" daemon [_thread_blocked, id=22960, stack(0x000000c3cc900000,0x000000c3cca00000)]
  0x0000029c72506800 JavaThread "Daemon health stats" [_thread_blocked, id=23004, stack(0x000000c3ccd00000,0x000000c3cce00000)]
  0x0000029c72203000 JavaThread "Incoming local TCP Connector on port 1038" [_thread_in_native, id=23100, stack(0x000000c3cd000000,0x000000c3cd100000)]
  0x0000029c7284f000 JavaThread "Daemon periodic checks" [_thread_in_native, id=23108, stack(0x000000c3cd100000,0x000000c3cd200000)]
  0x0000029c7147d800 JavaThread "Cache worker for journal cache (C:\Users\ngoch\.gradle\caches\journal-1)" [_thread_blocked, id=23164, stack(0x000000c3cd900000,0x000000c3cda00000)]
  0x0000029c7147e800 JavaThread "File lock request listener" [_thread_in_native, id=23168, stack(0x000000c3cda00000,0x000000c3cdb00000)]
  0x0000029c7147f800 JavaThread "Cache worker for file hash cache (C:\Users\ngoch\.gradle\caches\6.5\fileHashes)" [_thread_blocked, id=23172, stack(0x000000c3cdb00000,0x000000c3cdc00000)]
  0x0000029c73f13800 JavaThread "Cache worker for execution history cache (C:\Users\ngoch\.gradle\caches\6.5\executionHistory)" [_thread_blocked, id=23280, stack(0x000000c3ce100000,0x000000c3ce200000)]
  0x0000029c73f15000 JavaThread "Cache worker for file content cache (C:\Users\ngoch\.gradle\caches\6.5\fileContent)" [_thread_blocked, id=23368, stack(0x000000c3ce300000,0x000000c3ce400000)]
  0x0000029c73f17800 JavaThread "Daemon Thread 2" [_thread_blocked, id=22560, stack(0x000000c3cb600000,0x000000c3cb700000)]
  0x0000029c73f16800 JavaThread "Handler for socket connection from /127.0.0.1:1038 to /127.0.0.1:1170" [_thread_in_native, id=23012, stack(0x000000c3cb700000,0x000000c3cb800000)]
  0x0000029c73f18800 JavaThread "Cancel handler" [_thread_blocked, id=18520, stack(0x000000c3cb800000,0x000000c3cb900000)]
  0x0000029c73f12800 JavaThread "Daemon worker Thread 2" [_thread_blocked, id=19324, stack(0x000000c3cce00000,0x000000c3ccf00000)]
  0x0000029c73f14800 JavaThread "Asynchronous log dispatcher for DefaultDaemonConnection: socket connection from /127.0.0.1:1038 to /127.0.0.1:1170" [_thread_blocked, id=21848, stack(0x000000c3ccf00000,0x000000c3cd000000)]
  0x0000029c73f1a000 JavaThread "Stdin handler" [_thread_blocked, id=6892, stack(0x000000c3cd200000,0x000000c3cd300000)]
  0x0000029c73f19000 JavaThread "Thread-141" [_thread_blocked, id=5784, stack(0x000000c3cd300000,0x000000c3cd400000)]
  0x0000029c73f1d000 JavaThread "Cache worker for file hash cache (C:\Users\ngoch\AndroidStudioProjects\Ecommerce\.gradle\6.5\fileHashes)" [_thread_blocked, id=3640, stack(0x000000c3cd400000,0x000000c3cd500000)]
  0x0000029c73f20800 JavaThread "Cache worker for checksums cache (C:\Users\ngoch\AndroidStudioProjects\Ecommerce\.gradle\checksums)" [_thread_blocked, id=22392, stack(0x000000c3cd500000,0x000000c3cd600000)]
  0x0000029c73f1b800 JavaThread "Cache worker for cache directory md-supplier (C:\Users\ngoch\.gradle\caches\6.5\md-supplier)" [_thread_blocked, id=18912, stack(0x000000c3cd600000,0x000000c3cd700000)]
  0x0000029c73f1f800 JavaThread "Cache worker for cache directory md-rule (C:\Users\ngoch\.gradle\caches\6.5\md-rule)" [_thread_blocked, id=16024, stack(0x000000c3cd700000,0x000000c3cd800000)]
  0x0000029c73f1b000 JavaThread "Build operations" [_thread_blocked, id=13516, stack(0x000000c3cd800000,0x000000c3cd900000)]
  0x0000029c73f21800 JavaThread "Build operations Thread 2" [_thread_blocked, id=23524, stack(0x000000c3cdd00000,0x000000c3cde00000)]
  0x0000029c73f1c800 JavaThread "Build operations Thread 3" [_thread_blocked, id=22732, stack(0x000000c3cde00000,0x000000c3cdf00000)]
  0x0000029c73f1e000 JavaThread "Build operations Thread 4" [_thread_blocked, id=20372, stack(0x000000c3cdf00000,0x000000c3ce000000)]
  0x0000029c73f1f000 JavaThread "jar transforms Thread 115" [_thread_blocked, id=7588, stack(0x000000c3ce000000,0x000000c3ce100000)]
  0x0000029c71479800 JavaThread "jar transforms Thread 116" [_thread_blocked, id=2852, stack(0x000000c3ce200000,0x000000c3ce300000)]
  0x0000029c7147d000 JavaThread "jar transforms Thread 117" [_thread_blocked, id=8188, stack(0x000000c3ce400000,0x000000c3ce500000)]
  0x0000029c7147b000 JavaThread "jar transforms Thread 118" [_thread_blocked, id=23500, stack(0x000000c3ce500000,0x000000c3ce600000)]
  0x0000029c7147c000 JavaThread "jar transforms Thread 119" [_thread_blocked, id=19724, stack(0x000000c3ce600000,0x000000c3ce700000)]
  0x0000029c71480000 JavaThread "jar transforms Thread 120" [_thread_blocked, id=19832, stack(0x000000c3ce700000,0x000000c3ce800000)]
  0x0000029c7147a800 JavaThread "jar transforms Thread 121" [_thread_blocked, id=1588, stack(0x000000c3ce800000,0x000000c3ce900000)]
  0x0000029c74c39000 JavaThread "jar transforms Thread 122" [_thread_blocked, id=3912, stack(0x000000c3ce900000,0x000000c3cea00000)]
  0x0000029c74c3a000 JavaThread "jar transforms Thread 123" [_thread_blocked, id=21968, stack(0x000000c3cea00000,0x000000c3ceb00000)]
  0x0000029c74c3b000 JavaThread "jar transforms Thread 124" [_thread_blocked, id=2976, stack(0x000000c3ceb00000,0x000000c3cec00000)]
  0x0000029c74c3b800 JavaThread "jar transforms Thread 125" [_thread_blocked, id=23324, stack(0x000000c3cec00000,0x000000c3ced00000)]
  0x0000029c74c36000 JavaThread "jar transforms Thread 126" [_thread_blocked, id=19996, stack(0x000000c3ced00000,0x000000c3cee00000)]
  0x0000029c74c3c800 JavaThread "jar transforms Thread 127" [_thread_blocked, id=18148, stack(0x000000c3cee00000,0x000000c3cef00000)]
  0x0000029c74c37800 JavaThread "jar transforms Thread 128" [_thread_blocked, id=676, stack(0x000000c3cef00000,0x000000c3cf000000)]
  0x0000029c74c38800 JavaThread "jar transforms Thread 129" [_thread_blocked, id=13900, stack(0x000000c3cf000000,0x000000c3cf100000)]
  0x0000029c74c36800 JavaThread "jar transforms Thread 130" [_thread_blocked, id=17944, stack(0x000000c3cf100000,0x000000c3cf200000)]
  0x0000029c74c40800 JavaThread "jar transforms Thread 131" [_thread_blocked, id=19332, stack(0x000000c3cf200000,0x000000c3cf300000)]
  0x0000029c74c3f800 JavaThread "jar transforms Thread 132" [_thread_blocked, id=10208, stack(0x000000c3cf300000,0x000000c3cf400000)]
  0x0000029c74c3e000 JavaThread "jar transforms Thread 133" [_thread_blocked, id=13276, stack(0x000000c3cf400000,0x000000c3cf500000)]
  0x0000029c74c41800 JavaThread "jar transforms Thread 134" [_thread_blocked, id=7804, stack(0x000000c3cf500000,0x000000c3cf600000)]
  0x0000029c74c43000 JavaThread "jar transforms Thread 135" [_thread_blocked, id=14740, stack(0x000000c3cf600000,0x000000c3cf700000)]
  0x0000029c74c3d000 JavaThread "jar transforms Thread 136" [_thread_blocked, id=20628, stack(0x000000c3cf700000,0x000000c3cf800000)]
  0x0000029c74c43800 JavaThread "jar transforms Thread 137" [_thread_blocked, id=18692, stack(0x000000c3cf800000,0x000000c3cf900000)]
  0x0000029c74c44800 JavaThread "jar transforms Thread 138" [_thread_blocked, id=18484, stack(0x000000c3cf900000,0x000000c3cfa00000)]
  0x0000029c74c42000 JavaThread "jar transforms Thread 139" [_thread_blocked, id=4144, stack(0x000000c3cfa00000,0x000000c3cfb00000)]
  0x0000029c74c3f000 JavaThread "jar transforms Thread 140" [_thread_blocked, id=19620, stack(0x000000c3cfb00000,0x000000c3cfc00000)]
  0x0000029c73c34800 JavaThread "jar transforms Thread 141" [_thread_blocked, id=22636, stack(0x000000c3cfc00000,0x000000c3cfd00000)]
  0x0000029c73c34000 JavaThread "jar transforms Thread 142" [_thread_blocked, id=6996, stack(0x000000c3cfd00000,0x000000c3cfe00000)]
  0x0000029c73c35800 JavaThread "jar transforms Thread 143" [_thread_blocked, id=10212, stack(0x000000c3cfe00000,0x000000c3cff00000)]
  0x0000029c73c36800 JavaThread "jar transforms Thread 144" [_thread_blocked, id=6920, stack(0x000000c3cff00000,0x000000c3d0000000)]
  0x0000029c73c33000 JavaThread "jar transforms Thread 145" [_thread_blocked, id=11464, stack(0x000000c3d0000000,0x000000c3d0100000)]
  0x0000029c73c3d000 JavaThread "jar transforms Thread 146" [_thread_blocked, id=10668, stack(0x000000c3d0100000,0x000000c3d0200000)]
  0x0000029c73c3b000 JavaThread "jar transforms Thread 147" [_thread_blocked, id=19112, stack(0x000000c3d0200000,0x000000c3d0300000)]
  0x0000029c73c37000 JavaThread "jar transforms Thread 148" [_thread_blocked, id=9260, stack(0x000000c3d0300000,0x000000c3d0400000)]
  0x0000029c73c38000 JavaThread "jar transforms Thread 149" [_thread_blocked, id=8264, stack(0x000000c3d0400000,0x000000c3d0500000)]
  0x0000029c73c3e800 JavaThread "jar transforms Thread 150" [_thread_blocked, id=2840, stack(0x000000c3d0500000,0x000000c3d0600000)]
  0x0000029c73c3c000 JavaThread "jar transforms Thread 151" [_thread_blocked, id=19852, stack(0x000000c3d0600000,0x000000c3d0700000)]
  0x0000029c73c3d800 JavaThread "jar transforms Thread 152" [_thread_blocked, id=23496, stack(0x000000c3d0700000,0x000000c3d0800000)]
  0x0000029c73c38800 JavaThread "jar transforms Thread 153" [_thread_blocked, id=21660, stack(0x000000c3d0800000,0x000000c3d0900000)]
  0x0000029c73c3f000 JavaThread "jar transforms Thread 154" [_thread_blocked, id=23420, stack(0x000000c3d0900000,0x000000c3d0a00000)]
  0x0000029c73c39800 JavaThread "jar transforms Thread 155" [_thread_blocked, id=21680, stack(0x000000c3d0a00000,0x000000c3d0b00000)]
  0x0000029c73c40000 JavaThread "jar transforms Thread 156" [_thread_blocked, id=23512, stack(0x000000c3d0b00000,0x000000c3d0c00000)]
  0x0000029c73c3a800 JavaThread "jar transforms Thread 157" [_thread_blocked, id=20404, stack(0x000000c3d0c00000,0x000000c3d0d00000)]
  0x0000029c73c41000 JavaThread "jar transforms Thread 158" [_thread_blocked, id=21276, stack(0x000000c3d0d00000,0x000000c3d0e00000)]
  0x0000029c73c41800 JavaThread "jar transforms Thread 159" [_thread_blocked, id=23488, stack(0x000000c3d0e00000,0x000000c3d0f00000)]
  0x0000029c738bd800 JavaThread "jar transforms Thread 160" [_thread_blocked, id=23492, stack(0x000000c3d0f00000,0x000000c3d1000000)]
  0x0000029c738c4000 JavaThread "jar transforms Thread 161" [_thread_blocked, id=22688, stack(0x000000c3d1000000,0x000000c3d1100000)]
  0x0000029c738be800 JavaThread "jar transforms Thread 162" [_thread_blocked, id=22552, stack(0x000000c3d1100000,0x000000c3d1200000)]
  0x0000029c738c1000 JavaThread "jar transforms Thread 163" [_thread_blocked, id=20980, stack(0x000000c3d1200000,0x000000c3d1300000)]
  0x0000029c738c5000 JavaThread "jar transforms Thread 164" [_thread_blocked, id=23048, stack(0x000000c3d1300000,0x000000c3d1400000)]
  0x0000029c738bf000 JavaThread "jar transforms Thread 165" [_thread_blocked, id=22336, stack(0x000000c3d1400000,0x000000c3d1500000)]
  0x0000029c738c5800 JavaThread "jar transforms Thread 166" [_thread_blocked, id=18000, stack(0x000000c3d1500000,0x000000c3d1600000)]
  0x0000029c738c0000 JavaThread "jar transforms Thread 167" [_thread_blocked, id=22008, stack(0x000000c3d1600000,0x000000c3d1700000)]
  0x0000029c738c6800 JavaThread "jar transforms Thread 168" [_thread_blocked, id=23404, stack(0x000000c3d1700000,0x000000c3d1800000)]
  0x0000029c738c7800 JavaThread "jar transforms Thread 169" [_thread_blocked, id=11204, stack(0x000000c3d1800000,0x000000c3d1900000)]
  0x0000029c738c3800 JavaThread "jar transforms Thread 170" [_thread_blocked, id=21284, stack(0x000000c3d1900000,0x000000c3d1a00000)]
  0x0000029c738c1800 JavaThread "jar transforms Thread 171" [_thread_blocked, id=4064, stack(0x000000c3d1a00000,0x000000c3d1b00000)]
  0x0000029c738c8000 JavaThread "jar transforms Thread 172" [_thread_blocked, id=1804, stack(0x000000c3d1b00000,0x000000c3d1c00000)]
  0x0000029c738c2800 JavaThread "jar transforms Thread 173" [_thread_blocked, id=20920, stack(0x000000c3d1c00000,0x000000c3d1d00000)]
  0x0000029c738ca000 JavaThread "jar transforms Thread 174" [_thread_blocked, id=20556, stack(0x000000c3d1d00000,0x000000c3d1e00000)]
  0x0000029c738c9000 JavaThread "jar transforms Thread 175" [_thread_blocked, id=11184, stack(0x000000c3d1e00000,0x000000c3d1f00000)]
  0x0000029c738ca800 JavaThread "jar transforms Thread 176" [_thread_blocked, id=20696, stack(0x000000c3d1f00000,0x000000c3d2000000)]
  0x0000029c738cb800 JavaThread "jar transforms Thread 177" [_thread_blocked, id=23200, stack(0x000000c3d2000000,0x000000c3d2100000)]
  0x0000029c738cc800 JavaThread "jar transforms Thread 178" [_thread_blocked, id=17396, stack(0x000000c3d2100000,0x000000c3d2200000)]
  0x0000029c74251800 JavaThread "jar transforms Thread 179" [_thread_blocked, id=20724, stack(0x000000c3d2200000,0x000000c3d2300000)]
  0x0000029c7424e000 JavaThread "jar transforms Thread 180" [_thread_blocked, id=23152, stack(0x000000c3d2300000,0x000000c3d2400000)]
  0x0000029c74250800 JavaThread "jar transforms Thread 181" [_thread_blocked, id=13832, stack(0x000000c3d2400000,0x000000c3d2500000)]
  0x0000029c74252000 JavaThread "jar transforms Thread 182" [_thread_blocked, id=11940, stack(0x000000c3d2500000,0x000000c3d2600000)]
  0x0000029c74253000 JavaThread "jar transforms Thread 183" [_thread_blocked, id=4668, stack(0x000000c3d2600000,0x000000c3d2700000)]
  0x0000029c7424d000 JavaThread "jar transforms Thread 184" [_thread_blocked, id=19204, stack(0x000000c3d2700000,0x000000c3d2800000)]
  0x0000029c74253800 JavaThread "jar transforms Thread 185" [_thread_blocked, id=23036, stack(0x000000c3d2800000,0x000000c3d2900000)]
  0x0000029c74254800 JavaThread "jar transforms Thread 186" [_thread_blocked, id=23112, stack(0x000000c3d2900000,0x000000c3d2a00000)]
  0x0000029c7424f000 JavaThread "jar transforms Thread 187" [_thread_blocked, id=22828, stack(0x000000c3d2a00000,0x000000c3d2b00000)]
  0x0000029c7424f800 JavaThread "jar transforms Thread 188" [_thread_blocked, id=22884, stack(0x000000c3d2b00000,0x000000c3d2c00000)]
  0x0000029c74257000 JavaThread "jar transforms Thread 189" [_thread_blocked, id=22728, stack(0x000000c3d2c00000,0x000000c3d2d00000)]
  0x0000029c74258800 JavaThread "jar transforms Thread 190" [_thread_blocked, id=21936, stack(0x000000c3d2d00000,0x000000c3d2e00000)]
  0x0000029c74255800 JavaThread "jar transforms Thread 191" [_thread_blocked, id=19944, stack(0x000000c3d2e00000,0x000000c3d2f00000)]
  0x0000029c74258000 JavaThread "jar transforms Thread 192" [_thread_blocked, id=7036, stack(0x000000c3d2f00000,0x000000c3d3000000)]
  0x0000029c7425c000 JavaThread "jar transforms Thread 193" [_thread_blocked, id=22120, stack(0x000000c3d3000000,0x000000c3d3100000)]
  0x0000029c7425a000 JavaThread "jar transforms Thread 194" [_thread_blocked, id=20428, stack(0x000000c3d3100000,0x000000c3d3200000)]
  0x0000029c74259800 JavaThread "jar transforms Thread 195" [_thread_blocked, id=22244, stack(0x000000c3d3200000,0x000000c3d3300000)]
  0x0000029c7425b000 JavaThread "jar transforms Thread 196" [_thread_blocked, id=22680, stack(0x000000c3d3300000,0x000000c3d3400000)]
  0x0000029c74256000 JavaThread "jar transforms Thread 197" [_thread_blocked, id=23448, stack(0x000000c3d3400000,0x000000c3d3500000)]
  0x0000029c71ac6000 JavaThread "jar transforms Thread 198" [_thread_blocked, id=21084, stack(0x000000c3d3500000,0x000000c3d3600000)]
  0x0000029c71ac5800 JavaThread "jar transforms Thread 199" [_thread_blocked, id=14644, stack(0x000000c3d3600000,0x000000c3d3700000)]
  0x0000029c71ac7000 JavaThread "jar transforms Thread 200" [_thread_blocked, id=20996, stack(0x000000c3d3700000,0x000000c3d3800000)]
  0x0000029c71ac8000 JavaThread "jar transforms Thread 201" [_thread_blocked, id=22644, stack(0x000000c3d3800000,0x000000c3d3900000)]
  0x0000029c71ac8800 JavaThread "jar transforms Thread 202" [_thread_blocked, id=22044, stack(0x000000c3d3900000,0x000000c3d3a00000)]
  0x0000029c71ac4800 JavaThread "jar transforms Thread 203" [_thread_blocked, id=22416, stack(0x000000c3d3a00000,0x000000c3d3b00000)]
  0x0000029c71ac3000 JavaThread "jar transforms Thread 204" [_thread_blocked, id=16188, stack(0x000000c3d3b00000,0x000000c3d3c00000)]
  0x0000029c71ac9800 JavaThread "jar transforms Thread 205" [_thread_blocked, id=2616, stack(0x000000c3d3c00000,0x000000c3d3d00000)]
  0x0000029c71ac3800 JavaThread "jar transforms Thread 206" [_thread_blocked, id=23508, stack(0x000000c3d3d00000,0x000000c3d3e00000)]
  0x0000029c71ace800 JavaThread "jar transforms Thread 207" [_thread_blocked, id=14856, stack(0x000000c3d3e00000,0x000000c3d3f00000)]
  0x0000029c71acf000 JavaThread "jar transforms Thread 208" [_thread_blocked, id=22700, stack(0x000000c3d3f00000,0x000000c3d4000000)]
  0x0000029c71ad0000 JavaThread "jar transforms Thread 209" [_thread_blocked, id=12628, stack(0x000000c3d4000000,0x000000c3d4100000)]
  0x0000029c71aca800 JavaThread "jar transforms Thread 210" [_thread_blocked, id=9848, stack(0x000000c3d4100000,0x000000c3d4200000)]
  0x0000029c71ad1000 JavaThread "jar transforms Thread 211" [_thread_blocked, id=21472, stack(0x000000c3d4200000,0x000000c3d4300000)]
  0x0000029c71acb000 JavaThread "jar transforms Thread 212" [_thread_blocked, id=22112, stack(0x000000c3d4300000,0x000000c3d4400000)]
  0x0000029c71ad1800 JavaThread "jar transforms Thread 213" [_thread_blocked, id=22836, stack(0x000000c3d4400000,0x000000c3d4500000)]
  0x0000029c71acd800 JavaThread "jar transforms Thread 214" [_thread_blocked, id=14652, stack(0x000000c3d4500000,0x000000c3d4600000)]
  0x0000029c71acc000 JavaThread "jar transforms Thread 215" [_thread_blocked, id=21484, stack(0x000000c3d4600000,0x000000c3d4700000)]
  0x0000029c71acc800 JavaThread "jar transforms Thread 216" [_thread_blocked, id=23224, stack(0x000000c3d4700000,0x000000c3d4800000)]
  0x0000029c72bcd000 JavaThread "jar transforms Thread 217" [_thread_blocked, id=19692, stack(0x000000c3d4800000,0x000000c3d4900000)]
  0x0000029c72bcb800 JavaThread "jar transforms Thread 218" [_thread_blocked, id=12916, stack(0x000000c3d4900000,0x000000c3d4a00000)]
  0x0000029c72bd2000 JavaThread "jar transforms Thread 219" [_thread_blocked, id=17292, stack(0x000000c3d4a00000,0x000000c3d4b00000)]
  0x0000029c72bcc000 JavaThread "jar transforms Thread 220" [_thread_blocked, id=21040, stack(0x000000c3d4b00000,0x000000c3d4c00000)]
  0x0000029c72bcf800 JavaThread "jar transforms Thread 221" [_thread_blocked, id=20576, stack(0x000000c3d4c00000,0x000000c3d4d00000)]
  0x0000029c72bd2800 JavaThread "jar transforms Thread 222" [_thread_blocked, id=21804, stack(0x000000c3d4d00000,0x000000c3d4e00000)]
  0x0000029c72bd0000 JavaThread "jar transforms Thread 223" [_thread_blocked, id=15520, stack(0x000000c3d4e00000,0x000000c3d4f00000)]
  0x0000029c72bcd800 JavaThread "jar transforms Thread 224" [_thread_blocked, id=21800, stack(0x000000c3d4f00000,0x000000c3d5000000)]
  0x0000029c72bd1000 JavaThread "jar transforms Thread 225" [_thread_blocked, id=23312, stack(0x000000c3d5000000,0x000000c3d5100000)]
  0x0000029c72bd3800 JavaThread "jar transforms Thread 226" [_thread_blocked, id=18464, stack(0x000000c3d5100000,0x000000c3d5200000)]
  0x0000029c72bd4000 JavaThread "jar transforms Thread 227" [_thread_blocked, id=7904, stack(0x000000c3d5200000,0x000000c3d5300000)]
  0x0000029c72bce800 JavaThread "jar transforms Thread 228" [_thread_blocked, id=8808, stack(0x000000c3d5300000,0x000000c3d5400000)]
  0x0000029c72bda000 JavaThread "Cache worker for Build Output Cleanup Cache (C:\Users\ngoch\AndroidStudioProjects\Ecommerce\.gradle\buildOutputCleanup)" [_thread_blocked, id=22968, stack(0x000000c3d5400000,0x000000c3d5500000)]
  0x0000029c72bd9000 JavaThread "Memory manager" [_thread_blocked, id=20948, stack(0x000000c3d5500000,0x000000c3d5600000)]
  0x0000029c72bd5000 JavaThread "Cache worker for file content cache (C:\Users\ngoch\AndroidStudioProjects\Ecommerce\.gradle\6.5\fileContent)" [_thread_blocked, id=6664, stack(0x000000c3d5600000,0x000000c3d5700000)]
  0x0000029c72bd6000 JavaThread "Execution worker for ':'" [_thread_blocked, id=13356, stack(0x000000c3d5700000,0x000000c3d5800000)]
  0x0000029c72bd7800 JavaThread "Execution worker for ':' Thread 2" [_thread_blocked, id=18948, stack(0x000000c3d5800000,0x000000c3d5900000)]
  0x0000029c72bd6800 JavaThread "Execution worker for ':' Thread 3" [_thread_blocked, id=19648, stack(0x000000c3d5900000,0x000000c3d5a00000)]
  0x0000029c72bd8800 JavaThread "Cache worker for execution history cache (C:\Users\ngoch\AndroidStudioProjects\Ecommerce\.gradle\6.5\executionHistory)" [_thread_blocked, id=22748, stack(0x000000c3d5a00000,0x000000c3d5b00000)]
  0x0000029c75377800 JavaThread "WorkerExecutor Queue" [_thread_blocked, id=21540, stack(0x000000c3d5b00000,0x000000c3d5c00000)]
  0x0000029c75375000 JavaThread "WorkerExecutor Queue Thread 2" [_thread_blocked, id=23176, stack(0x000000c3d5c00000,0x000000c3d5d00000)]
  0x0000029c7537a000 JavaThread "WorkerExecutor Queue Thread 3" [_thread_blocked, id=3308, stack(0x000000c3d5d00000,0x000000c3d5e00000)]
  0x0000029c75379000 JavaThread "WorkerExecutor Queue Thread 4" [_thread_blocked, id=21404, stack(0x000000c3d5e00000,0x000000c3d5f00000)]

Other Threads:
=>0x0000029c706ae000 VMThread "VM Thread" [stack: 0x000000c3cbf00000,0x000000c3cc000000] [id=22900]
  0x0000029c71137800 WatcherThread [stack: 0x000000c3cca00000,0x000000c3ccb00000] [id=22964]
  0x0000029c4ff0f800 GCTaskThread "GC Thread#0" [stack: 0x000000c3cba00000,0x000000c3cbb00000] [id=22872]
  0x0000029c714d4000 GCTaskThread "GC Thread#1" [stack: 0x000000c3ccb00000,0x000000c3ccc00000] [id=22984]
  0x0000029c7139e800 GCTaskThread "GC Thread#2" [stack: 0x000000c3ccc00000,0x000000c3ccd00000] [id=22988]
  0x0000029c72780800 GCTaskThread "GC Thread#3" [stack: 0x000000c3cdc00000,0x000000c3cdd00000] [id=23216]
  0x0000029c4ff22000 ConcurrentGCThread "G1 Main Marker" [stack: 0x000000c3cbb00000,0x000000c3cbc00000] [id=22876]
  0x0000029c4ff23000 ConcurrentGCThread "G1 Conc#0" [stack: 0x000000c3cbc00000,0x000000c3cbd00000] [id=22880]
  0x0000029c4ffa4000 ConcurrentGCThread "G1 Refine#0" [stack: 0x000000c3cbd00000,0x000000c3cbe00000] [id=22888]
  0x0000029c70530800 ConcurrentGCThread "G1 Young RemSet Sampling" [stack: 0x000000c3cbe00000,0x000000c3cbf00000] [id=22892]

Threads with active compile tasks:
C2 CompilerThread0   216373 11259       4       java.io.ByteArrayOutputStream::ensureCapacity (32 bytes)
C1 CompilerThread0   216373 11258       3       com.android.tools.r8.dex.n::m (2044 bytes)

VM state:at safepoint (normal execution)

VM Mutex/Monitor currently owned by a thread:  ([mutex/lock_event])
[0x0000029c4fec7150] Threads_lock - owner thread: 0x0000029c706ae000
[0x0000029c4fec71e0] Heap_lock - owner thread: 0x0000029c4ff22000

Heap address: 0x0000000080000000, size: 2048 MB, Compressed Oops mode: 32-bit
Narrow klass base: 0x0000000800000000, Narrow klass shift: 3
Compressed class space size: 1073741824 Address: 0x0000000800b30000

Heap:
 garbage-first heap   total 261120K, used 153113K [0x0000000080000000, 0x0000000100000000)
  region size 1024K, 25 young (25600K), 2 survivors (2048K)
 Metaspace       used 77728K, capacity 79606K, committed 79868K, reserved 1118208K
  class space    used 10395K, capacity 11080K, committed 11136K, reserved 1048576K
Heap Regions: E=young(eden), S=young(survivor), O=old, HS=humongous(starts), HC=humongous(continues), CS=collection set, F=free, OA=open archive, CA=closed archive, TAMS=top-at-mark-start (previous, next)
|   0|0x0000000080000000, 0x0000000080100000, 0x0000000080100000|100%| O|  |TAMS 0x0000000080100000, 0x0000000080000000| Updating 
|   1|0x0000000080100000, 0x0000000080200000, 0x0000000080200000|100%| O|  |TAMS 0x0000000080200000, 0x0000000080100000| Updating 
|   2|0x0000000080200000, 0x0000000080300000, 0x0000000080300000|100%| O|  |TAMS 0x0000000080300000, 0x0000000080200000| Updating 
|   3|0x0000000080300000, 0x0000000080400000, 0x0000000080400000|100%|HS|  |TAMS 0x0000000080400000, 0x0000000080300000| Complete 
|   4|0x0000000080400000, 0x0000000080500000, 0x0000000080500000|100%|HC|  |TAMS 0x0000000080500000, 0x0000000080400000| Complete 
|   5|0x0000000080500000, 0x0000000080600000, 0x0000000080600000|100%|HC|  |TAMS 0x0000000080600000, 0x0000000080500000| Complete 
|   6|0x0000000080600000, 0x0000000080700000, 0x0000000080700000|100%| O|  |TAMS 0x0000000080700000, 0x0000000080600000| Updating 
|   7|0x0000000080700000, 0x0000000080800000, 0x0000000080800000|100%| O|  |TAMS 0x0000000080800000, 0x0000000080700000| Updating 
|   8|0x0000000080800000, 0x0000000080900000, 0x0000000080900000|100%| O|  |TAMS 0x0000000080900000, 0x0000000080800000| Updating 
|   9|0x0000000080900000, 0x0000000080a00000, 0x0000000080a00000|100%| O|  |TAMS 0x0000000080a00000, 0x0000000080900000| Updating 
|  10|0x0000000080a00000, 0x0000000080b00000, 0x0000000080b00000|100%| O|  |TAMS 0x0000000080b00000, 0x0000000080a00000| Updating 
|  11|0x0000000080b00000, 0x0000000080c00000, 0x0000000080c00000|100%| O|  |TAMS 0x0000000080c00000, 0x0000000080b00000| Updating 
|  12|0x0000000080c00000, 0x0000000080c79400, 0x0000000080d00000| 47%| O|  |TAMS 0x0000000080c79400, 0x0000000080c00000| Updating 
|  13|0x0000000080d00000, 0x0000000080e00000, 0x0000000080e00000|100%| O|  |TAMS 0x0000000080e00000, 0x0000000080d00000| Updating 
|  14|0x0000000080e00000, 0x0000000080f00000, 0x0000000080f00000|100%| O|  |TAMS 0x0000000080f00000, 0x0000000080e00000| Updating 
|  15|0x0000000080f00000, 0x0000000081000000, 0x0000000081000000|100%| O|  |TAMS 0x0000000081000000, 0x0000000080f00000| Updating 
|  16|0x0000000081000000, 0x0000000081100000, 0x0000000081100000|100%| O|  |TAMS 0x0000000081100000, 0x0000000081000000| Updating 
|  17|0x0000000081100000, 0x0000000081200000, 0x0000000081200000|100%| O|  |TAMS 0x0000000081200000, 0x0000000081100000| Updating 
|  18|0x0000000081200000, 0x0000000081300000, 0x0000000081300000|100%| O|  |TAMS 0x0000000081300000, 0x0000000081200000| Updating 
|  19|0x0000000081300000, 0x0000000081400000, 0x0000000081400000|100%| O|  |TAMS 0x0000000081400000, 0x0000000081300000| Updating 
|  20|0x0000000081400000, 0x0000000081500000, 0x0000000081500000|100%| O|  |TAMS 0x0000000081500000, 0x0000000081400000| Updating 
|  21|0x0000000081500000, 0x0000000081600000, 0x0000000081600000|100%| O|  |TAMS 0x0000000081600000, 0x0000000081500000| Updating 
|  22|0x0000000081600000, 0x0000000081700000, 0x0000000081700000|100%| O|  |TAMS 0x0000000081700000, 0x0000000081600000| Updating 
|  23|0x0000000081700000, 0x0000000081800000, 0x0000000081800000|100%| O|  |TAMS 0x0000000081800000, 0x0000000081700000| Updating 
|  24|0x0000000081800000, 0x0000000081900000, 0x0000000081900000|100%|HS|  |TAMS 0x0000000081900000, 0x0000000081800000| Complete 
|  25|0x0000000081900000, 0x0000000081a00000, 0x0000000081a00000|100%|HS|  |TAMS 0x0000000081a00000, 0x0000000081900000| Complete 
|  26|0x0000000081a00000, 0x0000000081b00000, 0x0000000081b00000|100%|HC|  |TAMS 0x0000000081b00000, 0x0000000081a00000| Complete 
|  27|0x0000000081b00000, 0x0000000081c00000, 0x0000000081c00000|100%|HC|  |TAMS 0x0000000081c00000, 0x0000000081b00000| Complete 
|  28|0x0000000081c00000, 0x0000000081d00000, 0x0000000081d00000|100%| O|  |TAMS 0x0000000081d00000, 0x0000000081c00000| Updating 
|  29|0x0000000081d00000, 0x0000000081e00000, 0x0000000081e00000|100%| O|  |TAMS 0x0000000081e00000, 0x0000000081d00000| Updating 
|  30|0x0000000081e00000, 0x0000000081f00000, 0x0000000081f00000|100%| O|  |TAMS 0x0000000081f00000, 0x0000000081e00000| Updating 
|  31|0x0000000081f00000, 0x0000000082000000, 0x0000000082000000|100%| O|  |TAMS 0x0000000082000000, 0x0000000081f00000| Updating 
|  32|0x0000000082000000, 0x0000000082100000, 0x0000000082100000|100%| O|  |TAMS 0x0000000082100000, 0x0000000082000000| Updating 
|  33|0x0000000082100000, 0x0000000082200000, 0x0000000082200000|100%|HS|  |TAMS 0x0000000082200000, 0x0000000082100000| Complete 
|  34|0x0000000082200000, 0x0000000082300000, 0x0000000082300000|100%|HC|  |TAMS 0x0000000082300000, 0x0000000082200000| Complete 
|  35|0x0000000082300000, 0x0000000082400000, 0x0000000082400000|100%| O|  |TAMS 0x0000000082400000, 0x0000000082300000| Updating 
|  36|0x0000000082400000, 0x0000000082500000, 0x0000000082500000|100%| O|  |TAMS 0x0000000082500000, 0x0000000082400000| Updating 
|  37|0x0000000082500000, 0x0000000082600000, 0x0000000082600000|100%| O|  |TAMS 0x0000000082600000, 0x0000000082500000| Updating 
|  38|0x0000000082600000, 0x0000000082700000, 0x0000000082700000|100%| O|  |TAMS 0x0000000082700000, 0x0000000082600000| Updating 
|  39|0x0000000082700000, 0x0000000082800000, 0x0000000082800000|100%| O|  |TAMS 0x0000000082800000, 0x0000000082700000| Updating 
|  40|0x0000000082800000, 0x0000000082900000, 0x0000000082900000|100%| O|  |TAMS 0x0000000082900000, 0x0000000082800000| Updating 
|  41|0x0000000082900000, 0x0000000082a00000, 0x0000000082a00000|100%| O|  |TAMS 0x0000000082a00000, 0x0000000082900000| Updating 
|  42|0x0000000082a00000, 0x0000000082b00000, 0x0000000082b00000|100%| O|  |TAMS 0x0000000082b00000, 0x0000000082a00000| Updating 
|  43|0x0000000082b00000, 0x0000000082c00000, 0x0000000082c00000|100%| O|  |TAMS 0x0000000082c00000, 0x0000000082b00000| Updating 
|  44|0x0000000082c00000, 0x0000000082d00000, 0x0000000082d00000|100%| O|  |TAMS 0x0000000082d00000, 0x0000000082c00000| Updating 
|  45|0x0000000082d00000, 0x0000000082e00000, 0x0000000082e00000|100%| O|  |TAMS 0x0000000082e00000, 0x0000000082d00000| Updating 
|  46|0x0000000082e00000, 0x0000000082f00000, 0x0000000082f00000|100%| O|  |TAMS 0x0000000082f00000, 0x0000000082e00000| Updating 
|  47|0x0000000082f00000, 0x0000000083000000, 0x0000000083000000|100%| O|  |TAMS 0x0000000083000000, 0x0000000082f00000| Updating 
|  48|0x0000000083000000, 0x0000000083100000, 0x0000000083100000|100%| O|  |TAMS 0x0000000083100000, 0x0000000083000000| Updating 
|  49|0x0000000083100000, 0x0000000083200000, 0x0000000083200000|100%| O|  |TAMS 0x0000000083200000, 0x0000000083100000| Updating 
|  50|0x0000000083200000, 0x0000000083300000, 0x0000000083300000|100%| O|  |TAMS 0x0000000083300000, 0x0000000083200000| Updating 
|  51|0x0000000083300000, 0x0000000083400000, 0x0000000083400000|100%| O|  |TAMS 0x0000000083400000, 0x0000000083300000| Updating 
|  52|0x0000000083400000, 0x0000000083500000, 0x0000000083500000|100%| O|  |TAMS 0x0000000083500000, 0x0000000083400000| Updating 
|  53|0x0000000083500000, 0x0000000083600000, 0x0000000083600000|100%| O|  |TAMS 0x0000000083600000, 0x0000000083500000| Updating 
|  54|0x0000000083600000, 0x0000000083700000, 0x0000000083700000|100%| O|  |TAMS 0x0000000083700000, 0x0000000083600000| Updating 
|  55|0x0000000083700000, 0x0000000083800000, 0x0000000083800000|100%| O|  |TAMS 0x0000000083800000, 0x0000000083700000| Updating 
|  56|0x0000000083800000, 0x0000000083900000, 0x0000000083900000|100%| O|  |TAMS 0x0000000083900000, 0x0000000083800000| Updating 
|  57|0x0000000083900000, 0x0000000083a00000, 0x0000000083a00000|100%| O|  |TAMS 0x0000000083a00000, 0x0000000083900000| Updating 
|  58|0x0000000083a00000, 0x0000000083b00000, 0x0000000083b00000|100%| O|  |TAMS 0x0000000083b00000, 0x0000000083a00000| Updating 
|  59|0x0000000083b00000, 0x0000000083c00000, 0x0000000083c00000|100%| O|  |TAMS 0x0000000083c00000, 0x0000000083b00000| Updating 
|  60|0x0000000083c00000, 0x0000000083d00000, 0x0000000083d00000|100%| O|  |TAMS 0x0000000083d00000, 0x0000000083c00000| Updating 
|  61|0x0000000083d00000, 0x0000000083e00000, 0x0000000083e00000|100%| O|  |TAMS 0x0000000083e00000, 0x0000000083d00000| Updating 
|  62|0x0000000083e00000, 0x0000000083f00000, 0x0000000083f00000|100%| O|  |TAMS 0x0000000083f00000, 0x0000000083e00000| Updating 
|  63|0x0000000083f00000, 0x0000000084000000, 0x0000000084000000|100%| O|  |TAMS 0x0000000084000000, 0x0000000083f00000| Updating 
|  64|0x0000000084000000, 0x0000000084100000, 0x0000000084100000|100%| O|  |TAMS 0x0000000084100000, 0x0000000084000000| Updating 
|  65|0x0000000084100000, 0x0000000084200000, 0x0000000084200000|100%| O|  |TAMS 0x0000000084200000, 0x0000000084100000| Updating 
|  66|0x0000000084200000, 0x0000000084300000, 0x0000000084300000|100%| O|  |TAMS 0x0000000084300000, 0x0000000084200000| Updating 
|  67|0x0000000084300000, 0x0000000084400000, 0x0000000084400000|100%| O|  |TAMS 0x0000000084400000, 0x0000000084300000| Updating 
|  68|0x0000000084400000, 0x0000000084500000, 0x0000000084500000|100%| O|  |TAMS 0x0000000084500000, 0x0000000084400000| Updating 
|  69|0x0000000084500000, 0x0000000084600000, 0x0000000084600000|100%| O|  |TAMS 0x0000000084600000, 0x0000000084500000| Updating 
|  70|0x0000000084600000, 0x0000000084700000, 0x0000000084700000|100%| O|  |TAMS 0x0000000084700000, 0x0000000084600000| Updating 
|  71|0x0000000084700000, 0x0000000084800000, 0x0000000084800000|100%| O|  |TAMS 0x0000000084800000, 0x0000000084700000| Updating 
|  72|0x0000000084800000, 0x0000000084900000, 0x0000000084900000|100%| O|  |TAMS 0x0000000084900000, 0x0000000084800000| Updating 
|  73|0x0000000084900000, 0x0000000084a00000, 0x0000000084a00000|100%| O|  |TAMS 0x0000000084a00000, 0x0000000084900000| Updating 
|  74|0x0000000084a00000, 0x0000000084b00000, 0x0000000084b00000|100%| O|  |TAMS 0x0000000084b00000, 0x0000000084a00000| Updating 
|  75|0x0000000084b00000, 0x0000000084c00000, 0x0000000084c00000|100%| O|  |TAMS 0x0000000084c00000, 0x0000000084b00000| Updating 
|  76|0x0000000084c00000, 0x0000000084d00000, 0x0000000084d00000|100%| O|  |TAMS 0x0000000084d00000, 0x0000000084c00000| Updating 
|  77|0x0000000084d00000, 0x0000000084e00000, 0x0000000084e00000|100%| O|  |TAMS 0x0000000084e00000, 0x0000000084d00000| Updating 
|  78|0x0000000084e00000, 0x0000000084f00000, 0x0000000084f00000|100%| O|  |TAMS 0x0000000084f00000, 0x0000000084e00000| Updating 
|  79|0x0000000084f00000, 0x0000000085000000, 0x0000000085000000|100%|HS|  |TAMS 0x0000000085000000, 0x0000000084f00000| Complete 
|  80|0x0000000085000000, 0x0000000085100000, 0x0000000085100000|100%|HS|  |TAMS 0x0000000085100000, 0x0000000085000000| Complete 
|  81|0x0000000085100000, 0x0000000085200000, 0x0000000085200000|100%|HC|  |TAMS 0x0000000085200000, 0x0000000085100000| Complete 
|  82|0x0000000085200000, 0x0000000085300000, 0x0000000085300000|100%|HS|  |TAMS 0x0000000085300000, 0x0000000085200000| Complete 
|  83|0x0000000085300000, 0x0000000085400000, 0x0000000085400000|100%|HC|  |TAMS 0x0000000085400000, 0x0000000085300000| Complete 
|  84|0x0000000085400000, 0x0000000085500000, 0x0000000085500000|100%|HS|  |TAMS 0x0000000085500000, 0x0000000085400000| Complete 
|  85|0x0000000085500000, 0x0000000085600000, 0x0000000085600000|100%|HC|  |TAMS 0x0000000085600000, 0x0000000085500000| Complete 
|  86|0x0000000085600000, 0x0000000085700000, 0x0000000085700000|100%|HS|  |TAMS 0x0000000085700000, 0x0000000085600000| Complete 
|  87|0x0000000085700000, 0x0000000085800000, 0x0000000085800000|100%|HS|  |TAMS 0x0000000085800000, 0x0000000085700000| Complete 
|  88|0x0000000085800000, 0x0000000085900000, 0x0000000085900000|100%|HS|  |TAMS 0x0000000085900000, 0x0000000085800000| Complete 
|  89|0x0000000085900000, 0x0000000085a00000, 0x0000000085a00000|100%|HC|  |TAMS 0x0000000085a00000, 0x0000000085900000| Complete 
|  90|0x0000000085a00000, 0x0000000085b00000, 0x0000000085b00000|100%| O|  |TAMS 0x0000000085b00000, 0x0000000085a00000| Updating 
|  91|0x0000000085b00000, 0x0000000085c00000, 0x0000000085c00000|100%| O|  |TAMS 0x0000000085c00000, 0x0000000085b00000| Updating 
|  92|0x0000000085c00000, 0x0000000085d00000, 0x0000000085d00000|100%| O|  |TAMS 0x0000000085d00000, 0x0000000085c00000| Updating 
|  93|0x0000000085d00000, 0x0000000085e00000, 0x0000000085e00000|100%| O|  |TAMS 0x0000000085e00000, 0x0000000085d00000| Updating 
|  94|0x0000000085e00000, 0x0000000085f00000, 0x0000000085f00000|100%|HS|  |TAMS 0x0000000085f00000, 0x0000000085e00000| Complete 
|  95|0x0000000085f00000, 0x0000000086000000, 0x0000000086000000|100%| O|  |TAMS 0x0000000086000000, 0x0000000085f00000| Updating 
|  96|0x0000000086000000, 0x0000000086100000, 0x0000000086100000|100%| O|  |TAMS 0x0000000086100000, 0x0000000086000000| Updating 
|  97|0x0000000086100000, 0x0000000086200000, 0x0000000086200000|100%| O|  |TAMS 0x0000000086200000, 0x0000000086100000| Updating 
|  98|0x0000000086200000, 0x0000000086300000, 0x0000000086300000|100%| O|  |TAMS 0x0000000086300000, 0x0000000086200000| Updating 
|  99|0x0000000086300000, 0x0000000086400000, 0x0000000086400000|100%| O|  |TAMS 0x00000000863ae400, 0x0000000086300000| Updating 
| 100|0x0000000086400000, 0x0000000086500000, 0x0000000086500000|100%| O|  |TAMS 0x0000000086400000, 0x0000000086400000| Untracked 
| 101|0x0000000086500000, 0x0000000086600000, 0x0000000086600000|100%| O|  |TAMS 0x0000000086500000, 0x0000000086500000| Untracked 
| 102|0x0000000086600000, 0x0000000086700000, 0x0000000086700000|100%| O|  |TAMS 0x0000000086600000, 0x0000000086600000| Untracked 
| 103|0x0000000086700000, 0x0000000086720400, 0x0000000086800000| 12%| O|  |TAMS 0x0000000086700000, 0x0000000086700000| Updating 
| 104|0x0000000086800000, 0x0000000086900000, 0x0000000086900000|100%|HS|  |TAMS 0x0000000086800000, 0x0000000086800000| Complete 
| 105|0x0000000086900000, 0x0000000086a00000, 0x0000000086a00000|100%|HS|  |TAMS 0x0000000086900000, 0x0000000086900000| Complete 
| 106|0x0000000086a00000, 0x0000000086b00000, 0x0000000086b00000|100%|HS|  |TAMS 0x0000000086a00000, 0x0000000086a00000| Complete 
| 107|0x0000000086b00000, 0x0000000086c00000, 0x0000000086c00000|100%|HC|  |TAMS 0x0000000086b00000, 0x0000000086b00000| Complete 
| 108|0x0000000086c00000, 0x0000000086d00000, 0x0000000086d00000|100%|HS|  |TAMS 0x0000000086c00000, 0x0000000086c00000| Complete 
| 109|0x0000000086d00000, 0x0000000086e00000, 0x0000000086e00000|100%|HC|  |TAMS 0x0000000086d00000, 0x0000000086d00000| Complete 
| 110|0x0000000086e00000, 0x0000000086f00000, 0x0000000086f00000|100%|HS|  |TAMS 0x0000000086e00000, 0x0000000086e00000| Complete 
| 111|0x0000000086f00000, 0x0000000087000000, 0x0000000087000000|100%|HC|  |TAMS 0x0000000086f00000, 0x0000000086f00000| Complete 
| 112|0x0000000087000000, 0x0000000087100000, 0x0000000087100000|100%|HS|  |TAMS 0x0000000087000000, 0x0000000087000000| Complete 
| 113|0x0000000087100000, 0x0000000087200000, 0x0000000087200000|100%|HC|  |TAMS 0x0000000087100000, 0x0000000087100000| Complete 
| 114|0x0000000087200000, 0x0000000087300000, 0x0000000087300000|100%|HS|  |TAMS 0x0000000087200000, 0x0000000087200000| Complete 
| 115|0x0000000087300000, 0x0000000087400000, 0x0000000087400000|100%|HC|  |TAMS 0x0000000087300000, 0x0000000087300000| Complete 
| 116|0x0000000087400000, 0x0000000087500000, 0x0000000087500000|100%|HS|  |TAMS 0x0000000087400000, 0x0000000087400000| Complete 
| 117|0x0000000087500000, 0x0000000087600000, 0x0000000087600000|100%|HC|  |TAMS 0x0000000087500000, 0x0000000087500000| Complete 
| 118|0x0000000087600000, 0x0000000087700000, 0x0000000087700000|100%|HS|  |TAMS 0x0000000087600000, 0x0000000087600000| Complete 
| 119|0x0000000087700000, 0x0000000087800000, 0x0000000087800000|100%|HS|  |TAMS 0x0000000087700000, 0x0000000087700000| Complete 
| 120|0x0000000087800000, 0x0000000087900000, 0x0000000087900000|100%|HS|  |TAMS 0x0000000087800000, 0x0000000087800000| Complete 
| 121|0x0000000087900000, 0x0000000087a00000, 0x0000000087a00000|100%|HS|  |TAMS 0x0000000087900000, 0x0000000087900000| Complete 
| 122|0x0000000087a00000, 0x0000000087b00000, 0x0000000087b00000|100%|HS|  |TAMS 0x0000000087a00000, 0x0000000087a00000| Complete 
| 123|0x0000000087b00000, 0x0000000087c00000, 0x0000000087c00000|100%|HC|  |TAMS 0x0000000087b00000, 0x0000000087b00000| Complete 
| 124|0x0000000087c00000, 0x0000000087d00000, 0x0000000087d00000|100%|HS|  |TAMS 0x0000000087c00000, 0x0000000087c00000| Complete 
| 125|0x0000000087d00000, 0x0000000087e00000, 0x0000000087e00000|100%|HC|  |TAMS 0x0000000087d00000, 0x0000000087d00000| Complete 
| 126|0x0000000087e00000, 0x0000000087f00000, 0x0000000087f00000|100%|HS|  |TAMS 0x0000000087e00000, 0x0000000087e00000| Complete 
| 127|0x0000000087f00000, 0x0000000088000000, 0x0000000088000000|100%|HS|  |TAMS 0x0000000087f00000, 0x0000000087f00000| Complete 
| 128|0x0000000088000000, 0x0000000088000000, 0x0000000088100000|  0%| F|  |TAMS 0x0000000088000000, 0x0000000088000000| Untracked 
| 129|0x0000000088100000, 0x0000000088100000, 0x0000000088200000|  0%| F|  |TAMS 0x0000000088100000, 0x0000000088100000| Untracked 
| 130|0x0000000088200000, 0x0000000088200000, 0x0000000088300000|  0%| F|  |TAMS 0x0000000088200000, 0x0000000088200000| Untracked 
| 131|0x0000000088300000, 0x0000000088300000, 0x0000000088400000|  0%| F|  |TAMS 0x0000000088300000, 0x0000000088300000| Untracked 
| 132|0x0000000088400000, 0x0000000088400000, 0x0000000088500000|  0%| F|  |TAMS 0x0000000088400000, 0x0000000088400000| Untracked 
| 133|0x0000000088500000, 0x0000000088500000, 0x0000000088600000|  0%| F|  |TAMS 0x0000000088500000, 0x0000000088500000| Untracked 
| 134|0x0000000088600000, 0x0000000088600000, 0x0000000088700000|  0%| F|  |TAMS 0x0000000088600000, 0x0000000088600000| Untracked 
| 135|0x0000000088700000, 0x0000000088700000, 0x0000000088800000|  0%| F|  |TAMS 0x0000000088700000, 0x0000000088700000| Untracked 
| 136|0x0000000088800000, 0x0000000088800000, 0x0000000088900000|  0%| F|  |TAMS 0x0000000088800000, 0x0000000088800000| Untracked 
| 137|0x0000000088900000, 0x0000000088900000, 0x0000000088a00000|  0%| F|  |TAMS 0x0000000088900000, 0x0000000088900000| Untracked 
| 138|0x0000000088a00000, 0x0000000088a00000, 0x0000000088b00000|  0%| F|  |TAMS 0x0000000088a00000, 0x0000000088a00000| Untracked 
| 139|0x0000000088b00000, 0x0000000088b00000, 0x0000000088c00000|  0%| F|  |TAMS 0x0000000088b00000, 0x0000000088b00000| Untracked 
| 140|0x0000000088c00000, 0x0000000088c00000, 0x0000000088d00000|  0%| F|  |TAMS 0x0000000088c00000, 0x0000000088c00000| Untracked 
| 141|0x0000000088d00000, 0x0000000088d00000, 0x0000000088e00000|  0%| F|  |TAMS 0x0000000088d00000, 0x0000000088d00000| Untracked 
| 142|0x0000000088e00000, 0x0000000088e00000, 0x0000000088f00000|  0%| F|  |TAMS 0x0000000088e00000, 0x0000000088e00000| Untracked 
| 143|0x0000000088f00000, 0x0000000088f00000, 0x0000000089000000|  0%| F|  |TAMS 0x0000000088f00000, 0x0000000088f00000| Untracked 
| 144|0x0000000089000000, 0x0000000089000000, 0x0000000089100000|  0%| F|  |TAMS 0x0000000089000000, 0x0000000089000000| Untracked 
| 145|0x0000000089100000, 0x0000000089100000, 0x0000000089200000|  0%| F|  |TAMS 0x0000000089100000, 0x0000000089100000| Untracked 
| 146|0x0000000089200000, 0x0000000089200000, 0x0000000089300000|  0%| F|  |TAMS 0x0000000089200000, 0x0000000089200000| Untracked 
| 147|0x0000000089300000, 0x0000000089363b38, 0x0000000089400000| 38%| E|  |TAMS 0x0000000089300000, 0x0000000089300000| Complete 
| 148|0x0000000089400000, 0x0000000089500000, 0x0000000089500000|100%| E|CS|TAMS 0x0000000089400000, 0x0000000089400000| Complete 
| 149|0x0000000089500000, 0x0000000089600000, 0x0000000089600000|100%| E|CS|TAMS 0x0000000089500000, 0x0000000089500000| Complete 
| 150|0x0000000089600000, 0x0000000089700000, 0x0000000089700000|100%| E|CS|TAMS 0x0000000089600000, 0x0000000089600000| Complete 
| 151|0x0000000089700000, 0x0000000089800000, 0x0000000089800000|100%| E|CS|TAMS 0x0000000089700000, 0x0000000089700000| Complete 
| 152|0x0000000089800000, 0x0000000089900000, 0x0000000089900000|100%| E|CS|TAMS 0x0000000089800000, 0x0000000089800000| Complete 
| 153|0x0000000089900000, 0x0000000089a00000, 0x0000000089a00000|100%| E|CS|TAMS 0x0000000089900000, 0x0000000089900000| Complete 
| 154|0x0000000089a00000, 0x0000000089b00000, 0x0000000089b00000|100%| E|CS|TAMS 0x0000000089a00000, 0x0000000089a00000| Complete 
| 155|0x0000000089b00000, 0x0000000089c00000, 0x0000000089c00000|100%| E|CS|TAMS 0x0000000089b00000, 0x0000000089b00000| Complete 
| 156|0x0000000089c00000, 0x0000000089d00000, 0x0000000089d00000|100%| E|CS|TAMS 0x0000000089c00000, 0x0000000089c00000| Complete 
| 157|0x0000000089d00000, 0x0000000089e00000, 0x0000000089e00000|100%| E|CS|TAMS 0x0000000089d00000, 0x0000000089d00000| Complete 
| 158|0x0000000089e00000, 0x0000000089f00000, 0x0000000089f00000|100%| E|  |TAMS 0x0000000089e00000, 0x0000000089e00000| Complete 
| 159|0x0000000089f00000, 0x000000008a000000, 0x000000008a000000|100%| E|CS|TAMS 0x0000000089f00000, 0x0000000089f00000| Complete 
| 160|0x000000008a000000, 0x000000008a100000, 0x000000008a100000|100%| E|CS|TAMS 0x000000008a000000, 0x000000008a000000| Complete 
| 161|0x000000008a100000, 0x000000008a200000, 0x000000008a200000|100%| E|CS|TAMS 0x000000008a100000, 0x000000008a100000| Complete 
| 162|0x000000008a200000, 0x000000008a300000, 0x000000008a300000|100%| E|CS|TAMS 0x000000008a200000, 0x000000008a200000| Complete 
| 163|0x000000008a300000, 0x000000008a400000, 0x000000008a400000|100%| E|CS|TAMS 0x000000008a300000, 0x000000008a300000| Complete 
| 164|0x000000008a400000, 0x000000008a500000, 0x000000008a500000|100%| E|CS|TAMS 0x000000008a400000, 0x000000008a400000| Complete 
| 165|0x000000008a500000, 0x000000008a600000, 0x000000008a600000|100%| E|CS|TAMS 0x000000008a500000, 0x000000008a500000| Complete 
| 166|0x000000008a600000, 0x000000008a6ecf68, 0x000000008a700000| 92%| S|CS|TAMS 0x000000008a600000, 0x000000008a600000| Complete 
| 167|0x000000008a700000, 0x000000008a800000, 0x000000008a800000|100%| S|CS|TAMS 0x000000008a700000, 0x000000008a700000| Complete 
| 168|0x000000008a800000, 0x000000008a900000, 0x000000008a900000|100%| E|CS|TAMS 0x000000008a800000, 0x000000008a800000| Complete 
| 169|0x000000008a900000, 0x000000008aa00000, 0x000000008aa00000|100%| E|CS|TAMS 0x000000008a900000, 0x000000008a900000| Complete 
| 170|0x000000008aa00000, 0x000000008ab00000, 0x000000008ab00000|100%| E|CS|TAMS 0x000000008aa00000, 0x000000008aa00000| Complete 
| 171|0x000000008ab00000, 0x000000008ac00000, 0x000000008ac00000|100%| E|CS|TAMS 0x000000008ab00000, 0x000000008ab00000| Complete 

Card table byte_map: [0x0000029c698d0000,0x0000029c69cd0000] _byte_map_base: 0x0000029c694d0000

Marking Bits (Prev, Next): (CMBitMap*) 0x0000029c4ff102b8, (CMBitMap*) 0x0000029c4ff10278
 Prev Bits: [0x0000029c6c0d0000, 0x0000029c6e0d0000)
 Next Bits: [0x0000029c6a0d0000, 0x0000029c6c0d0000)

Polling page: 0x0000029c4fd40000

Metaspace:

Usage:
  Non-class:     66.92 MB capacity,    65.75 MB ( 98%) used,   990.32 KB (  1%) free+waste,   203.25 KB ( <1%) overhead. 
      Class:     10.82 MB capacity,    10.15 MB ( 94%) used,   591.91 KB (  5%) free+waste,    92.19 KB ( <1%) overhead. 
       Both:     77.74 MB capacity,    75.91 MB ( 98%) used,     1.55 MB (  2%) free+waste,   295.44 KB ( <1%) overhead. 

Virtual space:
  Non-class space:       68.00 MB reserved,      67.12 MB ( 99%) committed 
      Class space:        1.00 GB reserved,      10.88 MB (  1%) committed 
             Both:        1.07 GB reserved,      78.00 MB (  7%) committed 

Chunk freelists:
   Non-Class:  14.00 KB
       Class:  24.00 KB
        Both:  38.00 KB

MaxMetaspaceSize: 17179869184.00 GB
CompressedClassSpaceSize: 1.00 GB

CodeHeap 'non-profiled nmethods': size=120000Kb used=5708Kb max_used=5708Kb free=114291Kb
 bounds [0x0000029c61980000, 0x0000029c61f20000, 0x0000029c68eb0000]
CodeHeap 'profiled nmethods': size=120000Kb used=20553Kb max_used=21851Kb free=99446Kb
 bounds [0x0000029c5a450000, 0x0000029c5b9d0000, 0x0000029c61980000]
CodeHeap 'non-nmethods': size=5760Kb used=2404Kb max_used=2443Kb free=3355Kb
 bounds [0x0000029c59eb0000, 0x0000029c5a120000, 0x0000029c5a450000]
 total_blobs=10626 nmethods=9731 adapters=807
 compilation: enabled
              stopped_count=0, restarted_count=0
 full_count=0

Compilation events (20 events):
Event: 216.234 Thread 0x0000029c706d0800 11249       3       com.android.tools.r8.dex.n::a (83 bytes)
Event: 216.234 Thread 0x0000029c706d0800 nmethod 11249 0x0000029c5a91ba90 code [0x0000029c5a91bc80, 0x0000029c5a91c338]
Event: 216.234 Thread 0x0000029c706d0800 11226       1       com.android.tools.r8.q.a.b.l.f::getKey (5 bytes)
Event: 216.235 Thread 0x0000029c706d0800 nmethod 11226 0x0000029c61f0fe10 code [0x0000029c61f0ffa0, 0x0000029c61f10078]
Event: 216.235 Thread 0x0000029c706d0800 11227       1       com.android.tools.r8.q.a.b.l.f::getValue (5 bytes)
Event: 216.235 Thread 0x0000029c706d0800 nmethod 11227 0x0000029c61f10110 code [0x0000029c61f102a0, 0x0000029c61f10378]
Event: 216.241 Thread 0x0000029c706cf000 11251       4       sun.nio.fs.WindowsFileAttributes::<init> (57 bytes)
Event: 216.242 Thread 0x0000029c706cf000 nmethod 11251 0x0000029c61f10410 code [0x0000029c61f10580, 0x0000029c61f10638]
Event: 216.254 Thread 0x0000029c706cf000 11252       4       org.gradle.api.internal.artifacts.transform.TransformationStep$$Lambda$660/0x00000008014d4040::apply (12 bytes)
Event: 216.256 Thread 0x0000029c706cf000 nmethod 11252 0x0000029c61f10710 code [0x0000029c61f108c0, 0x0000029c61f10a58]
Event: 216.260 Thread 0x0000029c706d0800 11253   !   3       com.google.common.collect.AbstractSequentialIterator::next (49 bytes)
Event: 216.261 Thread 0x0000029c706d0800 nmethod 11253 0x0000029c5ab89110 code [0x0000029c5ab89300, 0x0000029c5ab89888]
Event: 216.265 Thread 0x0000029c706cf000 11254       4       org.gradle.internal.fingerprint.classpath.impl.ClasspathFingerprintingStrategy$ClasspathContentFingerprintingVisitor::preVisitDirectory (17 bytes)
Event: 216.273 Thread 0x0000029c706cf000 nmethod 11254 0x0000029c61f10b90 code [0x0000029c61f10d80, 0x0000029c61f113a8]
Event: 216.273 Thread 0x0000029c706cf000 11255       4       org.gradle.internal.fingerprint.classpath.impl.ClasspathFingerprintingStrategy$ClasspathContentFingerprintingVisitor::postVisitDirectory (16 bytes)
Event: 216.282 Thread 0x0000029c706cf000 nmethod 11255 0x0000029c61f11610 code [0x0000029c61f11820, 0x0000029c61f12018]
Event: 216.282 Thread 0x0000029c706cf000 11257       4       org.gradle.internal.remote.internal.inet.SocketConnection$SocketOutputStream::write (78 bytes)
Event: 216.283 Thread 0x0000029c706d0800 11258       3       com.android.tools.r8.dex.n::m (2044 bytes)
Event: 216.289 Thread 0x0000029c706cf000 nmethod 11257 0x0000029c61f12290 code [0x0000029c61f12500, 0x0000029c61f12c18]
Event: 216.289 Thread 0x0000029c706cf000 11259       4       java.io.ByteArrayOutputStream::ensureCapacity (32 bytes)

GC Heap History (20 events):
Event: 205.673 GC heap before
{Heap before GC invocations=43 (full 0):
 garbage-first heap   total 141312K, used 79772K [0x0000000080000000, 0x0000000100000000)
  region size 1024K, 15 young (15360K), 6 survivors (6144K)
 Metaspace       used 70016K, capacity 71762K, committed 71932K, reserved 1112064K
  class space    used 9393K, capacity 10034K, committed 10112K, reserved 1048576K
}
Event: 205.680 GC heap after
{Heap after GC invocations=44 (full 0):
 garbage-first heap   total 141312K, used 71912K [0x0000000080000000, 0x0000000100000000)
  region size 1024K, 1 young (1024K), 1 survivors (1024K)
 Metaspace       used 70016K, capacity 71762K, committed 71932K, reserved 1112064K
  class space    used 9393K, capacity 10034K, committed 10112K, reserved 1048576K
}
Event: 206.648 GC heap before
{Heap before GC invocations=45 (full 0):
 garbage-first heap   total 141312K, used 115944K [0x0000000080000000, 0x0000000100000000)
  region size 1024K, 44 young (45056K), 1 survivors (1024K)
 Metaspace       used 70172K, capacity 71993K, committed 72188K, reserved 1112064K
  class space    used 9401K, capacity 10039K, committed 10112K, reserved 1048576K
}
Event: 206.659 GC heap after
{Heap after GC invocations=46 (full 0):
 garbage-first heap   total 141312K, used 74587K [0x0000000080000000, 0x0000000100000000)
  region size 1024K, 4 young (4096K), 4 survivors (4096K)
 Metaspace       used 70172K, capacity 71993K, committed 72188K, reserved 1112064K
  class space    used 9401K, capacity 10039K, committed 10112K, reserved 1048576K
}
Event: 208.500 GC heap before
{Heap before GC invocations=46 (full 0):
 garbage-first heap   total 141312K, used 115547K [0x0000000080000000, 0x0000000100000000)
  region size 1024K, 45 young (46080K), 4 survivors (4096K)
 Metaspace       used 72182K, capacity 74079K, committed 74236K, reserved 1114112K
  class space    used 9641K, capacity 10337K, committed 10368K, reserved 1048576K
}
Event: 208.507 GC heap after
{Heap after GC invocations=47 (full 0):
 garbage-first heap   total 141312K, used 75384K [0x0000000080000000, 0x0000000100000000)
  region size 1024K, 4 young (4096K), 4 survivors (4096K)
 Metaspace       used 72182K, capacity 74079K, committed 74236K, reserved 1114112K
  class space    used 9641K, capacity 10337K, committed 10368K, reserved 1048576K
}
Event: 210.714 GC heap before
{Heap before GC invocations=48 (full 0):
 garbage-first heap   total 141312K, used 116344K [0x0000000080000000, 0x0000000100000000)
  region size 1024K, 45 young (46080K), 4 survivors (4096K)
 Metaspace       used 74964K, capacity 76806K, committed 77180K, reserved 1116160K
  class space    used 9996K, capacity 10667K, committed 10752K, reserved 1048576K
}
Event: 210.734 GC heap after
{Heap after GC invocations=49 (full 0):
 garbage-first heap   total 141312K, used 77943K [0x0000000080000000, 0x0000000100000000)
  region size 1024K, 4 young (4096K), 4 survivors (4096K)
 Metaspace       used 74964K, capacity 76806K, committed 77180K, reserved 1116160K
  class space    used 9996K, capacity 10667K, committed 10752K, reserved 1048576K
}
Event: 211.848 GC heap before
{Heap before GC invocations=49 (full 0):
 garbage-first heap   total 141312K, used 117879K [0x0000000080000000, 0x0000000100000000)
  region size 1024K, 44 young (45056K), 4 survivors (4096K)
 Metaspace       used 75087K, capacity 76951K, committed 77180K, reserved 1116160K
  class space    used 10016K, capacity 10673K, committed 10752K, reserved 1048576K
}
Event: 211.858 GC heap after
{Heap after GC invocations=50 (full 0):
 garbage-first heap   total 141312K, used 80357K [0x0000000080000000, 0x0000000100000000)
  region size 1024K, 5 young (5120K), 5 survivors (5120K)
 Metaspace       used 75087K, capacity 76951K, committed 77180K, reserved 1116160K
  class space    used 10016K, capacity 10673K, committed 10752K, reserved 1048576K
}
Event: 213.143 GC heap before
{Heap before GC invocations=51 (full 0):
 garbage-first heap   total 145408K, used 117221K [0x0000000080000000, 0x0000000100000000)
  region size 1024K, 42 young (43008K), 5 survivors (5120K)
 Metaspace       used 75373K, capacity 77257K, committed 77564K, reserved 1116160K
  class space    used 10054K, capacity 10748K, committed 10880K, reserved 1048576K
}
Event: 213.154 GC heap after
{Heap after GC invocations=52 (full 0):
 garbage-first heap   total 145408K, used 82701K [0x0000000080000000, 0x0000000100000000)
  region size 1024K, 5 young (5120K), 5 survivors (5120K)
 Metaspace       used 75373K, capacity 77257K, committed 77564K, reserved 1116160K
  class space    used 10054K, capacity 10748K, committed 10880K, reserved 1048576K
}
Event: 213.581 GC heap before
{Heap before GC invocations=52 (full 0):
 garbage-first heap   total 145408K, used 93965K [0x0000000080000000, 0x0000000100000000)
  region size 1024K, 18 young (18432K), 5 survivors (5120K)
 Metaspace       used 75907K, capacity 77784K, committed 78076K, reserved 1116160K
  class space    used 10138K, capacity 10817K, committed 10880K, reserved 1048576K
}
Event: 213.589 GC heap after
{Heap after GC invocations=53 (full 0):
 garbage-first heap   total 145408K, used 84658K [0x0000000080000000, 0x0000000100000000)
  region size 1024K, 5 young (5120K), 5 survivors (5120K)
 Metaspace       used 75907K, capacity 77784K, committed 78076K, reserved 1116160K
  class space    used 10138K, capacity 10817K, committed 10880K, reserved 1048576K
}
Event: 214.084 GC heap before
{Heap before GC invocations=54 (full 0):
 garbage-first heap   total 163840K, used 115378K [0x0000000080000000, 0x0000000100000000)
  region size 1024K, 26 young (26624K), 5 survivors (5120K)
 Metaspace       used 75932K, capacity 77793K, committed 78076K, reserved 1116160K
  class space    used 10142K, capacity 10820K, committed 10880K, reserved 1048576K
}
Event: 214.093 GC heap after
{Heap after GC invocations=55 (full 0):
 garbage-first heap   total 163840K, used 100420K [0x0000000080000000, 0x0000000100000000)
  region size 1024K, 5 young (5120K), 5 survivors (5120K)
 Metaspace       used 75932K, capacity 77793K, committed 78076K, reserved 1116160K
  class space    used 10142K, capacity 10820K, committed 10880K, reserved 1048576K
}
Event: 216.036 GC heap before
{Heap before GC invocations=56 (full 0):
 garbage-first heap   total 176128K, used 133188K [0x0000000080000000, 0x0000000100000000)
  region size 1024K, 37 young (37888K), 5 survivors (5120K)
 Metaspace       used 77456K, capacity 79375K, committed 79612K, reserved 1118208K
  class space    used 10359K, capacity 11046K, committed 11136K, reserved 1048576K
}
Event: 216.045 GC heap after
{Heap after GC invocations=57 (full 0):
 garbage-first heap   total 176128K, used 104934K [0x0000000080000000, 0x0000000100000000)
  region size 1024K, 4 young (4096K), 4 survivors (4096K)
 Metaspace       used 77456K, capacity 79375K, committed 79612K, reserved 1118208K
  class space    used 10359K, capacity 11046K, committed 11136K, reserved 1048576K
}
Event: 216.048 GC heap before
{Heap before GC invocations=57 (full 0):
 garbage-first heap   total 176128K, used 106982K [0x0000000080000000, 0x0000000100000000)
  region size 1024K, 8 young (8192K), 4 survivors (4096K)
 Metaspace       used 77458K, capacity 79375K, committed 79612K, reserved 1118208K
  class space    used 10359K, capacity 11046K, committed 11136K, reserved 1048576K
}
Event: 216.053 GC heap after
{Heap after GC invocations=58 (full 0):
 garbage-first heap   total 176128K, used 107033K [0x0000000080000000, 0x0000000100000000)
  region size 1024K, 2 young (2048K), 2 survivors (2048K)
 Metaspace       used 77458K, capacity 79375K, committed 79612K, reserved 1118208K
  class space    used 10359K, capacity 11046K, committed 11136K, reserved 1048576K
}

Deoptimization events (20 events):
Event: 216.109 Thread 0x0000029c75377800 DEOPT PACKING pc=0x0000029c5aae4c2d sp=0x000000c3d5bfd5e0
Event: 216.109 Thread 0x0000029c75377800 DEOPT UNPACKING pc=0x0000029c59ef964e sp=0x000000c3d5bfcac8 mode 0
Event: 216.111 Thread 0x0000029c75377800 DEOPT PACKING pc=0x0000029c5aae4c2d sp=0x000000c3d5bfd5e0
Event: 216.111 Thread 0x0000029c75377800 DEOPT UNPACKING pc=0x0000029c59ef964e sp=0x000000c3d5bfcac8 mode 0
Event: 216.212 Thread 0x0000029c75377800 Uncommon trap: trap_request=0xffffff45 fr.pc=0x0000029c61dd7f2c relative=0x000000000000150c
Event: 216.212 Thread 0x0000029c75377800 Uncommon trap: reason=unstable_if action=reinterpret pc=0x0000029c61dd7f2c method=java.util.concurrent.ConcurrentHashMap.putVal(Ljava/lang/Object;Ljava/lang/Object;Z)Ljava/lang/Object; @ 162 c2
Event: 216.212 Thread 0x0000029c75377800 DEOPT PACKING pc=0x0000029c61dd7f2c sp=0x000000c3d5bfd460
Event: 216.212 Thread 0x0000029c75377800 DEOPT UNPACKING pc=0x0000029c59ef912f sp=0x000000c3d5bfd408 mode 2
Event: 216.283 Thread 0x0000029c75377800 DEOPT PACKING pc=0x0000029c5b9bbdc4 sp=0x000000c3d5bfd440
Event: 216.283 Thread 0x0000029c75377800 DEOPT UNPACKING pc=0x0000029c59ef964e sp=0x000000c3d5bfcb30 mode 0
Event: 216.286 Thread 0x0000029c75377800 DEOPT PACKING pc=0x0000029c5b9bbdc4 sp=0x000000c3d5bfd440
Event: 216.286 Thread 0x0000029c75377800 DEOPT UNPACKING pc=0x0000029c59ef964e sp=0x000000c3d5bfcb30 mode 0
Event: 216.286 Thread 0x0000029c75377800 DEOPT PACKING pc=0x0000029c5b9bbdc4 sp=0x000000c3d5bfd440
Event: 216.286 Thread 0x0000029c75377800 DEOPT UNPACKING pc=0x0000029c59ef964e sp=0x000000c3d5bfcb30 mode 0
Event: 216.289 Thread 0x0000029c75377800 DEOPT PACKING pc=0x0000029c5b9bbdc4 sp=0x000000c3d5bfd440
Event: 216.289 Thread 0x0000029c75377800 DEOPT UNPACKING pc=0x0000029c59ef964e sp=0x000000c3d5bfcb30 mode 0
Event: 216.290 Thread 0x0000029c75377800 DEOPT PACKING pc=0x0000029c5b9bbdc4 sp=0x000000c3d5bfd440
Event: 216.290 Thread 0x0000029c75377800 DEOPT UNPACKING pc=0x0000029c59ef964e sp=0x000000c3d5bfcb30 mode 0
Event: 216.291 Thread 0x0000029c75377800 DEOPT PACKING pc=0x0000029c5b9bbdc4 sp=0x000000c3d5bfd440
Event: 216.291 Thread 0x0000029c75377800 DEOPT UNPACKING pc=0x0000029c59ef964e sp=0x000000c3d5bfcb30 mode 0

Classes unloaded (20 events):
Event: 208.700 Thread 0x0000029c706ae000 Unloading class 0x00000008014e2c40 'org/gradle/api/internal/artifacts/transform/TransformingAsyncArtifactListener$$Lambda$683'
Event: 208.700 Thread 0x0000029c706ae000 Unloading class 0x00000008014e2440 'org/gradle/api/internal/artifacts/transform/TransformingAsyncArtifactListener$$Lambda$681'
Event: 208.700 Thread 0x0000029c706ae000 Unloading class 0x00000008014e2040 'org/gradle/api/internal/artifacts/transform/TransformingAsyncArtifactListener$$Lambda$680'
Event: 208.700 Thread 0x0000029c706ae000 Unloading class 0x00000008014e1840 'org/gradle/api/internal/artifacts/transform/CacheableInvocation$$Lambda$678'
Event: 208.700 Thread 0x0000029c706ae000 Unloading class 0x00000008014e1440 'java/lang/invoke/LambdaForm$DMH'
Event: 208.700 Thread 0x0000029c706ae000 Unloading class 0x00000008014e1040 'org/gradle/api/internal/artifacts/transform/CacheableInvocation$$Lambda$677'
Event: 208.700 Thread 0x0000029c706ae000 Unloading class 0x00000008014e0840 'org/gradle/api/internal/artifacts/transform/CacheableInvocation$$Lambda$675'
Event: 208.700 Thread 0x0000029c706ae000 Unloading class 0x00000008014e0040 'org/gradle/api/internal/artifacts/transform/CacheableInvocation$$Lambda$672'
Event: 208.700 Thread 0x0000029c706ae000 Unloading class 0x00000008014d1440 'org/gradle/api/internal/artifacts/transform/CacheableInvocation$$Lambda$673'
Event: 208.700 Thread 0x0000029c706ae000 Unloading class 0x00000008014d1040 'java/lang/invoke/LambdaForm$DMH'
Event: 208.700 Thread 0x0000029c706ae000 Unloading class 0x00000008014d1840 'org/gradle/api/internal/artifacts/transform/CacheableInvocation$$Lambda$671'
Event: 208.700 Thread 0x0000029c706ae000 Unloading class 0x00000008014d2440 'org/gradle/api/internal/artifacts/transform/CacheableInvocation$$Lambda$670'
Event: 208.700 Thread 0x0000029c706ae000 Unloading class 0x00000008014d2040 'org/gradle/api/internal/artifacts/transform/TransformationChain$$Lambda$669'
Event: 208.700 Thread 0x0000029c706ae000 Unloading class 0x00000008014d2840 'org/gradle/api/internal/artifacts/transform/CacheableInvocation$1$$Lambda$667'
Event: 208.700 Thread 0x0000029c706ae000 Unloading class 0x00000008014d3440 'org/gradle/api/internal/artifacts/transform/TransformationChain$$Lambda$665'
Event: 208.700 Thread 0x0000029c706ae000 Unloading class 0x00000008014d3840 'org/gradle/api/internal/artifacts/transform/TransformationStep$$Lambda$663'
Event: 208.700 Thread 0x0000029c706ae000 Unloading class 0x00000008014d4c40 'org/gradle/api/internal/artifacts/transform/TransformationStep$$Lambda$661'
Event: 208.700 Thread 0x0000029c706ae000 Unloading class 0x00000008014d5440 'org/gradle/api/internal/artifacts/transform/TransformationStep$$Lambda$659'
Event: 208.700 Thread 0x0000029c706ae000 Unloading class 0x00000008014d5040 'org/gradle/api/internal/artifacts/transform/TransformationStep$$Lambda$657'
Event: 208.700 Thread 0x0000029c706ae000 Unloading class 0x00000008014d5c40 'org/gradle/api/internal/artifacts/transform/TransformationStep$$Lambda$656'

Classes redefined (0 events):
No events

Internal exceptions (20 events):
Event: 201.853 Thread 0x0000029c73f12800 Implicit null exception at 0x0000029c61d82a9d to 0x0000029c61d83594
Event: 203.724 Thread 0x0000029c73f1e000 Implicit null exception at 0x0000029c61db3842 to 0x0000029c61db3df0
Event: 206.558 Thread 0x0000029c73f12800 Exception <a 'java/lang/NoSuchMethodError'{0x0000000086bc1fa8}: static Lcom/android/build/api/variant/impl/VariantOutputConfigurationImpl;.<clinit>()V> (0x0000000086bc1fa8) 
thrown [./open/src/hotspot/share/prims/jni.cpp, line 1348]
Event: 207.110 Thread 0x0000029c73f12800 Exception <a 'java/lang/NoSuchMethodError'{0x0000000087fd8d00}: 'void java.lang.invoke.DirectMethodHandle$Holder.invokeVirtual(java.lang.Object, java.lang.Object)'> (0x0000000087fd8d00) 
thrown [./open/src/hotspot/share/interpreter/linkResolver.cpp, line 766]
Event: 208.156 Thread 0x0000029c73f12800 Implicit null exception at 0x0000029c61b53e2c to 0x0000029c61b53e78
Event: 208.369 Thread 0x0000029c73f19000 Exception <a 'java/lang/NoSuchMethodError'{0x000000008653a048}: static [Ljava/lang/Object;.<clinit>()V> (0x000000008653a048) 
thrown [./open/src/hotspot/share/prims/jni.cpp, line 1348]
Event: 211.187 Thread 0x0000029c72bd6000 Exception <a 'java/lang/NoSuchMethodError'{0x0000000087e3ecf0}: 'void java.lang.invoke.DirectMethodHandle$Holder.invokeStatic(java.lang.Object, java.lang.Object, java.lang.Object, java.lang.Object, int, java.lang.Object)'> (0x0000000087e3ecf0) 
thrown [./open/src/hotspot/share/interpreter/linkResolver.cpp, line 766]
Event: 212.974 Thread 0x0000029c72bd6000 Exception <a 'java/lang/NoSuchMethodError'{0x0000000086f9b638}: static Lcom/android/build/gradle/internal/tasks/Workers$ActionParameters;.<clinit>()V> (0x0000000086f9b638) 
thrown [./open/src/hotspot/share/prims/jni.cpp, line 1348]
Event: 212.975 Thread 0x0000029c72bd6000 Exception <a 'java/lang/NoSuchMethodError'{0x0000000086fad8f0}: static Lcom/android/build/gradle/internal/tasks/DexMergingParams;.<clinit>()V> (0x0000000086fad8f0) 
thrown [./open/src/hotspot/share/prims/jni.cpp, line 1348]
Event: 214.097 Thread 0x0000029c72bd6800 Exception <a 'java/lang/NoSuchMethodError'{0x0000000089f366e8}: 'int java.lang.invoke.DirectMethodHandle$Holder.invokeSpecial(java.lang.Object, java.lang.Object, java.lang.Object, java.lang.Object, java.lang.Object)'> (0x0000000089f366e8) 
thrown [./open/src/hotspot/share/interpreter/linkResolver.cpp, line 766]
Event: 214.650 Thread 0x0000029c73f12800 Exception <a 'java/lang/NoSuchMethodError'{0x000000008ab7eb10}: static Lcom/android/build/gradle/internal/scope/InternalArtifactType;.<clinit>()V> (0x000000008ab7eb10) 
thrown [./open/src/hotspot/share/prims/jni.cpp, line 1348]
Event: 214.665 Thread 0x0000029c73f12800 Exception <a 'java/lang/NoSuchMethodError'{0x000000008ab80a70}: static Lcom/android/build/gradle/internal/scope/InternalArtifactType;.<clinit>()V> (0x000000008ab80a70) 
thrown [./open/src/hotspot/share/prims/jni.cpp, line 1348]
Event: 214.693 Thread 0x0000029c73f12800 Exception <a 'java/lang/NoSuchMethodError'{0x000000008ab83f18}: static Lcom/android/build/api/artifact/Artifact$SingleArtifact;.<clinit>()V> (0x000000008ab83f18) 
thrown [./open/src/hotspot/share/prims/jni.cpp, line 1348]
Event: 214.714 Thread 0x0000029c73f12800 Exception <a 'java/lang/NoSuchMethodError'{0x000000008ab86860}: static Ljava/lang/Object;.<clinit>()V> (0x000000008ab86860) 
thrown [./open/src/hotspot/share/prims/jni.cpp, line 1348]
Event: 214.766 Thread 0x0000029c73f12800 Exception <a 'java/lang/NoSuchMethodError'{0x000000008aba4c20}: static Lcom/android/build/api/artifact/ArtifactKind;.<clinit>()V> (0x000000008aba4c20) 
thrown [./open/src/hotspot/share/prims/jni.cpp, line 1348]
Event: 214.766 Thread 0x0000029c73f12800 Exception <a 'java/lang/NoSuchMethodError'{0x000000008aba66a8}: static Lcom/android/build/api/artifact/ArtifactKind;.<clinit>()V> (0x000000008aba66a8) 
thrown [./open/src/hotspot/share/prims/jni.cpp, line 1348]
Event: 215.586 Thread 0x0000029c75377800 Exception <a 'sun/nio/fs/WindowsException'{0x000000008aa9fe28}> (0x000000008aa9fe28) 
thrown [./open/src/hotspot/share/prims/jni.cpp, line 599]
Event: 215.847 Thread 0x0000029c75377800 Exception <a 'java/lang/NoSuchMethodError'{0x00000000895c8ba0}: 'int java.lang.invoke.DirectMethodHandle$Holder.invokeVirtual(java.lang.Object, java.lang.Object, java.lang.Object)'> (0x00000000895c8ba0) 
thrown [./open/src/hotspot/share/interpreter/linkResolver.cpp, line 766]
Event: 215.974 Thread 0x0000029c75377800 Exception <a 'java/lang/NoSuchMethodError'{0x0000000088976438}: 'java.lang.Object java.lang.invoke.DirectMethodHandle$Holder.invokeStatic(java.lang.Object, java.lang.Object, java.lang.Object, java.lang.Object, java.lang.Object, java.lang.Object, java.lang.Object, java.lang.Object, java.lang.Object, java.lang.Object, java.lang.Object, java.lang.Object, java.lang.Object, java.lang.Object, java.lang.Object, java.lang.Object, java.lang.Object, int, java.lang.Object)'> (0x0000000088976438) 
thrown [./open/src/h
Event: 215.975 Thread 0x0000029c75377800 Exception <a 'java/lang/NoSuchMethodError'{0x000000008897ae50}: 'java.lang.Object java.lang.invoke.DirectMethodHandle$Holder.invokeStaticInit(java.lang.Object, java.lang.Object, java.lang.Object, java.lang.Object, java.lang.Object, java.lang.Object, java.lang.Object, java.lang.Object, java.lang.Object, java.lang.Object, java.lang.Object, java.lang.Object, java.lang.Object, java.lang.Object, java.lang.Object, java.lang.Object, java.lang.Object, int, java.lang.Object)'> (0x000000008897ae50) 
thrown [./open/s

Events (20 events):
Event: 214.361 Executing VM operation: G1Concurrent done
Event: 214.495 Executing VM operation: G1Concurrent
Event: 214.496 Executing VM operation: G1Concurrent done
Event: 215.620 Executing VM operation: HandshakeAllThreads
Event: 215.621 Executing VM operation: HandshakeAllThreads done
Event: 215.746 loading class java/io/UTFDataFormatException
Event: 215.747 loading class java/io/UTFDataFormatException done
Event: 215.761 loading class java/lang/StrictMath
Event: 215.762 loading class java/lang/StrictMath done
Event: 215.865 loading class java/util/stream/Streams$RangeIntSpliterator
Event: 215.865 loading class java/util/stream/Streams$RangeIntSpliterator done
Event: 215.890 Executing VM operation: HandshakeOneThread
Event: 215.891 Executing VM operation: HandshakeOneThread done
Event: 215.977 loading class java/nio/BufferUnderflowException
Event: 215.978 loading class java/nio/BufferUnderflowException done
Event: 216.036 Executing VM operation: G1CollectForAllocation
Event: 216.045 Executing VM operation: G1CollectForAllocation done
Event: 216.047 Executing VM operation: G1TryInitiateConcMark
Event: 216.054 Executing VM operation: G1TryInitiateConcMark done
Event: 216.291 Executing VM operation: G1Concurrent


Dynamic libraries:
0x00007ff7a8370000 - 0x00007ff7a837f000 	C:\Program Files\Java\jdk-14.0.2\bin\java.exe
0x00007ff941ab0000 - 0x00007ff941ca5000 	C:\Windows\SYSTEM32\ntdll.dll
0x00007ff9400a0000 - 0x00007ff94015d000 	C:\Windows\System32\KERNEL32.DLL
0x00007ff93f690000 - 0x00007ff93f958000 	C:\Windows\System32\KERNELBASE.dll
0x00007ff93f220000 - 0x00007ff93f320000 	C:\Windows\System32\ucrtbase.dll
0x00007ff929190000 - 0x00007ff9291a5000 	C:\Program Files\Java\jdk-14.0.2\bin\VCRUNTIME140.dll
0x00007ff929170000 - 0x00007ff929188000 	C:\Program Files\Java\jdk-14.0.2\bin\jli.dll
0x00007ff941810000 - 0x00007ff9418bc000 	C:\Windows\System32\ADVAPI32.dll
0x00007ff93fb10000 - 0x00007ff93fbae000 	C:\Windows\System32\msvcrt.dll
0x00007ff940900000 - 0x00007ff94099b000 	C:\Windows\System32\sechost.dll
0x00007ff9416e0000 - 0x00007ff94180b000 	C:\Windows\System32\RPCRT4.dll
0x00007ff9414e0000 - 0x00007ff941680000 	C:\Windows\System32\USER32.dll
0x00007ff93f660000 - 0x00007ff93f682000 	C:\Windows\System32\win32u.dll
0x00007ff93e610000 - 0x00007ff93e8aa000 	C:\Windows\WinSxS\amd64_microsoft.windows.common-controls_6595b64144ccf1df_6.0.19041.844_none_ca00b6081b84eb1d\COMCTL32.dll
0x00007ff941290000 - 0x00007ff9412ba000 	C:\Windows\System32\GDI32.dll
0x00007ff93f960000 - 0x00007ff93fa6b000 	C:\Windows\System32\gdi32full.dll
0x00007ff93fa70000 - 0x00007ff93fb0d000 	C:\Windows\System32\msvcp_win.dll
0x00007ff93ccc0000 - 0x00007ff93ccca000 	C:\Windows\SYSTEM32\VERSION.dll
0x00007ff9409a0000 - 0x00007ff9409d0000 	C:\Windows\System32\IMM32.DLL
0x00007ff8fefb0000 - 0x00007ff8ff04b000 	C:\Program Files\Java\jdk-14.0.2\bin\msvcp140.dll
0x00007ff89a8f0000 - 0x00007ff89b40e000 	C:\Program Files\Java\jdk-14.0.2\bin\server\jvm.dll
0x00007ff9408f0000 - 0x00007ff9408f8000 	C:\Windows\System32\PSAPI.DLL
0x00007ff9246a0000 - 0x00007ff9246a9000 	C:\Windows\SYSTEM32\WSOCK32.dll
0x00007ff941220000 - 0x00007ff94128b000 	C:\Windows\System32\WS2_32.dll
0x00007ff92a360000 - 0x00007ff92a387000 	C:\Windows\SYSTEM32\WINMM.dll
0x00007ff93d470000 - 0x00007ff93d482000 	C:\Windows\SYSTEM32\kernel.appcore.dll
0x00007ff929160000 - 0x00007ff92916a000 	C:\Program Files\Java\jdk-14.0.2\bin\jimage.dll
0x00007ff93ec70000 - 0x00007ff93ee54000 	C:\Windows\SYSTEM32\DBGHELP.DLL
0x00007ff93eb70000 - 0x00007ff93eb9c000 	C:\Windows\SYSTEM32\dbgcore.DLL
0x00007ff93f590000 - 0x00007ff93f610000 	C:\Windows\System32\bcryptPrimitives.dll
0x00007ff928a00000 - 0x00007ff928a25000 	C:\Program Files\Java\jdk-14.0.2\bin\java.dll
0x00007ff928990000 - 0x00007ff9289a6000 	C:\Program Files\Java\jdk-14.0.2\bin\zip.dll
0x00007ff940ad0000 - 0x00007ff941212000 	C:\Windows\System32\SHELL32.dll
0x00007ff93c440000 - 0x00007ff93cbd1000 	C:\Windows\SYSTEM32\windows.storage.dll
0x00007ff93fd40000 - 0x00007ff940095000 	C:\Windows\System32\combase.dll
0x00007ff93e570000 - 0x00007ff93e59c000 	C:\Windows\SYSTEM32\Wldp.dll
0x00007ff940700000 - 0x00007ff9407ae000 	C:\Windows\System32\SHCORE.dll
0x00007ff940a70000 - 0x00007ff940ac5000 	C:\Windows\System32\shlwapi.dll
0x00007ff93f130000 - 0x00007ff93f14f000 	C:\Windows\SYSTEM32\profapi.dll
0x00007ff928110000 - 0x00007ff928129000 	C:\Program Files\Java\jdk-14.0.2\bin\net.dll
0x00007ff92b080000 - 0x00007ff92b18b000 	C:\Windows\SYSTEM32\WINHTTP.dll
0x00007ff93e2d0000 - 0x00007ff93e33a000 	C:\Windows\system32\mswsock.dll
0x00007ff9280f0000 - 0x00007ff928102000 	C:\Program Files\Java\jdk-14.0.2\bin\nio.dll
0x00007ff929150000 - 0x00007ff929160000 	C:\Program Files\Java\jdk-14.0.2\bin\verify.dll
0x00007ff938460000 - 0x00007ff938487000 	C:\Users\ngoch\.gradle\native\f6784746aeab05261644944871eae4fe03e0ef1612fff0a4a95f87b438bc6780\windows-amd64\native-platform.dll
0x00007ff928bf0000 - 0x00007ff928bf9000 	C:\Program Files\Java\jdk-14.0.2\bin\management.dll
0x00007ff925ee0000 - 0x00007ff925eeb000 	C:\Program Files\Java\jdk-14.0.2\bin\management_ext.dll
0x00007ff93ef80000 - 0x00007ff93ef98000 	C:\Windows\SYSTEM32\CRYPTSP.dll
0x00007ff93dca0000 - 0x00007ff93dcd4000 	C:\Windows\system32\rsaenh.dll
0x00007ff93f1f0000 - 0x00007ff93f217000 	C:\Windows\System32\bcrypt.dll
0x00007ff93f0f0000 - 0x00007ff93f11e000 	C:\Windows\SYSTEM32\USERENV.dll
0x00007ff93e560000 - 0x00007ff93e56c000 	C:\Windows\SYSTEM32\CRYPTBASE.dll
0x00007ff93dfd0000 - 0x00007ff93e00b000 	C:\Windows\SYSTEM32\IPHLPAPI.DLL
0x00007ff9409d0000 - 0x00007ff9409d8000 	C:\Windows\System32\NSI.dll
0x00007ff92d550000 - 0x00007ff92d567000 	C:\Windows\SYSTEM32\dhcpcsvc6.DLL
0x00007ff933c40000 - 0x00007ff933c5d000 	C:\Windows\SYSTEM32\dhcpcsvc.DLL
0x00007ff93e010000 - 0x00007ff93e0dc000 	C:\Windows\SYSTEM32\DNSAPI.dll
0x00007ff934cb0000 - 0x00007ff934cbb000 	C:\Windows\SYSTEM32\WINNSI.DLL

dbghelp: loaded successfully - version: 4.0.5 - missing functions: none
symbol engine: initialized successfully - sym options: 0x614 - pdb path: .;C:\Program Files\Java\jdk-14.0.2\bin;C:\Windows\SYSTEM32;C:\Windows\WinSxS\amd64_microsoft.windows.common-controls_6595b64144ccf1df_6.0.19041.844_none_ca00b6081b84eb1d;C:\Program Files\Java\jdk-14.0.2\bin\server;C:\Users\ngoch\.gradle\native\f6784746aeab05261644944871eae4fe03e0ef1612fff0a4a95f87b438bc6780\windows-amd64

VM Arguments:
jvm_args: --add-opens=java.base/java.util=ALL-UNNAMED --add-opens=java.base/java.lang=ALL-UNNAMED --add-opens=java.base/java.lang.invoke=ALL-UNNAMED --add-opens=java.prefs/java.util.prefs=ALL-UNNAMED -Xmx2048m -Dfile.encoding=UTF-8 -Duser.country=US -Duser.language=en -Duser.variant 
java_command: org.gradle.launcher.daemon.bootstrap.GradleDaemon 6.5
java_class_path (initial): C:\Users\ngoch\.gradle\wrapper\dists\gradle-6.5-bin\6nifqtx7604sqp1q6g8wikw7p\gradle-6.5\lib\gradle-launcher-6.5.jar
Launcher Type: SUN_STANDARD

[Global flags]
     intx CICompilerCount                          = 3                                         {product} {ergonomic}
     uint ConcGCThreads                            = 1                                         {product} {ergonomic}
     uint G1ConcRefinementThreads                  = 4                                         {product} {ergonomic}
   size_t G1HeapRegionSize                         = 1048576                                   {product} {ergonomic}
    uintx GCDrainStackTargetSize                   = 64                                        {product} {ergonomic}
   size_t InitialHeapSize                          = 134217728                                 {product} {ergonomic}
   size_t MarkStackSize                            = 4194304                                   {product} {ergonomic}
   size_t MaxHeapSize                              = 2147483648                                {product} {command line}
   size_t MaxNewSize                               = 1287651328                                {product} {ergonomic}
   size_t MinHeapDeltaBytes                        = 1048576                                   {product} {ergonomic}
   size_t MinHeapSize                              = 8388608                                   {product} {ergonomic}
    uintx NonNMethodCodeHeapSize                   = 5832780                                {pd product} {ergonomic}
    uintx NonProfiledCodeHeapSize                  = 122912730                              {pd product} {ergonomic}
    uintx ProfiledCodeHeapSize                     = 122912730                              {pd product} {ergonomic}
    uintx ReservedCodeCacheSize                    = 251658240                              {pd product} {ergonomic}
     bool SegmentedCodeCache                       = true                                      {product} {ergonomic}
   size_t SoftMaxHeapSize                          = 2147483648                             {manageable} {ergonomic}
     bool UseCompressedClassPointers               = true                                 {lp64_product} {ergonomic}
     bool UseCompressedOops                        = true                                 {lp64_product} {ergonomic}
     bool UseG1GC                                  = true                                      {product} {ergonomic}
     bool UseLargePagesIndividualAllocation        = false                                  {pd product} {ergonomic}

Logging:
Log output configuration:
 #0: stdout all=warning uptime,level,tags
 #1: stderr all=off uptime,level,tags

Environment Variables:
PATH=C:\Program Files (x86)\Common Files\Oracle\Java\javapath;C:\Python39\Scripts\;C:\Python39\;C:\Windows\system32;C:\Windows;C:\Windows\System32\Wbem;C:\Windows\System32\WindowsPowerShell\v1.0\;C:\Windows\System32\OpenSSH\;C:\Program Files\Microsoft SQL Server\120\DTS\Binn\;C:\Program Files\Microsoft SQL Server\Client SDK\ODBC\110\Tools\Binn\;C:\Program Files (x86)\Microsoft SQL Server\120\Tools\Binn\;C:\Program Files\Microsoft SQL Server\120\Tools\Binn\;C:\Program Files (x86)\Microsoft SQL Server\120\Tools\Binn\ManagementStudio\;C:\Program Files (x86)\Microsoft SQL Server\120\DTS\Binn\;C:\Program Files\Microsoft SQL Server\130\Tools\Binn\;C:\Program Files\Microsoft SQL Server\Client SDK\ODBC\170\Tools\Binn\;C:\Program Files (x86)\Intel\Intel(R) Management Engine Components\DAL;C:\Program Files\Intel\Intel(R) Management Engine Components\DAL;C:\Program Files (x86)\NVIDIA Corporation\PhysX\Common;C:\Program Files\nodejs\;C:\ProgramData\chocolatey\bin;C:\Program Files\Git\cmd;C:\Program Files\Java\jdk-14.0.2\bin;C:\Users\ngoch\Android\SDK\platform-tools;C:\Users\ngoch\Android\SDK\tools;C:\Users\ngoch\Android\SDK\tools\bin;C:\Program Files\dotnet\;C:\Windows\system32\config\systemprofile\.dnx\bin;C:\Program Files\Microsoft DNX\Dnvm\;C:\Users\ngoch\AppData\Local\Microsoft\WindowsApps;C:\Users\ngoch\AppData\Roaming\npm;C:\Program Files\heroku\bin;C:\Users\ngoch\AppData\Local\Programs\Microsoft VS Code\bin;C:\Users\ngoch\.dotnet\tools;C:\Program Files\JetBrains\IntelliJ IDEA Community Edition 2020.3.3\bin;
USERNAME=ngoch
OS=Windows_NT
PROCESSOR_IDENTIFIER=Intel64 Family 6 Model 142 Stepping 9, GenuineIntel



---------------  S Y S T E M  ---------------

OS: Windows 10 , 64 bit Build 19041 (10.0.19041.928)
OS uptime: 0 days 5:01 hours

CPU:total 4 (initial active 4) (2 cores per cpu, 2 threads per core) family 6 model 142 stepping 9, cmov, cx8, fxsr, mmx, sse, sse2, sse3, ssse3, sse4.1, sse4.2, popcnt, avx, avx2, aes, clmul, erms, 3dnowpref, lzcnt, ht, tsc, tscinvbit, bmi1, bmi2, adx, fma

Memory: 4k page, system-wide physical 8090M (128M free)
TotalPageFile size 32666M (AvailPageFile size 86M)
current process WorkingSet (physical memory assigned to process): 359M, peak: 359M
current process commit charge ("private bytes"): 439M, peak: 522M

vm_info: Java HotSpot(TM) 64-Bit Server VM (14.0.2+12-46) for windows-amd64 JRE (14.0.2+12-46), built on Jul  9 2020 00:35:52 by "mach5one" with MS VC++ 15.9 (VS2017)

END.
